Parameter B0[D]{psi(3770)0{D0,Dbar0},K*(892)0{K+,pi-}}_Re 0 29.0623 15.7416 247.797 -4.53636 209.115 -4.27081 101.454 0 -2267.69 0 67.5657 -3.72776 14.8383 -8.92495 3.5279 0 112.899 0 0 0 60.0422 -17.0627 20.9487 0 -88.9114 0 13.3709 8.04934 294.766 -14.2135 453.248 -10.1619 -33.818 -38.763 47.35 0 191.408 0 56.2563 0 -22.1845 0 -17.9944 0 68.5657 0 489.462 0 -110.293 0 
Parameter B0[D]{psi(3770)0{D0,Dbar0},K*(892)0{K+,pi-}}_Im 0 -62.6488 9.35214 -4.53636 87.4626 -4.65523 6.7979 -0.741167 0 92.7846 0 -1.94174 33.8999 -0.0896832 -11.4694 0.290876 0 -2.73714 0 0 0 -1.55218 9.61531 -1.82091 0 -0.74438 0 -0.539028 2.11266 -7.87776 2.05154 -10.9219 7.91668 -1.45819 -35.0643 -17.5137 0 -4.1574 0 -0.0216076 0 1.02347 0 -0.154277 0 -1.73142 0 0.430278 0 -2.06692 0 
Parameter B0[D]{psi(4040)0{D0,Dbar0},K*(892)0{K+,pi-}}_Re 0 26.707 14.2168 209.115 -4.65523 202.116 9.74498 82.5361 0 -2078.83 0 62.3836 4.40495 13.4353 10.247 3.37539 0 102.459 0 0 0 53.5998 0.931535 17.4359 0 -79.0794 0 12.8957 8.82216 268.304 4.20897 412.571 5.05028 -29.2316 14.1247 44.088 0 186.832 0 55.9829 0 -16.4758 0 -16.9805 0 62.582 0 440.882 0 -88.5866 0 
Parameter B0[D]{psi(4040)0{D0,Dbar0},K*(892)0{K+,pi-}}_Im 0 -96.9804 7.46988 -4.27081 6.7979 9.74498 55.7992 -21.2933 0 -2.50044 0 -0.119151 6.29217 0.273842 -6.87214 0.51697 0 -0.767624 0 0 0 -11.1779 20.0445 -4.67065 0 0.883298 0 0.370549 -10.8053 -1.67741 8.90074 -1.85951 8.44092 -0.102582 -1.57617 -1.78856 0 2.7316 0 0.744036 0 0.452491 0 1.2356 0 0.12344 0 -1.05028 0 5.11357 0 
Parameter B0[D]{psi(4160)0{D0,Dbar0},K*(892)0{K+,pi-}}_Re 0 12.7464 8.63793 101.454 -0.741167 82.5361 -21.2933 74.6138 0 -1008.07 0 30.6808 -10.3628 6.82777 -14.1696 1.1218 0 51.2048 0 0 0 29.4881 -34.8163 12.9933 0 -40.4646 0 5.24569 14.389 132.772 -22.9307 202.94 -16.9144 -14.7192 -56.6256 23.3845 0 87.2173 0 25.2478 0 -12.4375 0 -9.48586 0 29.5582 0 216.755 0 -55.831 0 
Parameter B0[D]{psi(4160)0{D0,Dbar0},K*(892)0{K+,pi-}}_Im 3 0 0 0 0 0 0 0 0 0 0 0 0 0 0 0 0 0 0 0 0 0 0 0 0 0 0 0 0 0 0 0 0 0 0 0 0 0 0 0 0 0 0 0 0 0 0 0 0 0 0 
Parameter B0[D]{psi(4415)0{D0,Dbar0},K*(892)0{K+,pi-}}_Re 0 -291.407 151.203 -2267.69 92.7846 -2078.83 -2.50044 -1008.07 0 22862.5 0 -684.972 -15.3356 -144.118 34.6 -35.3954 0 -1124.69 0 0 0 -601.311 112.297 -211.631 0 864.534 0 -139.896 -53.8639 -2936.9 -8.3213 -4519.18 5.33634 314.397 74.7559 -496.439 0 -2047.23 0 -586.232 0 190.294 0 172.41 0 -687.431 0 -4828.17 0 984.104 0 
Parameter B0[D]{psi(4415)0{D0,Dbar0},K*(892)0{K+,pi-}}_Im 3 0 0 0 0 0 0 0 0 0 0 0 0 0 0 0 0 0 0 0 0 0 0 0 0 0 0 0 0 0 0 0 0 0 0 0 0 0 0 0 0 0 0 0 0 0 0 0 0 0 0 
Parameter B0[P]{psi(3770)0{D0,Dbar0},K*(892)0{K+,pi-}}_Re 0 8.75398 4.75785 67.5657 -1.94174 62.3836 -0.119151 30.6808 0 -684.972 0 22.6371 -1.4055 4.32743 -7.0736 1.21313 0 34.8509 0 0 0 18.2995 -5.07725 6.52471 0 -25.9556 0 4.20252 2.159 89.2084 -1.66926 136.877 -0.988239 -9.38745 -6.14278 14.7045 0 61.1806 0 17.629 0 -6.04609 0 -5.10693 0 20.7052 0 146.395 0 -31.1043 0 
Parameter B0[P]{psi(3770)0{D0,Dbar0},K*(892)0{K+,pi-}}_Im 0 46.5838 12.3471 -3.72776 33.8999 4.40495 6.29217 -10.3628 0 -15.3356 0 -1.4055 152.451 0.530775 -50.0248 2.07039 0 0.846399 0 0 0 0.822648 18.7224 -0.912471 0 6.04369 0 1.34304 -27.9616 -2.38061 36.5728 -0.55156 33.5372 -0.451599 116.617 -11.4406 0 17.8636 0 6.29339 0 6.00749 0 -1.30414 0 -0.38505 0 -2.73175 0 20.2362 0 
Parameter B0[P]{psi(4040)0{D0,Dbar0},K*(892)0{K+,pi-}}_Re 0 1.86495 1.2755 14.8383 -0.0896832 13.4353 0.273842 6.82777 0 -144.118 0 4.32743 0.530775 1.62691 1.08453 0.655115 0 7.70339 0 0 0 3.66412 -2.17431 1.28127 0 -5.74497 0 0.802161 0.577608 19.1739 -1.94799 29.2657 -1.14806 -1.97184 -7.75341 3.23215 0 12.8039 0 3.54027 0 -1.45969 0 -0.829202 0 4.41619 0 31.2499 0 -7.37631 0 
Parameter B0[P]{psi(4040)0{D0,Dbar0},K*(892)0{K+,pi-}}_Im 0 125.607 24.8702 -8.92495 -11.4694 10.247 -6.87214 -14.1696 0 34.6 0 -7.0736 -50.0248 1.08453 618.525 -1.67539 0 -17.2201 0 0 0 -3.06084 22.0844 -4.18836 0 -0.0473677 0 0.890294 43.3635 -11.5013 33.7585 -13.8948 21.9436 11.135 99.6108 0.628553 0 1.2427 0 3.47056 0 11.5601 0 2.2281 0 0.76594 0 -9.94676 0 17.9774 0 
Parameter B0[P]{psi(4160)0{D0,Dbar0},K*(892)0{K+,pi-}}_Re 0 0.4629 0.879891 3.5279 0.290876 3.37539 0.51697 1.1218 0 -35.3954 0 1.21313 2.07039 0.655115 -1.67539 0.774208 0 2.075 0 0 0 0.76086 0.285224 0.249217 0 -1.41832 0 0.198214 -1.0487 4.77457 -0.0580664 7.29659 0.305786 -0.474065 -1.41151 0.644299 0 3.38012 0 0.734175 0 -0.233209 0 0.0858258 0 1.07977 0 8.06226 0 -1.66708 0 
Parameter B0[P]{psi(4160)0{D0,Dbar0},K*(892)0{K+,pi-}}_Im 3 0 0 0 0 0 0 0 0 0 0 0 0 0 0 0 0 0 0 0 0 0 0 0 0 0 0 0 0 0 0 0 0 0 0 0 0 0 0 0 0 0 0 0 0 0 0 0 0 0 0 
Parameter B0[P]{psi(4415)0{D0,Dbar0},K*(892)0{K+,pi-}}_Re 0 14.4477 7.76931 112.899 -2.73714 102.459 -0.767624 51.2048 0 -1124.69 0 34.8509 0.846399 7.70339 -17.2201 2.075 0 60.3621 0 0 0 29.98 -10.9848 10.6996 0 -41.7545 0 6.74777 -2.43026 147.521 -4.68956 225.688 -2.38881 -15.8183 -9.067 24.7905 0 101.25 0 29.1293 0 -10.2811 0 -8.00183 0 33.5915 0 236.217 0 -50.2468 0 
Parameter B0[P]{psi(4415)0{D0,Dbar0},K*(892)0{K+,pi-}}_Im 3 0 0 0 0 0 0 0 0 0 0 0 0 0 0 0 0 0 0 0 0 0 0 0 0 0 0 0 0 0 0 0 0 0 0 0 0 0 0 0 0 0 0 0 0 0 0 0 0 0 0 
Parameter B0[S]{psi(3770)0{D0,Dbar0},K*(892)0{K+,pi-}}_Re 2 2.093 0 0 0 0 0 0 0 0 0 0 0 0 0 0 0 0 0 0 0 0 0 0 0 0 0 0 0 0 0 0 0 0 0 0 0 0 0 0 0 0 0 0 0 0 0 0 0 0 0 
Parameter B0[S]{psi(3770)0{D0,Dbar0},K*(892)0{K+,pi-}}_Im 2 0 0 0 0 0 0 0 0 0 0 0 0 0 0 0 0 0 0 0 0 0 0 0 0 0 0 0 0 0 0 0 0 0 0 0 0 0 0 0 0 0 0 0 0 0 0 0 0 0 0 
Parameter B0[S]{psi(4040)0{D0,Dbar0},K*(892)0{K+,pi-}}_Re 0 7.71018 4.99743 60.0422 -1.55218 53.5998 -11.1779 29.4881 0 -601.311 0 18.2995 0.822648 3.66412 -3.06084 0.76086 0 29.98 0 0 0 24.9743 -21.9248 9.74562 0 -21.4945 0 3.80511 5.44839 77.9471 0.567159 119.972 -0.20706 -8.70604 6.87373 13.2375 0 54.6658 0 16.7192 0 -5.18199 0 -4.97378 0 18.4259 0 127.306 0 -26.3432 0 
Parameter B0[S]{psi(4040)0{D0,Dbar0},K*(892)0{K+,pi-}}_Im 0 166.911 21.1102 -17.0627 9.61531 0.931535 20.0445 -34.8163 0 112.297 0 -5.07725 18.7224 -2.17431 22.0844 0.285224 0 -10.9848 0 0 0 -21.9248 445.64 -27.9666 0 -25.1705 0 0.408428 -48.6062 -21.007 32.0243 -29.1387 32.706 1.39818 -22.6554 -11.6565 0 -9.97306 0 -11.0044 0 3.86317 0 3.85983 0 -1.67391 0 0.428941 0 15.2503 0 
Parameter B0[S]{psi(4160)0{D0,Dbar0},K*(892)0{K+,pi-}}_Re 0 2.61509 3.06149 20.9487 -1.82091 17.4359 -4.67065 12.9933 0 -211.631 0 6.52471 -0.912471 1.28127 -4.18836 0.249217 0 10.6996 0 0 0 9.74562 -27.9666 9.37271 0 -5.57832 0 1.321 0.501498 27.5982 -1.08804 42.3564 -2.04487 -2.69886 0.829544 5.29731 0 19.7817 0 5.0753 0 -1.77922 0 -0.157372 0 6.99779 0 44.5361 0 -9.93857 0 
Parameter B0[S]{psi(4160)0{D0,Dbar0},K*(892)0{K+,pi-}}_Im 3 0 0 0 0 0 0 0 0 0 0 0 0 0 0 0 0 0 0 0 0 0 0 0 0 0 0 0 0 0 0 0 0 0 0 0 0 0 0 0 0 0 0 0 0 0 0 0 0 0 0 
Parameter B0[S]{psi(4415)0{D0,Dbar0},K*(892)0{K+,pi-}}_Re 0 -11.0191 7.98799 -88.9114 -0.74438 -79.0794 0.883298 -40.4646 0 864.534 0 -25.9556 6.04369 -5.74497 -0.0473677 -1.41832 0 -41.7545 0 0 0 -21.4945 -25.1705 -5.57832 0 63.808 0 -4.33233 10.3713 -113.292 14.8001 -174.021 6.2251 13.296 44.2265 -17.7334 0 -74.8953 0 -19.6195 0 9.34067 0 6.3583 0 -27.5608 0 -208.083 0 52.2387 0 
Parameter B0[S]{psi(4415)0{D0,Dbar0},K*(892)0{K+,pi-}}_Im 3 0 0 0 0 0 0 0 0 0 0 0 0 0 0 0 0 0 0 0 0 0 0 0 0 0 0 0 0 0 0 0 0 0 0 0 0 0 0 0 0 0 0 0 0 0 0 0 0 0 0 
Parameter B0{D(s2)(2573)+{D0,K+},Dbar0,pi-}_Re 0 1.80651 1.53307 13.3709 -0.539028 12.8957 0.370549 5.24569 0 -139.896 0 4.20252 1.34304 0.802161 0.890294 0.198214 0 6.74777 0 0 0 3.80511 0.408428 1.321 0 -4.33233 0 2.3503 -3.91458 17.4793 2.45945 27.1883 1.49568 -1.83971 3.39018 3.44272 0 13.4033 0 3.24375 0 -0.644889 0 -1.12165 0 4.36703 0 29.7817 0 -4.96706 0 
Parameter B0{D(s2)(2573)+{D0,K+},Dbar0,pi-}_Im 0 -13.2091 35.1374 8.04934 2.11266 8.82216 -10.8053 14.389 0 -53.8639 0 2.159 -27.9616 0.577608 43.3635 -1.0487 0 -2.43026 0 0 0 5.44839 -48.6062 0.501498 0 10.3713 0 -3.91458 1234.64 23.2645 -25.1461 7.05357 -23.5393 0.542027 -144.459 -0.220818 0 -11.0387 0 13.3595 0 -1.50977 0 -21.8455 0 3.93617 0 -32.2002 0 -3.16958 0 
Parameter B0{K(0)*(800)0{K+,pi-},NonResS0{D0,Dbar0}}_Re 0 37.6147 19.7676 294.766 -7.87776 268.304 -1.67741 132.772 0 -2936.9 0 89.2084 -2.38061 19.1739 -11.5013 4.77457 0 147.521 0 0 0 77.9471 -21.007 27.5982 0 -113.292 0 17.4793 23.2645 390.757 -13.5667 584.235 -4.93135 -40.6712 -34.9298 64.4908 0 263.414 0 75.9191 0 -26.5423 0 -21.8556 0 88.2148 0 625.061 0 -135.435 0 
Parameter B0{K(0)*(800)0{K+,pi-},NonResS0{D0,Dbar0}}_Im 0 -36.0189 11.5802 -14.2135 2.05154 4.20897 8.90074 -22.9307 0 -8.3213 0 -1.66926 36.5728 -1.94799 33.7585 -0.0580664 0 -4.68956 0 0 0 0.567159 32.0243 -1.08804 0 14.8001 0 2.45945 -25.1461 -13.5667 134.101 -12.5868 8.41523 4.59778 181.259 -1.24796 0 12.255 0 4.99266 0 10.8483 0 -4.31807 0 0.0951058 0 -44.1053 0 57.7619 0 
Parameter B0{NonResS0{D0,Dbar0},K(0)*(1430)0{K+,pi-}}_Re 0 57.8942 30.1492 453.248 -10.9219 412.571 -1.85951 202.94 0 -4519.18 0 136.877 -0.55156 29.2657 -13.8948 7.29659 0 225.688 0 0 0 119.972 -29.1387 42.3564 0 -174.021 0 27.1883 7.05357 584.235 -12.5868 908.975 -7.09706 -63.3877 -36.1539 98.2469 0 406.893 0 115.593 0 -39.9286 0 -33.4253 0 137.429 0 973.48 0 -208.451 0 
Parameter B0{NonResS0{D0,Dbar0},K(0)*(1430)0{K+,pi-}}_Im 0 63.3086 8.10229 -10.1619 7.91668 5.05028 8.44092 -16.9144 0 5.33634 0 -0.988239 33.5372 -1.14806 21.9436 0.305786 0 -2.38881 0 0 0 -0.20706 32.706 -2.04487 0 6.2251 0 1.49568 -23.5393 -4.93135 8.41523 -7.09706 65.6471 0.536605 111.262 -7.25897 0 9.39071 0 7.64393 0 9.00739 0 -0.829287 0 -2.1907 0 -6.02552 0 20.5761 0 
Parameter B0{NonResS0{D0,Dbar0},K*(892)0{K+,pi-}}_Re 0 -3.96401 3.5034 -33.818 -1.45819 -29.2316 -0.102582 -14.7192 0 314.397 0 -9.38745 -0.451599 -1.97184 11.135 -0.474065 0 -15.8183 0 0 0 -8.70604 1.39818 -2.69886 0 13.296 0 -1.83971 0.542027 -40.6712 4.59778 -63.3877 0.536605 12.2738 4.59802 -4.93275 0 -27.2434 0 -7.61986 0 3.02222 0 2.62736 0 -9.2075 0 -77.9202 0 19.3805 0 
Parameter B0{NonResS0{D0,Dbar0},K*(892)0{K+,pi-}}_Im 0 51.0214 47.9346 -38.763 -35.0643 14.1247 -1.57617 -56.6256 0 74.7559 0 -6.14278 116.617 -7.75341 99.6108 -1.41151 0 -9.067 0 0 0 6.87373 -22.6554 0.829544 0 44.2265 0 3.39018 -144.459 -34.9298 181.259 -36.1539 111.262 4.59802 2297.72 0.038403 0 64.1122 0 35.9376 0 28.206 0 -27.7535 0 -6.36185 0 -91.099 0 102.937 0 
Parameter B0{psi(3770)0{D0,Dbar0},K(0)*(1430)0{K+,pi-}}_Re 0 6.60434 6.68573 47.35 -17.5137 44.088 -1.78856 23.3845 0 -496.439 0 14.7045 -11.4406 3.23215 0.628553 0.644299 0 24.7905 0 0 0 13.2375 -11.6565 5.29731 0 -17.7334 0 3.44272 -0.220818 64.4908 -1.24796 98.2469 -7.25897 -4.93275 0.038403 44.699 0 55.853 0 13.2788 0 -6.03517 0 -3.85799 0 14.3258 0 98.2155 0 -20.8602 0 
Parameter B0{psi(3770)0{D0,Dbar0},K(0)*(1430)0{K+,pi-}}_Im 3 0 0 0 0 0 0 0 0 0 0 0 0 0 0 0 0 0 0 0 0 0 0 0 0 0 0 0 0 0 0 0 0 0 0 0 0 0 0 0 0 0 0 0 0 0 0 0 0 0 0 
Parameter B0{psi(3770)0{D0,Dbar0},K(0)*(800)0{K+,pi-}}_Re 0 26.3262 15.9 191.408 -4.1574 186.832 2.7316 87.2173 0 -2047.23 0 61.1806 17.8636 12.8039 1.2427 3.38012 0 101.25 0 0 0 54.6658 -9.97306 19.7817 0 -74.8953 0 13.4033 -11.0387 263.414 12.255 406.893 9.39071 -27.2434 64.1122 55.853 0 252.81 0 59.2614 0 -9.05285 0 -7.02918 0 64.502 0 453.404 0 -80.6771 0 
Parameter B0{psi(3770)0{D0,Dbar0},K(0)*(800)0{K+,pi-}}_Im 3 0 0 0 0 0 0 0 0 0 0 0 0 0 0 0 0 0 0 0 0 0 0 0 0 0 0 0 0 0 0 0 0 0 0 0 0 0 0 0 0 0 0 0 0 0 0 0 0 0 0 
Parameter B0{psi(4040)0{D0,Dbar0},K(0)*(1430)0{K+,pi-}}_Re 0 7.4968 6.33501 56.2563 -0.0216076 55.9829 0.744036 25.2478 0 -586.232 0 17.629 6.29339 3.54027 3.47056 0.734175 0 29.1293 0 0 0 16.7192 -11.0044 5.0753 0 -19.6195 0 3.24375 13.3595 75.9191 4.99266 115.593 7.64393 -7.61986 35.9376 13.2788 0 59.2614 0 40.1324 0 -2.70197 0 -15.7698 0 8.0943 0 96.9206 0 -17.2425 0 
Parameter B0{psi(4040)0{D0,Dbar0},K(0)*(1430)0{K+,pi-}}_Im 3 0 0 0 0 0 0 0 0 0 0 0 0 0 0 0 0 0 0 0 0 0 0 0 0 0 0 0 0 0 0 0 0 0 0 0 0 0 0 0 0 0 0 0 0 0 0 0 0 0 0 
Parameter B0{psi(4040)0{D0,Dbar0},K(0)*(800)0{K+,pi-}}_Re 0 -2.44698 4.87091 -22.1845 1.02347 -16.4758 0.452491 -12.4375 0 190.294 0 -6.04609 6.00749 -1.45969 11.5601 -0.233209 0 -10.2811 0 0 0 -5.18199 3.86317 -1.77922 0 9.34067 0 -0.644889 -1.50977 -26.5423 10.8483 -39.9286 9.00739 3.02222 28.206 -6.03517 0 -9.05285 0 -2.70197 0 23.7258 0 13.912 0 -8.93242 0 -39.466 0 16.6501 0 
Parameter B0{psi(4040)0{D0,Dbar0},K(0)*(800)0{K+,pi-}}_Im 3 0 0 0 0 0 0 0 0 0 0 0 0 0 0 0 0 0 0 0 0 0 0 0 0 0 0 0 0 0 0 0 0 0 0 0 0 0 0 0 0 0 0 0 0 0 0 0 0 0 0 
Parameter B0{psi(4160)0{D0,Dbar0},K(0)*(1430)0{K+,pi-}}_Re 0 -2.2353 6.22113 -17.9944 -0.154277 -16.9805 1.2356 -9.48586 0 172.41 0 -5.10693 -1.30414 -0.829202 2.2281 0.0858258 0 -8.00183 0 0 0 -4.97378 3.85983 -0.157372 0 6.3583 0 -1.12165 -21.8455 -21.8556 -4.31807 -33.4253 -0.829287 2.62736 -27.7535 -3.85799 0 -7.02918 0 -15.7698 0 13.912 0 38.7025 0 -4.67498 0 -38.2008 0 2.15314 0 
Parameter B0{psi(4160)0{D0,Dbar0},K(0)*(1430)0{K+,pi-}}_Im 3 0 0 0 0 0 0 0 0 0 0 0 0 0 0 0 0 0 0 0 0 0 0 0 0 0 0 0 0 0 0 0 0 0 0 0 0 0 0 0 0 0 0 0 0 0 0 0 0 0 0 
Parameter B0{psi(4160)0{D0,Dbar0},K(0)*(800)0{K+,pi-}}_Re 0 8.85429 6.49206 68.5657 -1.73142 62.582 0.12344 29.5582 0 -687.431 0 20.7052 -0.38505 4.41619 0.76594 1.07977 0 33.5915 0 0 0 18.4259 -1.67391 6.99779 0 -27.5608 0 4.36703 3.93617 88.2148 0.0951058 137.429 -2.1907 -9.2075 -6.36185 14.3258 0 64.502 0 8.0943 0 -8.93242 0 -4.67498 0 42.1469 0 181.028 0 -35.3178 0 
Parameter B0{psi(4160)0{D0,Dbar0},K(0)*(800)0{K+,pi-}}_Im 3 0 0 0 0 0 0 0 0 0 0 0 0 0 0 0 0 0 0 0 0 0 0 0 0 0 0 0 0 0 0 0 0 0 0 0 0 0 0 0 0 0 0 0 0 0 0 0 0 0 0 
Parameter B0{psi(4415)0{D0,Dbar0},K(0)*(1430)0{K+,pi-}}_Re 0 62.1447 37.1935 489.462 0.430278 440.882 -1.05028 216.755 0 -4828.17 0 146.395 -2.73175 31.2499 -9.94676 8.06226 0 236.217 0 0 0 127.306 0.428941 44.5361 0 -208.083 0 29.7817 -32.2002 625.061 -44.1053 973.48 -6.02552 -77.9202 -91.099 98.2155 0 453.404 0 96.9206 0 -39.466 0 -38.2008 0 181.028 0 1383.36 0 -312.884 0 
Parameter B0{psi(4415)0{D0,Dbar0},K(0)*(1430)0{K+,pi-}}_Im 3 0 0 0 0 0 0 0 0 0 0 0 0 0 0 0 0 0 0 0 0 0 0 0 0 0 0 0 0 0 0 0 0 0 0 0 0 0 0 0 0 0 0 0 0 0 0 0 0 0 0 
Parameter B0{psi(4415)0{D0,Dbar0},K(0)*(800)0{K+,pi-}}_Re 0 -12.7775 11.6245 -110.293 -2.06692 -88.5866 5.11357 -55.831 0 984.104 0 -31.1043 20.2362 -7.37631 17.9774 -1.66708 0 -50.2468 0 0 0 -26.3432 15.2503 -9.93857 0 52.2387 0 -4.96706 -3.16958 -135.435 57.7619 -208.451 20.5761 19.3805 102.937 -20.8602 0 -80.6771 0 -17.2425 0 16.6501 0 2.15314 0 -35.3178 0 -312.884 0 135.128 0 
Parameter B0{psi(4415)0{D0,Dbar0},K(0)*(800)0{K+,pi-}}_Im 3 0 0 0 0 0 0 0 0 0 0 0 0 0 0 0 0 0 0 0 0 0 0 0 0 0 0 0 0 0 0 0 0 0 0 0 0 0 0 0 0 0 0 0 0 0 0 0 0 0 0 
FitQuality 382.79524 64 32 44.557044 1
FitFraction B0{NonResS0{D0,Dbar0},K(0)*(1430)0{K+,pi-}} 0.35672326 0.026049488
FitFraction B0[D]{psi(4415)0{D0,Dbar0},K*(892)0{K+,pi-}} 0.23927961 0.035304844
FitFraction B0{K(0)*(800)0{K+,pi-},NonResS0{D0,Dbar0}} 0.11602894 0.017546292
FitFraction B0[D]{psi(4040)0{D0,Dbar0},K*(892)0{K+,pi-}} 0.053446776 0.014747578
FitFraction B0[D]{psi(3770)0{D0,Dbar0},K*(892)0{K+,pi-}} 0.027528132 0.0085317272
FitFraction B0[P]{psi(4415)0{D0,Dbar0},K*(892)0{K+,pi-}} 0.021403532 0.0058747697
FitFraction B0[P]{psi(3770)0{D0,Dbar0},K*(892)0{K+,pi-}} 0.019957826 0.0062023914
FitFraction B0{psi(4415)0{D0,Dbar0},K(0)*(1430)0{K+,pi-}} 0.014010277 0.0082317276
FitFraction B0[D]{psi(4160)0{D0,Dbar0},K*(892)0{K+,pi-}} 0.0067869457 0.0057189406
FitFraction B0{psi(3770)0{D0,Dbar0},K(0)*(800)0{K+,pi-}} 0.0062044416 0.0039225416
FitFraction B0[S]{psi(4040)0{D0,Dbar0},K*(892)0{K+,pi-}} 0.0058499766 0.0045298873
FitFraction B0[P]{psi(4040)0{D0,Dbar0},K*(892)0{K+,pi-}} 0.0043899295 0.0038677351
FitFraction B0{psi(4160)0{D0,Dbar0},K(0)*(800)0{K+,pi-}} 0.0030682224 0.0031917944
FitFraction B0{psi(4415)0{D0,Dbar0},K(0)*(800)0{K+,pi-}} 0.0025729564 0.0037489286
FitFraction B0{psi(4040)0{D0,Dbar0},K(0)*(1430)0{K+,pi-}} 0.0019334328 0.0025854194
FitFraction B0[S]{psi(4415)0{D0,Dbar0},K*(892)0{K+,pi-}} 0.0017734972 0.001776217
FitFraction B0{D(s2)(2573)+{D0,K+},Dbar0,pi-} 0.0013875454 0.0018744992
FitFraction B0{NonResS0{D0,Dbar0},K*(892)0{K+,pi-}} 0.001029522 0.0014524519
FitFraction B0{psi(3770)0{D0,Dbar0},K(0)*(1430)0{K+,pi-}} 0.00090096291 0.0015896808
FitFraction B0[S]{psi(4160)0{D0,Dbar0},K*(892)0{K+,pi-}} 0.00061982821 0.0012869163
FitFraction B0{psi(4040)0{D0,Dbar0},K(0)*(800)0{K+,pi-}} 0.00025607729 0.00097827465
FitFraction B0[P]{psi(4160)0{D0,Dbar0},K*(892)0{K+,pi-}} 0.00022584857 0.00082675562
FitFraction B0{psi(4160)0{D0,Dbar0},K(0)*(1430)0{K+,pi-}} 0.00010882957 0.00059552269
FitFraction B0[S]{psi(3770)0{D0,Dbar0},K*(892)0{K+,pi-}} 8.9723534e-05 9.5389337e-05
FitFraction Sum_B0 0.88557609 0.043959968
FitFraction B0{K(0)*(800)0{K+,pi-},NonResS0{D0,Dbar0}}xB0{NonResS0{D0,Dbar0},K(0)*(1430)0{K+,pi-}} 0.13930207 0.014132419
FitFraction B0[D]{psi(4040)0{D0,Dbar0},K*(892)0{K+,pi-}}xB0[D]{psi(4415)0{D0,Dbar0},K*(892)0{K+,pi-}} -0.050375934 0.010031928
FitFraction B0[D]{psi(4160)0{D0,Dbar0},K*(892)0{K+,pi-}}xB0[D]{psi(4415)0{D0,Dbar0},K*(892)0{K+,pi-}} -0.018141813 0.0076538192
FitFraction B0[D]{psi(4040)0{D0,Dbar0},K*(892)0{K+,pi-}}xB0[D]{psi(4160)0{D0,Dbar0},K*(892)0{K+,pi-}} 0.0095625941 0.0032331036
FitFraction B0[D]{psi(3770)0{D0,Dbar0},K*(892)0{K+,pi-}}xB0[D]{psi(4415)0{D0,Dbar0},K*(892)0{K+,pi-}} -0.0081375977 0.0048633003
FitFraction B0[D]{psi(3770)0{D0,Dbar0},K*(892)0{K+,pi-}}xB0[D]{psi(4040)0{D0,Dbar0},K*(892)0{K+,pi-}} -0.0077354985 0.001958912
FitFraction B0[P]{psi(3770)0{D0,Dbar0},K*(892)0{K+,pi-}}xB0[P]{psi(4415)0{D0,Dbar0},K*(892)0{K+,pi-}} -0.0060838582 0.0014275178
FitFraction B0{D(s2)(2573)+{D0,K+},Dbar0,pi-}xB0{NonResS0{D0,Dbar0},K(0)*(1430)0{K+,pi-}} 0.0048829771 0.003325279
FitFraction B0[D]{psi(4415)0{D0,Dbar0},K*(892)0{K+,pi-}}xB0[S]{psi(4415)0{D0,Dbar0},K*(892)0{K+,pi-}} -0.0033634656 0.0016912087
FitFraction B0[D]{psi(4415)0{D0,Dbar0},K*(892)0{K+,pi-}}xB0[S]{psi(4040)0{D0,Dbar0},K*(892)0{K+,pi-}} -0.0030965442 0.0024121685
FitFraction B0[P]{psi(4040)0{D0,Dbar0},K*(892)0{K+,pi-}}xB0[P]{psi(4415)0{D0,Dbar0},K*(892)0{K+,pi-}} -0.0026061151 0.0017121133
FitFraction B0{D(s2)(2573)+{D0,K+},Dbar0,pi-}xB0{K(0)*(800)0{K+,pi-},NonResS0{D0,Dbar0}} 0.0025771727 0.0017274143
FitFraction B0{psi(4160)0{D0,Dbar0},K(0)*(800)0{K+,pi-}}xB0{psi(4415)0{D0,Dbar0},K(0)*(1430)0{K+,pi-}} -0.0023746043 0.0016429024
FitFraction B0[P]{psi(3770)0{D0,Dbar0},K*(892)0{K+,pi-}}xB0[P]{psi(4040)0{D0,Dbar0},K*(892)0{K+,pi-}} 0.0022097967 0.0010560138
FitFraction B0[D]{psi(3770)0{D0,Dbar0},K*(892)0{K+,pi-}}xB0[D]{psi(4160)0{D0,Dbar0},K*(892)0{K+,pi-}} 0.0017023245 0.00089214021
FitFraction B0{psi(3770)0{D0,Dbar0},K(0)*(800)0{K+,pi-}}xB0{psi(4415)0{D0,Dbar0},K(0)*(1430)0{K+,pi-}} -0.0013939463 0.00063371225
FitFraction B0[D]{psi(4415)0{D0,Dbar0},K*(892)0{K+,pi-}}xB0[S]{psi(4160)0{D0,Dbar0},K*(892)0{K+,pi-}} 0.0013423252 0.001393947
FitFraction B0[D]{psi(4160)0{D0,Dbar0},K*(892)0{K+,pi-}}xB0[S]{psi(4040)0{D0,Dbar0},K*(892)0{K+,pi-}} 0.00093509875 0.00075409465
FitFraction B0{psi(4040)0{D0,Dbar0},K(0)*(1430)0{K+,pi-}}xB0{psi(4160)0{D0,Dbar0},K(0)*(800)0{K+,pi-}} 0.00090536598 0.00059608325
FitFraction B0[S]{psi(4040)0{D0,Dbar0},K*(892)0{K+,pi-}}xB0[S]{psi(4160)0{D0,Dbar0},K*(892)0{K+,pi-}} -0.00079298363 0.0011992356
FitFraction B0{psi(3770)0{D0,Dbar0},K(0)*(800)0{K+,pi-}}xB0{psi(4040)0{D0,Dbar0},K(0)*(1430)0{K+,pi-}} -0.00073030724 0.00057507856
FitFraction B0[D]{psi(4040)0{D0,Dbar0},K*(892)0{K+,pi-}}xB0[S]{psi(4160)0{D0,Dbar0},K*(892)0{K+,pi-}} -0.00071322938 0.00071792404
FitFraction B0[D]{psi(4040)0{D0,Dbar0},K*(892)0{K+,pi-}}xB0[S]{psi(4415)0{D0,Dbar0},K*(892)0{K+,pi-}} 0.00069046382 0.0003644988
FitFraction B0[D]{psi(4415)0{D0,Dbar0},K*(892)0{K+,pi-}}xB0{D(s2)(2573)+{D0,K+},Dbar0,pi-} -0.00066389328 0.00050337953
FitFraction B0[P]{psi(4040)0{D0,Dbar0},K*(892)0{K+,pi-}}xB0[P]{psi(4160)0{D0,Dbar0},K*(892)0{K+,pi-}} -0.0006272122 0.0013331583
FitFraction B0[D]{psi(4040)0{D0,Dbar0},K*(892)0{K+,pi-}}xB0[S]{psi(4040)0{D0,Dbar0},K*(892)0{K+,pi-}} 0.0005931833 0.0020668313
FitFraction B0[D]{psi(4415)0{D0,Dbar0},K*(892)0{K+,pi-}}xB0[S]{psi(3770)0{D0,Dbar0},K*(892)0{K+,pi-}} -0.00055747324 0.00031725362
FitFraction B0{psi(3770)0{D0,Dbar0},K(0)*(1430)0{K+,pi-}}xB0{psi(4415)0{D0,Dbar0},K(0)*(1430)0{K+,pi-}} -0.00054798126 0.00049896113
FitFraction B0{psi(4040)0{D0,Dbar0},K(0)*(800)0{K+,pi-}}xB0{psi(4415)0{D0,Dbar0},K(0)*(1430)0{K+,pi-}} 0.00053754111 0.0010342995
FitFraction B0[D]{psi(4160)0{D0,Dbar0},K*(892)0{K+,pi-}}xB0[S]{psi(4160)0{D0,Dbar0},K*(892)0{K+,pi-}} -0.00051162807 0.00061847774
FitFraction B0[D]{psi(3770)0{D0,Dbar0},K*(892)0{K+,pi-}}xB0[S]{psi(4040)0{D0,Dbar0},K*(892)0{K+,pi-}} 0.00050234018 0.00034736501
FitFraction B0{psi(3770)0{D0,Dbar0},K(0)*(800)0{K+,pi-}}xB0{psi(4415)0{D0,Dbar0},K(0)*(800)0{K+,pi-}} 0.00046984403 0.00035061103
FitFraction B0[P]{psi(3770)0{D0,Dbar0},K*(892)0{K+,pi-}}xB0[P]{psi(4160)0{D0,Dbar0},K*(892)0{K+,pi-}} -0.00046912951 0.00087517002
FitFraction B0{psi(4040)0{D0,Dbar0},K(0)*(1430)0{K+,pi-}}xB0{psi(4415)0{D0,Dbar0},K(0)*(1430)0{K+,pi-}} 0.00038137747 0.00024626767
FitFraction B0[D]{psi(3770)0{D0,Dbar0},K*(892)0{K+,pi-}}xB0[S]{psi(3770)0{D0,Dbar0},K*(892)0{K+,pi-}} -0.00033155088 0.00021951602
FitFraction B0{psi(4040)0{D0,Dbar0},K(0)*(1430)0{K+,pi-}}xB0{psi(4415)0{D0,Dbar0},K(0)*(800)0{K+,pi-}} -0.00032609615 0.00028895486
FitFraction B0{psi(3770)0{D0,Dbar0},K(0)*(800)0{K+,pi-}}xB0{psi(4160)0{D0,Dbar0},K(0)*(800)0{K+,pi-}} -0.00028736242 0.00018047889
FitFraction B0{psi(4040)0{D0,Dbar0},K(0)*(800)0{K+,pi-}}xB0{psi(4160)0{D0,Dbar0},K(0)*(800)0{K+,pi-}} -0.00026863151 0.00055023314
FitFraction B0[P]{psi(4160)0{D0,Dbar0},K*(892)0{K+,pi-}}xB0[P]{psi(4415)0{D0,Dbar0},K*(892)0{K+,pi-}} 0.00026689241 0.00049447064
FitFraction B0{D(s2)(2573)+{D0,K+},Dbar0,pi-}xB0{psi(4415)0{D0,Dbar0},K(0)*(1430)0{K+,pi-}} 0.00026523307 0.00020038164
FitFraction B0{psi(4160)0{D0,Dbar0},K(0)*(1430)0{K+,pi-}}xB0{psi(4415)0{D0,Dbar0},K(0)*(1430)0{K+,pi-}} -0.00025164162 0.00069336116
FitFraction B0[D]{psi(4160)0{D0,Dbar0},K*(892)0{K+,pi-}}xB0[S]{psi(4415)0{D0,Dbar0},K*(892)0{K+,pi-}} 0.00024740094 0.0001658526
FitFraction B0[D]{psi(4040)0{D0,Dbar0},K*(892)0{K+,pi-}}xB0[S]{psi(3770)0{D0,Dbar0},K*(892)0{K+,pi-}} 0.00022354503 0.0001303372
FitFraction B0{psi(3770)0{D0,Dbar0},K(0)*(1430)0{K+,pi-}}xB0{psi(4160)0{D0,Dbar0},K(0)*(800)0{K+,pi-}} 0.00018411315 0.00018674542
FitFraction B0{psi(4040)0{D0,Dbar0},K(0)*(1430)0{K+,pi-}}xB0{psi(4160)0{D0,Dbar0},K(0)*(1430)0{K+,pi-}} -0.00016559335 0.0005046773
FitFraction B0{psi(3770)0{D0,Dbar0},K(0)*(800)0{K+,pi-}}xB0{psi(4160)0{D0,Dbar0},K(0)*(1430)0{K+,pi-}} 0.00016218123 0.00043823355
FitFraction B0[D]{psi(3770)0{D0,Dbar0},K*(892)0{K+,pi-}}xB0[S]{psi(4160)0{D0,Dbar0},K*(892)0{K+,pi-}} -0.00012782988 0.00014025391
FitFraction B0{psi(3770)0{D0,Dbar0},K(0)*(1430)0{K+,pi-}}xB0{psi(3770)0{D0,Dbar0},K(0)*(800)0{K+,pi-}} -0.00012135229 0.00012207307
FitFraction B0[D]{psi(3770)0{D0,Dbar0},K*(892)0{K+,pi-}}xB0[S]{psi(4415)0{D0,Dbar0},K*(892)0{K+,pi-}} 0.00011221579 8.443841e-05
FitFraction B0{psi(4160)0{D0,Dbar0},K(0)*(1430)0{K+,pi-}}xB0{psi(4415)0{D0,Dbar0},K(0)*(800)0{K+,pi-}} 0.00011219072 0.00030966172
FitFraction B0{psi(3770)0{D0,Dbar0},K(0)*(1430)0{K+,pi-}}xB0{psi(4040)0{D0,Dbar0},K(0)*(1430)0{K+,pi-}} -0.00010568914 0.00011834299
FitFraction B0{psi(3770)0{D0,Dbar0},K(0)*(1430)0{K+,pi-}}xB0{psi(4415)0{D0,Dbar0},K(0)*(800)0{K+,pi-}} -8.9061977e-05 0.00010033151
FitFraction B0[D]{psi(4040)0{D0,Dbar0},K*(892)0{K+,pi-}}xB0{D(s2)(2573)+{D0,K+},Dbar0,pi-} 8.8917827e-05 8.8020224e-05
FitFraction B0{psi(4040)0{D0,Dbar0},K(0)*(800)0{K+,pi-}}xB0{psi(4160)0{D0,Dbar0},K(0)*(1430)0{K+,pi-}} -8.3763791e-05 0.00033158967
FitFraction B0[D]{psi(4040)0{D0,Dbar0},K*(892)0{K+,pi-}}xB0{NonResS0{D0,Dbar0},K(0)*(1430)0{K+,pi-}} 8.2394525e-05 1.325032e-05
FitFraction B0[S]{psi(4040)0{D0,Dbar0},K*(892)0{K+,pi-}}xB0[S]{psi(4415)0{D0,Dbar0},K*(892)0{K+,pi-}} -8.0989891e-05 0.00037755302
FitFraction B0[S]{psi(3770)0{D0,Dbar0},K*(892)0{K+,pi-}}xB0[S]{psi(4415)0{D0,Dbar0},K*(892)0{K+,pi-}} 7.7842574e-05 5.7299187e-05
FitFraction B0{D(s2)(2573)+{D0,K+},Dbar0,pi-}xB0{psi(3770)0{D0,Dbar0},K(0)*(800)0{K+,pi-}} -6.8189002e-05 5.7804541e-05
FitFraction B0{D(s2)(2573)+{D0,K+},Dbar0,pi-}xB0{psi(4160)0{D0,Dbar0},K(0)*(800)0{K+,pi-}} -6.5242152e-05 5.8470099e-05
FitFraction B0{psi(3770)0{D0,Dbar0},K(0)*(1430)0{K+,pi-}}xB0{psi(4040)0{D0,Dbar0},K(0)*(800)0{K+,pi-}} -6.3921804e-05 0.00013779335
FitFraction B0{psi(4040)0{D0,Dbar0},K(0)*(1430)0{K+,pi-}}xB0{psi(4040)0{D0,Dbar0},K(0)*(800)0{K+,pi-}} 6.1015769e-05 0.00011965182
FitFraction B0[D]{psi(4160)0{D0,Dbar0},K*(892)0{K+,pi-}}xB0{D(s2)(2573)+{D0,K+},Dbar0,pi-} 5.476125e-05 4.3492296e-05
FitFraction B0[D]{psi(4415)0{D0,Dbar0},K*(892)0{K+,pi-}}xB0[P]{psi(4415)0{D0,Dbar0},K*(892)0{K+,pi-}} -5.0191295e-05 7.3760852e-06
FitFraction B0[D]{psi(4040)0{D0,Dbar0},K*(892)0{K+,pi-}}xB0{K(0)*(800)0{K+,pi-},NonResS0{D0,Dbar0}} 5.0073068e-05 8.0446205e-06
FitFraction B0[D]{psi(4160)0{D0,Dbar0},K*(892)0{K+,pi-}}xB0[S]{psi(3770)0{D0,Dbar0},K*(892)0{K+,pi-}} 5.0067695e-05 3.4104316e-05
FitFraction B0{D(s2)(2573)+{D0,K+},Dbar0,pi-}xB0{NonResS0{D0,Dbar0},K*(892)0{K+,pi-}} 4.8719851e-05 5.8624902e-05
FitFraction B0[S]{psi(3770)0{D0,Dbar0},K*(892)0{K+,pi-}}xB0[S]{psi(4040)0{D0,Dbar0},K*(892)0{K+,pi-}} 4.7848905e-05 7.1508726e-05
FitFraction B0[D]{psi(3770)0{D0,Dbar0},K*(892)0{K+,pi-}}xB0{D(s2)(2573)+{D0,K+},Dbar0,pi-} 4.7424009e-05 3.849595e-05
FitFraction B0{psi(4160)0{D0,Dbar0},K(0)*(800)0{K+,pi-}}xB0{psi(4415)0{D0,Dbar0},K(0)*(800)0{K+,pi-}} -4.6985054e-05 4.3822177e-05
FitFraction B0{psi(4040)0{D0,Dbar0},K(0)*(800)0{K+,pi-}}xB0{psi(4415)0{D0,Dbar0},K(0)*(800)0{K+,pi-}} -4.6750113e-05 0.00010103792
FitFraction B0{D(s2)(2573)+{D0,K+},Dbar0,pi-}xB0{psi(4415)0{D0,Dbar0},K(0)*(800)0{K+,pi-}} 4.2188412e-05 5.1930971e-05
FitFraction B0{psi(4160)0{D0,Dbar0},K(0)*(1430)0{K+,pi-}}xB0{psi(4160)0{D0,Dbar0},K(0)*(800)0{K+,pi-}} 3.896587e-05 0.00010814816
FitFraction B0{psi(3770)0{D0,Dbar0},K(0)*(1430)0{K+,pi-}}xB0{psi(4160)0{D0,Dbar0},K(0)*(1430)0{K+,pi-}} 3.63118e-05 0.00010449962
FitFraction B0[D]{psi(3770)0{D0,Dbar0},K*(892)0{K+,pi-}}xB0{NonResS0{D0,Dbar0},K(0)*(1430)0{K+,pi-}} -3.5592162e-05 9.3131482e-06
FitFraction B0{K(0)*(800)0{K+,pi-},NonResS0{D0,Dbar0}}xB0{psi(4415)0{D0,Dbar0},K(0)*(1430)0{K+,pi-}} -3.3281193e-05 1.1094264e-05
FitFraction B0{psi(4415)0{D0,Dbar0},K(0)*(1430)0{K+,pi-}}xB0{psi(4415)0{D0,Dbar0},K(0)*(800)0{K+,pi-}} -3.3179293e-05 3.0475275e-05
FitFraction B0[D]{psi(4415)0{D0,Dbar0},K*(892)0{K+,pi-}}xB0{NonResS0{D0,Dbar0},K(0)*(1430)0{K+,pi-}} -2.7239039e-05 2.1808561e-05
FitFraction B0[D]{psi(4415)0{D0,Dbar0},K*(892)0{K+,pi-}}xB0[P]{psi(4040)0{D0,Dbar0},K*(892)0{K+,pi-}} 2.1826697e-05 1.032632e-05
FitFraction B0[D]{psi(3770)0{D0,Dbar0},K*(892)0{K+,pi-}}xB0{psi(3770)0{D0,Dbar0},K(0)*(800)0{K+,pi-}} 2.1742913e-05 6.595034e-06
FitFraction B0[D]{psi(3770)0{D0,Dbar0},K*(892)0{K+,pi-}}xB0{K(0)*(800)0{K+,pi-},NonResS0{D0,Dbar0}} -2.1331965e-05 5.9816781e-06
FitFraction B0{D(s2)(2573)+{D0,K+},Dbar0,pi-}xB0{psi(4040)0{D0,Dbar0},K(0)*(1430)0{K+,pi-}} 2.0776527e-05 3.9209362e-05
FitFraction B0{K(0)*(800)0{K+,pi-},NonResS0{D0,Dbar0}}xB0{psi(3770)0{D0,Dbar0},K(0)*(800)0{K+,pi-}} 2.0150432e-05 6.5367393e-06
FitFraction B0{D(s2)(2573)+{D0,K+},Dbar0,pi-}xB0{psi(3770)0{D0,Dbar0},K(0)*(1430)0{K+,pi-}} -1.9810796e-05 2.7832686e-05
FitFraction B0[D]{psi(4415)0{D0,Dbar0},K*(892)0{K+,pi-}}xB0[P]{psi(3770)0{D0,Dbar0},K*(892)0{K+,pi-}} 1.9778396e-05 3.9187876e-06
FitFraction B0[D]{psi(4415)0{D0,Dbar0},K*(892)0{K+,pi-}}xB0{psi(4040)0{D0,Dbar0},K(0)*(1430)0{K+,pi-}} -1.8459465e-05 1.2501084e-05
FitFraction B0[S]{psi(4415)0{D0,Dbar0},K*(892)0{K+,pi-}}xB0{D(s2)(2573)+{D0,K+},Dbar0,pi-} -1.7613789e-05 2.0483471e-05
FitFraction B0[D]{psi(4040)0{D0,Dbar0},K*(892)0{K+,pi-}}xB0[P]{psi(4040)0{D0,Dbar0},K*(892)0{K+,pi-}} -1.7354887e-05 1.0395921e-05
FitFraction B0{D(s2)(2573)+{D0,K+},Dbar0,pi-}xB0{psi(4040)0{D0,Dbar0},K(0)*(800)0{K+,pi-}} 1.7292596e-05 3.3989347e-05
FitFraction B0[D]{psi(3770)0{D0,Dbar0},K*(892)0{K+,pi-}}xB0[P]{psi(3770)0{D0,Dbar0},K*(892)0{K+,pi-}} -1.6937017e-05 1.1200579e-05
FitFraction B0[D]{psi(4040)0{D0,Dbar0},K*(892)0{K+,pi-}}xB0[P]{psi(4415)0{D0,Dbar0},K*(892)0{K+,pi-}} 1.6924773e-05 3.3835553e-06
FitFraction B0[S]{psi(4160)0{D0,Dbar0},K*(892)0{K+,pi-}}xB0[S]{psi(4415)0{D0,Dbar0},K*(892)0{K+,pi-}} -1.6719368e-05 1.7922512e-05
FitFraction B0{NonResS0{D0,Dbar0},K(0)*(1430)0{K+,pi-}}xB0{psi(4415)0{D0,Dbar0},K(0)*(1430)0{K+,pi-}} -1.6307418e-05 5.9206726e-06
FitFraction B0[S]{psi(3770)0{D0,Dbar0},K*(892)0{K+,pi-}}xB0[S]{psi(4160)0{D0,Dbar0},K*(892)0{K+,pi-}} -1.6251516e-05 1.8890046e-05
FitFraction B0[D]{psi(4415)0{D0,Dbar0},K*(892)0{K+,pi-}}xB0{psi(3770)0{D0,Dbar0},K(0)*(800)0{K+,pi-}} -1.618521e-05 5.3229272e-06
FitFraction B0{psi(3770)0{D0,Dbar0},K(0)*(800)0{K+,pi-}}xB0{psi(4040)0{D0,Dbar0},K(0)*(800)0{K+,pi-}} 1.4387303e-05 2.6856973e-05
FitFraction B0[P]{psi(4415)0{D0,Dbar0},K*(892)0{K+,pi-}}xB0{NonResS0{D0,Dbar0},K(0)*(1430)0{K+,pi-}} 1.3596286e-05 2.3923133e-06
FitFraction B0[D]{psi(4415)0{D0,Dbar0},K*(892)0{K+,pi-}}xB0{K(0)*(800)0{K+,pi-},NonResS0{D0,Dbar0}} -1.1212826e-05 1.8223276e-05
FitFraction B0[P]{psi(3770)0{D0,Dbar0},K*(892)0{K+,pi-}}xB0{psi(3770)0{D0,Dbar0},K(0)*(800)0{K+,pi-}} 1.0709904e-05 4.1224965e-06
FitFraction B0{D(s2)(2573)+{D0,K+},Dbar0,pi-}xB0{psi(4160)0{D0,Dbar0},K(0)*(1430)0{K+,pi-}} -1.0550402e-05 3.1627416e-05
FitFraction B0[S]{psi(4415)0{D0,Dbar0},K*(892)0{K+,pi-}}xB0{NonResS0{D0,Dbar0},K(0)*(1430)0{K+,pi-}} -1.0402546e-05 5.4645605e-06
FitFraction B0[D]{psi(4040)0{D0,Dbar0},K*(892)0{K+,pi-}}xB0[P]{psi(3770)0{D0,Dbar0},K*(892)0{K+,pi-}} -9.9891936e-06 2.9582668e-06
FitFraction B0{NonResS0{D0,Dbar0},K(0)*(1430)0{K+,pi-}}xB0{psi(3770)0{D0,Dbar0},K(0)*(1430)0{K+,pi-}} -8.7367333e-06 7.6357441e-06
FitFraction B0{K(0)*(800)0{K+,pi-},NonResS0{D0,Dbar0}}xB0{psi(4415)0{D0,Dbar0},K(0)*(800)0{K+,pi-}} -8.6886677e-06 1.4118251e-05
FitFraction B0[D]{psi(4415)0{D0,Dbar0},K*(892)0{K+,pi-}}xB0{psi(4415)0{D0,Dbar0},K(0)*(1430)0{K+,pi-}} -8.5780514e-06 2.5465836e-06
FitFraction B0[P]{psi(4415)0{D0,Dbar0},K*(892)0{K+,pi-}}xB0{K(0)*(800)0{K+,pi-},NonResS0{D0,Dbar0}} 8.1914853e-06 1.3204167e-06
FitFraction B0{NonResS0{D0,Dbar0},K(0)*(1430)0{K+,pi-}}xB0{psi(4040)0{D0,Dbar0},K(0)*(1430)0{K+,pi-}} 8.1777412e-06 5.575774e-06
FitFraction B0[P]{psi(4415)0{D0,Dbar0},K*(892)0{K+,pi-}}xB0[S]{psi(4415)0{D0,Dbar0},K*(892)0{K+,pi-}} -7.5450762e-06 3.7703752e-06
FitFraction B0[D]{psi(4415)0{D0,Dbar0},K*(892)0{K+,pi-}}xB0{NonResS0{D0,Dbar0},K*(892)0{K+,pi-}} -7.4056072e-06 8.2324734e-06
FitFraction B0[S]{psi(4415)0{D0,Dbar0},K*(892)0{K+,pi-}}xB0{K(0)*(800)0{K+,pi-},NonResS0{D0,Dbar0}} -7.0243184e-06 3.823508e-06
FitFraction B0[S]{psi(4040)0{D0,Dbar0},K*(892)0{K+,pi-}}xB0{D(s2)(2573)+{D0,K+},Dbar0,pi-} -5.8777563e-06 4.7586977e-06
FitFraction B0[S]{psi(4415)0{D0,Dbar0},K*(892)0{K+,pi-}}xB0{psi(4415)0{D0,Dbar0},K(0)*(1430)0{K+,pi-}} 5.869e-06 3.7117626e-06
FitFraction B0[S]{psi(4040)0{D0,Dbar0},K*(892)0{K+,pi-}}xB0{NonResS0{D0,Dbar0},K(0)*(1430)0{K+,pi-}} 5.7620674e-06 2.1670671e-06
FitFraction B0{K(0)*(800)0{K+,pi-},NonResS0{D0,Dbar0}}xB0{psi(4040)0{D0,Dbar0},K(0)*(1430)0{K+,pi-}} 5.6841478e-06 3.8982745e-06
FitFraction B0{NonResS0{D0,Dbar0},K(0)*(1430)0{K+,pi-}}xB0{psi(3770)0{D0,Dbar0},K(0)*(800)0{K+,pi-}} -5.4526381e-06 2.3122225e-06
FitFraction B0{K(0)*(800)0{K+,pi-},NonResS0{D0,Dbar0}}xB0{psi(4160)0{D0,Dbar0},K(0)*(800)0{K+,pi-}} -5.3028338e-06 3.7429836e-06
FitFraction B0{NonResS0{D0,Dbar0},K(0)*(1430)0{K+,pi-}}xB0{psi(4415)0{D0,Dbar0},K(0)*(800)0{K+,pi-}} -4.9865817e-06 4.3135007e-06
FitFraction B0[D]{psi(4040)0{D0,Dbar0},K*(892)0{K+,pi-}}xB0{psi(4040)0{D0,Dbar0},K(0)*(1430)0{K+,pi-}} 4.7301867e-06 3.5929051e-06
FitFraction B0[S]{psi(4040)0{D0,Dbar0},K*(892)0{K+,pi-}}xB0{K(0)*(800)0{K+,pi-},NonResS0{D0,Dbar0}} 4.7067487e-06 1.771697e-06
FitFraction B0[D]{psi(4160)0{D0,Dbar0},K*(892)0{K+,pi-}}xB0[P]{psi(4040)0{D0,Dbar0},K*(892)0{K+,pi-}} -4.6933451e-06 2.9455265e-06
FitFraction B0[D]{psi(4415)0{D0,Dbar0},K*(892)0{K+,pi-}}xB0{psi(4160)0{D0,Dbar0},K(0)*(800)0{K+,pi-}} -4.4297734e-06 2.3283199e-06
FitFraction B0[D]{psi(4415)0{D0,Dbar0},K*(892)0{K+,pi-}}xB0{psi(4040)0{D0,Dbar0},K(0)*(800)0{K+,pi-}} -3.9386391e-06 7.513144e-06
FitFraction B0[P]{psi(4415)0{D0,Dbar0},K*(892)0{K+,pi-}}xB0{psi(4415)0{D0,Dbar0},K(0)*(1430)0{K+,pi-}} 3.8972579e-06 1.1798514e-06
FitFraction B0[P]{psi(4415)0{D0,Dbar0},K*(892)0{K+,pi-}}xB0{NonResS0{D0,Dbar0},K*(892)0{K+,pi-}} 3.8680308e-06 3.8533465e-06
FitFraction B0[P]{psi(3770)0{D0,Dbar0},K*(892)0{K+,pi-}}xB0{psi(3770)0{D0,Dbar0},K(0)*(1430)0{K+,pi-}} -3.6864746e-06 3.2459357e-06
FitFraction B0[P]{psi(4415)0{D0,Dbar0},K*(892)0{K+,pi-}}xB0[S]{psi(4040)0{D0,Dbar0},K*(892)0{K+,pi-}} 3.5989104e-06 1.4998716e-06
FitFraction B0[S]{psi(4160)0{D0,Dbar0},K*(892)0{K+,pi-}}xB0{D(s2)(2573)+{D0,K+},Dbar0,pi-} 3.5519116e-06 4.4565281e-06
FitFraction B0[P]{psi(4040)0{D0,Dbar0},K*(892)0{K+,pi-}}xB0{NonResS0{D0,Dbar0},K(0)*(1430)0{K+,pi-}} -3.0867661e-06 6.1101398e-06
FitFraction B0[D]{psi(4040)0{D0,Dbar0},K*(892)0{K+,pi-}}xB0{psi(4040)0{D0,Dbar0},K(0)*(800)0{K+,pi-}} 3.0068787e-06 5.7258176e-06
FitFraction B0[S]{psi(4040)0{D0,Dbar0},K*(892)0{K+,pi-}}xB0{psi(4415)0{D0,Dbar0},K(0)*(1430)0{K+,pi-}} 2.9989352e-06 1.5694737e-06
FitFraction B0[S]{psi(4040)0{D0,Dbar0},K*(892)0{K+,pi-}}xB0{psi(4040)0{D0,Dbar0},K(0)*(1430)0{K+,pi-}} 2.9781669e-06 2.4332883e-06
FitFraction B0[D]{psi(4040)0{D0,Dbar0},K*(892)0{K+,pi-}}xB0{NonResS0{D0,Dbar0},K*(892)0{K+,pi-}} 2.9709234e-06 1.2826878e-05
FitFraction B0[D]{psi(3770)0{D0,Dbar0},K*(892)0{K+,pi-}}xB0[P]{psi(4415)0{D0,Dbar0},K*(892)0{K+,pi-}} 2.6545863e-06 6.7410121e-07
FitFraction B0[D]{psi(4160)0{D0,Dbar0},K*(892)0{K+,pi-}}xB0{psi(4040)0{D0,Dbar0},K(0)*(1430)0{K+,pi-}} 2.6087678e-06 2.036422e-06
FitFraction B0[S]{psi(4040)0{D0,Dbar0},K*(892)0{K+,pi-}}xB0{NonResS0{D0,Dbar0},K*(892)0{K+,pi-}} 2.4787914e-06 2.3124567e-06
FitFraction B0[P]{psi(3770)0{D0,Dbar0},K*(892)0{K+,pi-}}xB0{K(0)*(800)0{K+,pi-},NonResS0{D0,Dbar0}} -2.4110354e-06 2.760322e-06
FitFraction B0[S]{psi(4160)0{D0,Dbar0},K*(892)0{K+,pi-}}xB0{NonResS0{D0,Dbar0},K(0)*(1430)0{K+,pi-}} 2.3837963e-06 2.4761113e-06
FitFraction B0[S]{psi(3770)0{D0,Dbar0},K*(892)0{K+,pi-}}xB0{NonResS0{D0,Dbar0},K(0)*(1430)0{K+,pi-}} 2.3319889e-06 1.0662516e-06
FitFraction B0{NonResS0{D0,Dbar0},K*(892)0{K+,pi-}}xB0{psi(4415)0{D0,Dbar0},K(0)*(1430)0{K+,pi-}} -2.2247938e-06 1.9783393e-06
FitFraction B0[D]{psi(4160)0{D0,Dbar0},K*(892)0{K+,pi-}}xB0[P]{psi(3770)0{D0,Dbar0},K*(892)0{K+,pi-}} -2.1222666e-06 9.709421e-07
FitFraction B0[P]{psi(3770)0{D0,Dbar0},K*(892)0{K+,pi-}}xB0[S]{psi(3770)0{D0,Dbar0},K*(892)0{K+,pi-}} -2.0732124e-06 1.2745689e-06
FitFraction B0{NonResS0{D0,Dbar0},K(0)*(1430)0{K+,pi-}}xB0{psi(4160)0{D0,Dbar0},K(0)*(1430)0{K+,pi-}} -1.9454726e-06 5.3176641e-06
FitFraction B0[P]{psi(3770)0{D0,Dbar0},K*(892)0{K+,pi-}}xB0{NonResS0{D0,Dbar0},K*(892)0{K+,pi-}} -1.9225212e-06 3.5126013e-06
FitFraction B0[P]{psi(4415)0{D0,Dbar0},K*(892)0{K+,pi-}}xB0{psi(4040)0{D0,Dbar0},K(0)*(1430)0{K+,pi-}} 1.9078761e-06 1.3086096e-06
FitFraction B0[D]{psi(4040)0{D0,Dbar0},K*(892)0{K+,pi-}}xB0[P]{psi(4160)0{D0,Dbar0},K*(892)0{K+,pi-}} 1.8247598e-06 3.377523e-06
FitFraction B0[D]{psi(3770)0{D0,Dbar0},K*(892)0{K+,pi-}}xB0{NonResS0{D0,Dbar0},K*(892)0{K+,pi-}} -1.8135349e-06 1.3825204e-06
FitFraction B0[P]{psi(3770)0{D0,Dbar0},K*(892)0{K+,pi-}}xB0{NonResS0{D0,Dbar0},K(0)*(1430)0{K+,pi-}} -1.7822288e-06 3.4061936e-06
FitFraction B0[D]{psi(4160)0{D0,Dbar0},K*(892)0{K+,pi-}}xB0{psi(3770)0{D0,Dbar0},K(0)*(800)0{K+,pi-}} 1.6003645e-06 8.0523297e-07
FitFraction B0{NonResS0{D0,Dbar0},K(0)*(1430)0{K+,pi-}}xB0{NonResS0{D0,Dbar0},K*(892)0{K+,pi-}} 1.5960276e-06 3.3273855e-06
FitFraction B0{NonResS0{D0,Dbar0},K*(892)0{K+,pi-}}xB0{psi(3770)0{D0,Dbar0},K(0)*(800)0{K+,pi-}} 1.5752881e-06 1.4226895e-06
FitFraction B0{K(0)*(800)0{K+,pi-},NonResS0{D0,Dbar0}}xB0{psi(4160)0{D0,Dbar0},K(0)*(1430)0{K+,pi-}} -1.5267823e-06 4.1744433e-06
FitFraction B0[D]{psi(3770)0{D0,Dbar0},K*(892)0{K+,pi-}}xB0{psi(4040)0{D0,Dbar0},K(0)*(1430)0{K+,pi-}} 1.5172866e-06 1.0332558e-06
FitFraction B0{NonResS0{D0,Dbar0},K(0)*(1430)0{K+,pi-}}xB0{psi(4040)0{D0,Dbar0},K(0)*(800)0{K+,pi-}} 1.4016709e-06 2.7981129e-06
FitFraction B0[D]{psi(4160)0{D0,Dbar0},K*(892)0{K+,pi-}}xB0[P]{psi(4415)0{D0,Dbar0},K*(892)0{K+,pi-}} 1.3568065e-06 6.098066e-07
FitFraction B0[P]{psi(4415)0{D0,Dbar0},K*(892)0{K+,pi-}}xB0{psi(4160)0{D0,Dbar0},K(0)*(800)0{K+,pi-}} 1.3388655e-06 7.0741145e-07
FitFraction B0[D]{psi(4160)0{D0,Dbar0},K*(892)0{K+,pi-}}xB0{NonResS0{D0,Dbar0},K(0)*(1430)0{K+,pi-}} 1.3141833e-06 1.92257e-06
FitFraction B0[D]{psi(4160)0{D0,Dbar0},K*(892)0{K+,pi-}}xB0{K(0)*(800)0{K+,pi-},NonResS0{D0,Dbar0}} 1.2626829e-06 1.6941378e-06
FitFraction B0{NonResS0{D0,Dbar0},K(0)*(1430)0{K+,pi-}}xB0{psi(4160)0{D0,Dbar0},K(0)*(800)0{K+,pi-}} 1.2573922e-06 1.6218328e-06
FitFraction B0[D]{psi(4160)0{D0,Dbar0},K*(892)0{K+,pi-}}xB0{psi(4415)0{D0,Dbar0},K(0)*(1430)0{K+,pi-}} 1.2309105e-06 6.2864758e-07
FitFraction B0[S]{psi(4040)0{D0,Dbar0},K*(892)0{K+,pi-}}xB0{psi(4160)0{D0,Dbar0},K(0)*(800)0{K+,pi-}} -1.2049357e-06 8.0831119e-07
FitFraction B0[D]{psi(3770)0{D0,Dbar0},K*(892)0{K+,pi-}}xB0[P]{psi(4040)0{D0,Dbar0},K*(892)0{K+,pi-}} -1.2031459e-06 1.3667171e-06
FitFraction B0[S]{psi(3770)0{D0,Dbar0},K*(892)0{K+,pi-}}xB0{K(0)*(800)0{K+,pi-},NonResS0{D0,Dbar0}} 1.178111e-06 6.3023606e-07
FitFraction B0[S]{psi(4160)0{D0,Dbar0},K*(892)0{K+,pi-}}xB0{K(0)*(800)0{K+,pi-},NonResS0{D0,Dbar0}} 1.1334582e-06 1.1942393e-06
FitFraction B0[P]{psi(3770)0{D0,Dbar0},K*(892)0{K+,pi-}}xB0{psi(4040)0{D0,Dbar0},K(0)*(1430)0{K+,pi-}} -1.121135e-06 8.0241692e-07
FitFraction B0[D]{psi(3770)0{D0,Dbar0},K*(892)0{K+,pi-}}xB0{psi(4415)0{D0,Dbar0},K(0)*(1430)0{K+,pi-}} 1.0686088e-06 3.7008266e-07
FitFraction B0[S]{psi(3770)0{D0,Dbar0},K*(892)0{K+,pi-}}xB0{D(s2)(2573)+{D0,K+},Dbar0,pi-} 1.0461657e-06 9.2417379e-07
FitFraction B0[D]{psi(4415)0{D0,Dbar0},K*(892)0{K+,pi-}}xB0[P]{psi(4160)0{D0,Dbar0},K*(892)0{K+,pi-}} -9.9384923e-07 1.8128207e-06
FitFraction B0[S]{psi(4160)0{D0,Dbar0},K*(892)0{K+,pi-}}xB0{psi(4415)0{D0,Dbar0},K(0)*(1430)0{K+,pi-}} -9.7989942e-07 1.0508044e-06
FitFraction B0[D]{psi(4160)0{D0,Dbar0},K*(892)0{K+,pi-}}xB0[P]{psi(4160)0{D0,Dbar0},K*(892)0{K+,pi-}} 9.319185e-07 1.7035709e-06
FitFraction B0[P]{psi(4040)0{D0,Dbar0},K*(892)0{K+,pi-}}xB0{psi(4040)0{D0,Dbar0},K(0)*(1430)0{K+,pi-}} -9.2146757e-07 8.6224921e-07
FitFraction B0[P]{psi(3770)0{D0,Dbar0},K*(892)0{K+,pi-}}xB0{psi(4415)0{D0,Dbar0},K(0)*(1430)0{K+,pi-}} -8.8814245e-07 4.4863023e-07
FitFraction B0[D]{psi(4040)0{D0,Dbar0},K*(892)0{K+,pi-}}xB0{psi(3770)0{D0,Dbar0},K(0)*(1430)0{K+,pi-}} 8.6320205e-07 7.6679108e-07
FitFraction B0[D]{psi(4040)0{D0,Dbar0},K*(892)0{K+,pi-}}xB0{psi(4415)0{D0,Dbar0},K(0)*(1430)0{K+,pi-}} -8.56162e-07 3.9867285e-07
FitFraction B0[P]{psi(3770)0{D0,Dbar0},K*(892)0{K+,pi-}}xB0[S]{psi(4040)0{D0,Dbar0},K*(892)0{K+,pi-}} -8.4911119e-07 4.1672732e-07
FitFraction B0[P]{psi(4415)0{D0,Dbar0},K*(892)0{K+,pi-}}xB0{psi(4415)0{D0,Dbar0},K(0)*(800)0{K+,pi-}} -8.2911556e-07 6.0591423e-07
FitFraction B0[S]{psi(4415)0{D0,Dbar0},K*(892)0{K+,pi-}}xB0{psi(4040)0{D0,Dbar0},K(0)*(1430)0{K+,pi-}} 7.8159869e-07 6.2284771e-07
FitFraction B0[P]{psi(4040)0{D0,Dbar0},K*(892)0{K+,pi-}}xB0{K(0)*(800)0{K+,pi-},NonResS0{D0,Dbar0}} -7.6642126e-07 4.171191e-06
FitFraction B0[D]{psi(3770)0{D0,Dbar0},K*(892)0{K+,pi-}}xB0{psi(3770)0{D0,Dbar0},K(0)*(1430)0{K+,pi-}} -7.5986133e-07 8.4267153e-07
FitFraction B0[P]{psi(3770)0{D0,Dbar0},K*(892)0{K+,pi-}}xB0{D(s2)(2573)+{D0,K+},Dbar0,pi-} 7.2918725e-07 1.0109674e-06
FitFraction B0[P]{psi(3770)0{D0,Dbar0},K*(892)0{K+,pi-}}xB0{psi(4160)0{D0,Dbar0},K(0)*(800)0{K+,pi-}} -7.2581189e-07 4.0562491e-07
FitFraction B0{K(0)*(800)0{K+,pi-},NonResS0{D0,Dbar0}}xB0{psi(3770)0{D0,Dbar0},K(0)*(1430)0{K+,pi-}} 7.1865127e-07 6.374251e-07
FitFraction B0[P]{psi(3770)0{D0,Dbar0},K*(892)0{K+,pi-}}xB0[S]{psi(4415)0{D0,Dbar0},K*(892)0{K+,pi-}} 7.1380655e-07 4.1403225e-07
FitFraction B0[P]{psi(4415)0{D0,Dbar0},K*(892)0{K+,pi-}}xB0[S]{psi(4160)0{D0,Dbar0},K*(892)0{K+,pi-}} -7.1156185e-07 7.4647723e-07
FitFraction B0[D]{psi(4040)0{D0,Dbar0},K*(892)0{K+,pi-}}xB0{psi(4415)0{D0,Dbar0},K(0)*(800)0{K+,pi-}} 7.0361554e-07 5.051781e-07
FitFraction B0[S]{psi(4415)0{D0,Dbar0},K*(892)0{K+,pi-}}xB0{psi(4160)0{D0,Dbar0},K(0)*(800)0{K+,pi-}} 6.939464e-07 5.12817e-07
FitFraction B0{K(0)*(800)0{K+,pi-},NonResS0{D0,Dbar0}}xB0{psi(4040)0{D0,Dbar0},K(0)*(800)0{K+,pi-}} -6.4278491e-07 1.2534684e-06
FitFraction B0[P]{psi(4160)0{D0,Dbar0},K*(892)0{K+,pi-}}xB0{NonResS0{D0,Dbar0},K(0)*(1430)0{K+,pi-}} 6.1889479e-07 1.2177162e-06
FitFraction B0{K(0)*(800)0{K+,pi-},NonResS0{D0,Dbar0}}xB0{NonResS0{D0,Dbar0},K*(892)0{K+,pi-}} -6.1599165e-07 1.2462288e-06
FitFraction B0[D]{psi(4160)0{D0,Dbar0},K*(892)0{K+,pi-}}xB0{NonResS0{D0,Dbar0},K*(892)0{K+,pi-}} 6.1466093e-07 1.256531e-06
FitFraction B0[S]{psi(4160)0{D0,Dbar0},K*(892)0{K+,pi-}}xB0{psi(4160)0{D0,Dbar0},K(0)*(800)0{K+,pi-}} 5.6337708e-07 6.6534781e-07
FitFraction B0[P]{psi(4160)0{D0,Dbar0},K*(892)0{K+,pi-}}xB0{K(0)*(800)0{K+,pi-},NonResS0{D0,Dbar0}} 5.3884582e-07 1.071266e-06
FitFraction B0[P]{psi(4040)0{D0,Dbar0},K*(892)0{K+,pi-}}xB0[S]{psi(4160)0{D0,Dbar0},K*(892)0{K+,pi-}} -5.2250925e-07 5.8860021e-07
FitFraction B0[D]{psi(4415)0{D0,Dbar0},K*(892)0{K+,pi-}}xB0{psi(3770)0{D0,Dbar0},K(0)*(1430)0{K+,pi-}} 5.027213e-07 4.4644359e-07
FitFraction B0{NonResS0{D0,Dbar0},K*(892)0{K+,pi-}}xB0{psi(4040)0{D0,Dbar0},K(0)*(1430)0{K+,pi-}} -4.7348497e-07 7.5891564e-07
FitFraction B0[P]{psi(4040)0{D0,Dbar0},K*(892)0{K+,pi-}}xB0{psi(4415)0{D0,Dbar0},K(0)*(1430)0{K+,pi-}} -4.3911396e-07 2.3520742e-07
FitFraction B0[P]{psi(4415)0{D0,Dbar0},K*(892)0{K+,pi-}}xB0{D(s2)(2573)+{D0,K+},Dbar0,pi-} -4.2189229e-07 1.6751318e-06
FitFraction B0[D]{psi(4415)0{D0,Dbar0},K*(892)0{K+,pi-}}xB0{psi(4415)0{D0,Dbar0},K(0)*(800)0{K+,pi-}} 4.0666955e-07 2.8986146e-07
FitFraction B0[P]{psi(4160)0{D0,Dbar0},K*(892)0{K+,pi-}}xB0[S]{psi(4160)0{D0,Dbar0},K*(892)0{K+,pi-}} 3.8722569e-07 7.9932503e-07
FitFraction B0[P]{psi(4415)0{D0,Dbar0},K*(892)0{K+,pi-}}xB0{psi(4040)0{D0,Dbar0},K(0)*(800)0{K+,pi-}} -3.8555461e-07 7.4131425e-07
FitFraction B0[P]{psi(4160)0{D0,Dbar0},K*(892)0{K+,pi-}}xB0{psi(4415)0{D0,Dbar0},K(0)*(1430)0{K+,pi-}} -3.7523723e-07 6.9601019e-07
FitFraction B0[D]{psi(4160)0{D0,Dbar0},K*(892)0{K+,pi-}}xB0{psi(4415)0{D0,Dbar0},K(0)*(800)0{K+,pi-}} 3.727859e-07 3.3816293e-07
FitFraction B0[D]{psi(4040)0{D0,Dbar0},K*(892)0{K+,pi-}}xB0{psi(4160)0{D0,Dbar0},K(0)*(800)0{K+,pi-}} -3.5232542e-07 2.1637329e-07
FitFraction B0[P]{psi(3770)0{D0,Dbar0},K*(892)0{K+,pi-}}xB0{psi(4040)0{D0,Dbar0},K(0)*(800)0{K+,pi-}} 3.4748757e-07 6.636412e-07
FitFraction B0[S]{psi(4160)0{D0,Dbar0},K*(892)0{K+,pi-}}xB0{psi(4040)0{D0,Dbar0},K(0)*(1430)0{K+,pi-}} -3.3985737e-07 4.1442753e-07
FitFraction B0[P]{psi(4415)0{D0,Dbar0},K*(892)0{K+,pi-}}xB0{psi(3770)0{D0,Dbar0},K(0)*(800)0{K+,pi-}} -3.3476974e-07 1.1470343e-07
FitFraction B0[D]{psi(3770)0{D0,Dbar0},K*(892)0{K+,pi-}}xB0{psi(4040)0{D0,Dbar0},K(0)*(800)0{K+,pi-}} -3.3438248e-07 6.5088777e-07
FitFraction B0[P]{psi(4160)0{D0,Dbar0},K*(892)0{K+,pi-}}xB0{NonResS0{D0,Dbar0},K*(892)0{K+,pi-}} 3.2979878e-07 6.8059049e-07
FitFraction B0[P]{psi(4415)0{D0,Dbar0},K*(892)0{K+,pi-}}xB0[S]{psi(3770)0{D0,Dbar0},K*(892)0{K+,pi-}} -3.1482804e-07 1.7731952e-07
FitFraction B0[D]{psi(3770)0{D0,Dbar0},K*(892)0{K+,pi-}}xB0[P]{psi(4160)0{D0,Dbar0},K*(892)0{K+,pi-}} 3.0920637e-07 5.6468795e-07
FitFraction B0[P]{psi(4040)0{D0,Dbar0},K*(892)0{K+,pi-}}xB0{psi(3770)0{D0,Dbar0},K(0)*(800)0{K+,pi-}} 3.0674949e-07 1.8382219e-07
FitFraction B0[D]{psi(4160)0{D0,Dbar0},K*(892)0{K+,pi-}}xB0{psi(4160)0{D0,Dbar0},K(0)*(800)0{K+,pi-}} -3.0661732e-07 2.0013872e-07
FitFraction B0[P]{psi(4040)0{D0,Dbar0},K*(892)0{K+,pi-}}xB0{psi(4040)0{D0,Dbar0},K(0)*(800)0{K+,pi-}} 2.8378661e-07 5.7084198e-07
FitFraction B0[S]{psi(4040)0{D0,Dbar0},K*(892)0{K+,pi-}}xB0{psi(3770)0{D0,Dbar0},K(0)*(800)0{K+,pi-}} -2.6691682e-07 2.4251809e-07
FitFraction B0{NonResS0{D0,Dbar0},K*(892)0{K+,pi-}}xB0{psi(4160)0{D0,Dbar0},K(0)*(800)0{K+,pi-}} 2.6687007e-07 6.1253631e-07
FitFraction B0[P]{psi(3770)0{D0,Dbar0},K*(892)0{K+,pi-}}xB0{psi(4415)0{D0,Dbar0},K(0)*(800)0{K+,pi-}} 2.5271228e-07 1.8687239e-07
FitFraction B0[D]{psi(4040)0{D0,Dbar0},K*(892)0{K+,pi-}}xB0{psi(4160)0{D0,Dbar0},K(0)*(1430)0{K+,pi-}} 2.5227038e-07 6.9329305e-07
FitFraction B0{NonResS0{D0,Dbar0},K*(892)0{K+,pi-}}xB0{psi(4160)0{D0,Dbar0},K(0)*(1430)0{K+,pi-}} 2.4859566e-07 7.1000796e-07
FitFraction B0{NonResS0{D0,Dbar0},K*(892)0{K+,pi-}}xB0{psi(4040)0{D0,Dbar0},K(0)*(800)0{K+,pi-}} -2.3644061e-07 5.0019159e-07
FitFraction B0[S]{psi(4040)0{D0,Dbar0},K*(892)0{K+,pi-}}xB0{psi(4040)0{D0,Dbar0},K(0)*(800)0{K+,pi-}} -2.2867294e-07 5.2753543e-07
FitFraction B0[S]{psi(4040)0{D0,Dbar0},K*(892)0{K+,pi-}}xB0{psi(4415)0{D0,Dbar0},K(0)*(800)0{K+,pi-}} -2.2463774e-07 2.7075952e-07
FitFraction B0[D]{psi(4160)0{D0,Dbar0},K*(892)0{K+,pi-}}xB0{psi(4160)0{D0,Dbar0},K(0)*(1430)0{K+,pi-}} 2.2425887e-07 6.2584357e-07
FitFraction B0[P]{psi(4160)0{D0,Dbar0},K*(892)0{K+,pi-}}xB0{psi(4160)0{D0,Dbar0},K(0)*(800)0{K+,pi-}} 2.2306095e-07 4.229677e-07
FitFraction B0[P]{psi(4040)0{D0,Dbar0},K*(892)0{K+,pi-}}xB0[S]{psi(4040)0{D0,Dbar0},K*(892)0{K+,pi-}} 2.2280175e-07 1.7927088e-07
FitFraction B0[P]{psi(4415)0{D0,Dbar0},K*(892)0{K+,pi-}}xB0{psi(3770)0{D0,Dbar0},K(0)*(1430)0{K+,pi-}} 2.1200728e-07 1.8990027e-07
FitFraction B0[D]{psi(4415)0{D0,Dbar0},K*(892)0{K+,pi-}}xB0{psi(4160)0{D0,Dbar0},K(0)*(1430)0{K+,pi-}} 2.1179034e-07 5.7975895e-07
FitFraction B0[S]{psi(4040)0{D0,Dbar0},K*(892)0{K+,pi-}}xB0{psi(3770)0{D0,Dbar0},K(0)*(1430)0{K+,pi-}} -2.0797273e-07 2.1007812e-07
FitFraction B0[S]{psi(4160)0{D0,Dbar0},K*(892)0{K+,pi-}}xB0{psi(4160)0{D0,Dbar0},K(0)*(1430)0{K+,pi-}} -2.0116356e-07 5.7130868e-07
FitFraction B0{NonResS0{D0,Dbar0},K*(892)0{K+,pi-}}xB0{psi(3770)0{D0,Dbar0},K(0)*(1430)0{K+,pi-}} 1.9039339e-07 4.1449179e-07
FitFraction B0[P]{psi(4160)0{D0,Dbar0},K*(892)0{K+,pi-}}xB0{psi(4040)0{D0,Dbar0},K(0)*(1430)0{K+,pi-}} 1.899547e-07 3.6393576e-07
FitFraction B0[P]{psi(4160)0{D0,Dbar0},K*(892)0{K+,pi-}}xB0[S]{psi(4040)0{D0,Dbar0},K*(892)0{K+,pi-}} -1.8673826e-07 3.7113692e-07
FitFraction B0[P]{psi(4040)0{D0,Dbar0},K*(892)0{K+,pi-}}xB0[S]{psi(4415)0{D0,Dbar0},K*(892)0{K+,pi-}} -1.8210166e-07 3.6474327e-07
FitFraction B0[S]{psi(4415)0{D0,Dbar0},K*(892)0{K+,pi-}}xB0{psi(3770)0{D0,Dbar0},K(0)*(800)0{K+,pi-}} 1.7854183e-07 1.0235978e-07
FitFraction B0[S]{psi(4040)0{D0,Dbar0},K*(892)0{K+,pi-}}xB0{psi(4160)0{D0,Dbar0},K(0)*(1430)0{K+,pi-}} -1.7570341e-07 4.9132468e-07
FitFraction B0[D]{psi(4040)0{D0,Dbar0},K*(892)0{K+,pi-}}xB0{psi(3770)0{D0,Dbar0},K(0)*(800)0{K+,pi-}} 1.7229337e-07 4.2649133e-07
FitFraction B0[S]{psi(4160)0{D0,Dbar0},K*(892)0{K+,pi-}}xB0{psi(3770)0{D0,Dbar0},K(0)*(800)0{K+,pi-}} -1.7055513e-07 1.8652987e-07
FitFraction B0{NonResS0{D0,Dbar0},K*(892)0{K+,pi-}}xB0{psi(4415)0{D0,Dbar0},K(0)*(800)0{K+,pi-}} 1.6454437e-07 3.2821324e-07
FitFraction B0[P]{psi(3770)0{D0,Dbar0},K*(892)0{K+,pi-}}xB0[S]{psi(4160)0{D0,Dbar0},K*(892)0{K+,pi-}} -1.5155949e-07 1.6207919e-07
FitFraction B0[D]{psi(4160)0{D0,Dbar0},K*(892)0{K+,pi-}}xB0{psi(4040)0{D0,Dbar0},K(0)*(800)0{K+,pi-}} 1.5060713e-07 3.0347591e-07
FitFraction B0[S]{psi(4160)0{D0,Dbar0},K*(892)0{K+,pi-}}xB0{psi(4415)0{D0,Dbar0},K(0)*(800)0{K+,pi-}} -1.5041316e-07 1.9150599e-07
FitFraction B0[P]{psi(4040)0{D0,Dbar0},K*(892)0{K+,pi-}}xB0{NonResS0{D0,Dbar0},K*(892)0{K+,pi-}} -1.4958436e-07 1.687709e-06
FitFraction B0[D]{psi(4160)0{D0,Dbar0},K*(892)0{K+,pi-}}xB0{psi(3770)0{D0,Dbar0},K(0)*(1430)0{K+,pi-}} -1.4001306e-07 1.3905581e-07
FitFraction B0[S]{psi(4415)0{D0,Dbar0},K*(892)0{K+,pi-}}xB0{NonResS0{D0,Dbar0},K*(892)0{K+,pi-}} -1.3838089e-07 1.7751311e-07
FitFraction B0[D]{psi(3770)0{D0,Dbar0},K*(892)0{K+,pi-}}xB0{psi(4415)0{D0,Dbar0},K(0)*(800)0{K+,pi-}} 1.3207412e-07 1.0226298e-07
FitFraction B0[S]{psi(3770)0{D0,Dbar0},K*(892)0{K+,pi-}}xB0{psi(3770)0{D0,Dbar0},K(0)*(800)0{K+,pi-}} -1.2136636e-07 7.6989635e-08
FitFraction B0[S]{psi(4415)0{D0,Dbar0},K*(892)0{K+,pi-}}xB0{psi(4160)0{D0,Dbar0},K(0)*(1430)0{K+,pi-}} 9.9077332e-08 2.752513e-07
FitFraction B0[P]{psi(4160)0{D0,Dbar0},K*(892)0{K+,pi-}}xB0[S]{psi(4415)0{D0,Dbar0},K*(892)0{K+,pi-}} 9.6063604e-08 1.8216449e-07
FitFraction B0[S]{psi(4415)0{D0,Dbar0},K*(892)0{K+,pi-}}xB0{psi(4040)0{D0,Dbar0},K(0)*(800)0{K+,pi-}} 8.2312082e-08 1.6535078e-07
FitFraction B0[P]{psi(4160)0{D0,Dbar0},K*(892)0{K+,pi-}}xB0{D(s2)(2573)+{D0,K+},Dbar0,pi-} -7.9615652e-08 1.5363971e-07
FitFraction B0[S]{psi(4160)0{D0,Dbar0},K*(892)0{K+,pi-}}xB0{psi(3770)0{D0,Dbar0},K(0)*(1430)0{K+,pi-}} 7.8256531e-08 1.0878707e-07
FitFraction B0[P]{psi(4160)0{D0,Dbar0},K*(892)0{K+,pi-}}xB0{psi(4040)0{D0,Dbar0},K(0)*(800)0{K+,pi-}} -7.7404645e-08 2.0247342e-07
FitFraction B0[S]{psi(3770)0{D0,Dbar0},K*(892)0{K+,pi-}}xB0{psi(3770)0{D0,Dbar0},K(0)*(1430)0{K+,pi-}} 7.4692457e-08 7.8314379e-08
FitFraction B0[S]{psi(3770)0{D0,Dbar0},K*(892)0{K+,pi-}}xB0{NonResS0{D0,Dbar0},K*(892)0{K+,pi-}} 7.4634014e-08 8.3417858e-08
FitFraction B0[S]{psi(4415)0{D0,Dbar0},K*(892)0{K+,pi-}}xB0{psi(4415)0{D0,Dbar0},K(0)*(800)0{K+,pi-}} -6.9071827e-08 6.7622725e-08
FitFraction B0[S]{psi(3770)0{D0,Dbar0},K*(892)0{K+,pi-}}xB0{psi(4040)0{D0,Dbar0},K(0)*(1430)0{K+,pi-}} 5.8493555e-08 5.0642438e-08
FitFraction B0[P]{psi(4040)0{D0,Dbar0},K*(892)0{K+,pi-}}xB0{psi(4160)0{D0,Dbar0},K(0)*(1430)0{K+,pi-}} -5.7515344e-08 1.5827311e-07
FitFraction B0[S]{psi(3770)0{D0,Dbar0},K*(892)0{K+,pi-}}xB0{psi(4160)0{D0,Dbar0},K(0)*(800)0{K+,pi-}} 5.5129048e-08 4.1659428e-08
FitFraction B0[D]{psi(3770)0{D0,Dbar0},K*(892)0{K+,pi-}}xB0{psi(4160)0{D0,Dbar0},K(0)*(1430)0{K+,pi-}} -5.1763702e-08 1.4213151e-07
FitFraction B0[P]{psi(3770)0{D0,Dbar0},K*(892)0{K+,pi-}}xB0{psi(4160)0{D0,Dbar0},K(0)*(1430)0{K+,pi-}} 5.0656046e-08 1.4600793e-07
FitFraction B0[P]{psi(4040)0{D0,Dbar0},K*(892)0{K+,pi-}}xB0[S]{psi(3770)0{D0,Dbar0},K*(892)0{K+,pi-}} -4.6966624e-08 3.3915879e-08
FitFraction B0[S]{psi(4415)0{D0,Dbar0},K*(892)0{K+,pi-}}xB0{psi(3770)0{D0,Dbar0},K(0)*(1430)0{K+,pi-}} -4.4839432e-08 4.477964e-08
FitFraction B0[P]{psi(4160)0{D0,Dbar0},K*(892)0{K+,pi-}}xB0{psi(4415)0{D0,Dbar0},K(0)*(800)0{K+,pi-}} -4.3988252e-08 8.6514148e-08
FitFraction B0[P]{psi(4160)0{D0,Dbar0},K*(892)0{K+,pi-}}xB0{psi(4160)0{D0,Dbar0},K(0)*(1430)0{K+,pi-}} 4.2377022e-08 1.3483944e-07
FitFraction B0[S]{psi(4160)0{D0,Dbar0},K*(892)0{K+,pi-}}xB0{psi(4040)0{D0,Dbar0},K(0)*(800)0{K+,pi-}} 3.7906627e-08 8.2251167e-08
FitFraction B0[S]{psi(3770)0{D0,Dbar0},K*(892)0{K+,pi-}}xB0{psi(4040)0{D0,Dbar0},K(0)*(800)0{K+,pi-}} 3.7075641e-08 7.3521522e-08
FitFraction B0[P]{psi(4040)0{D0,Dbar0},K*(892)0{K+,pi-}}xB0{psi(4160)0{D0,Dbar0},K(0)*(800)0{K+,pi-}} -3.456765e-08 3.1542873e-08
FitFraction B0[D]{psi(3770)0{D0,Dbar0},K*(892)0{K+,pi-}}xB0{psi(4160)0{D0,Dbar0},K(0)*(800)0{K+,pi-}} -3.4202996e-08 1.8571704e-08
FitFraction B0[S]{psi(3770)0{D0,Dbar0},K*(892)0{K+,pi-}}xB0{psi(4415)0{D0,Dbar0},K(0)*(1430)0{K+,pi-}} -3.2788978e-08 2.0323597e-08
FitFraction B0[P]{psi(4160)0{D0,Dbar0},K*(892)0{K+,pi-}}xB0{psi(3770)0{D0,Dbar0},K(0)*(1430)0{K+,pi-}} 2.9540443e-08 5.9221306e-08
FitFraction B0[P]{psi(4040)0{D0,Dbar0},K*(892)0{K+,pi-}}xB0{D(s2)(2573)+{D0,K+},Dbar0,pi-} 2.6762742e-08 8.8582797e-07
FitFraction B0[P]{psi(4040)0{D0,Dbar0},K*(892)0{K+,pi-}}xB0{psi(4415)0{D0,Dbar0},K(0)*(800)0{K+,pi-}} -2.4189577e-08 6.3406486e-08
FitFraction B0[P]{psi(4415)0{D0,Dbar0},K*(892)0{K+,pi-}}xB0{psi(4160)0{D0,Dbar0},K(0)*(1430)0{K+,pi-}} 2.3615082e-08 6.4544374e-08
FitFraction B0[P]{psi(4040)0{D0,Dbar0},K*(892)0{K+,pi-}}xB0{psi(3770)0{D0,Dbar0},K(0)*(1430)0{K+,pi-}} -2.3518778e-08 4.1294767e-08
FitFraction B0[S]{psi(3770)0{D0,Dbar0},K*(892)0{K+,pi-}}xB0{psi(4415)0{D0,Dbar0},K(0)*(800)0{K+,pi-}} 1.9351005e-08 1.7385045e-08
FitFraction B0[P]{psi(4160)0{D0,Dbar0},K*(892)0{K+,pi-}}xB0{psi(3770)0{D0,Dbar0},K(0)*(800)0{K+,pi-}} -1.5394003e-08 2.8611274e-08
FitFraction B0[S]{psi(3770)0{D0,Dbar0},K*(892)0{K+,pi-}}xB0{psi(4160)0{D0,Dbar0},K(0)*(1430)0{K+,pi-}} -1.0157734e-09 2.8352954e-09
FitFraction B0[S]{psi(4160)0{D0,Dbar0},K*(892)0{K+,pi-}}xB0{NonResS0{D0,Dbar0},K*(892)0{K+,pi-}} 1.0090734e-09 9.8640472e-08
FitFraction B0[P]{psi(4160)0{D0,Dbar0},K*(892)0{K+,pi-}}xB0[S]{psi(3770)0{D0,Dbar0},K*(892)0{K+,pi-}} 6.2280704e-10 1.186478e-09
FitFraction Sum_B0_interference 0.057211955 0.021979984
End Log
