Parameter B0[D]{psi(3770)0{D0,Dbar0},K*(892)0{K+,pi-}}_Re 0 8.8047 6.66621 44.4384 -7.37318 42.9433 1.90006 -419.633 0 10.7133 -18.9911 10.7599 0 0 0 59.8577 -3.17307 86.7799 -3.94282 5.64942 -21.9525 
Parameter B0[D]{psi(3770)0{D0,Dbar0},K*(892)0{K+,pi-}}_Im 0 -69.1353 8.81367 -7.37318 77.6807 -5.07738 6.79951 66.2915 0 -1.53012 27.1478 -1.2655 0 0 0 -8.03096 3.00916 -11.8469 2.71074 -1.4221 -46.1403 
Parameter B0[D]{psi(4040)0{D0,Dbar0},K*(892)0{K+,pi-}}_Re 0 8.12389 6.5518 42.9433 -5.07738 42.9261 3.02242 -414.559 0 10.6287 -19.4786 10.6147 0 0 0 59.0659 -2.57817 85.6505 -3.03089 5.43946 -20.5356 
Parameter B0[D]{psi(4040)0{D0,Dbar0},K*(892)0{K+,pi-}}_Im 0 -85.0771 4.82261 1.90006 6.79951 3.02242 23.2576 -28.798 0 0.775001 -0.0766887 0.609306 0 0 0 3.79374 0.155288 5.68791 -0.160771 0.315155 -1.37374 
Parameter B0[D]{psi(4415)0{D0,Dbar0},K*(892)0{K+,pi-}}_Re 0 -80.2376 63.7211 -419.633 66.2915 -414.559 -28.798 4060.38 0 -104.382 205.636 -103.763 0 0 0 -577.782 21.1503 -838.146 29.7023 -53.6269 192.734 
Parameter B0[D]{psi(4415)0{D0,Dbar0},K*(892)0{K+,pi-}}_Im 3 0 0 0 0 0 0 0 0 0 0 0 0 0 0 0 0 0 0 0 0 
Parameter B0[P]{psi(3770)0{D0,Dbar0},K*(892)0{K+,pi-}}_Re 0 1.87711 1.69487 10.7133 -1.53012 10.6287 0.775001 -104.382 0 2.87258 -8.61664 2.67851 0 0 0 14.8783 -0.225891 21.6092 -0.299753 1.41209 -2.82903 
Parameter B0[P]{psi(3770)0{D0,Dbar0},K*(892)0{K+,pi-}}_Im 0 -19.7227 15.8458 -18.9911 27.1478 -19.4786 -0.0766887 205.636 0 -8.61664 251.088 -3.68812 0 0 0 -27.8327 4.28369 -41.4233 4.01462 -2.7305 -45.934 
Parameter B0[P]{psi(4415)0{D0,Dbar0},K*(892)0{K+,pi-}}_Re 0 2.05629 1.6868 10.7599 -1.2655 10.6147 0.609306 -103.763 0 2.67851 -3.68812 2.84531 0 0 0 14.8657 -0.769133 21.5249 -0.767369 1.37816 -3.78212 
Parameter B0[P]{psi(4415)0{D0,Dbar0},K*(892)0{K+,pi-}}_Im 3 0 0 0 0 0 0 0 0 0 0 0 0 0 0 0 0 0 0 0 0 
Parameter B0[S]{psi(3770)0{D0,Dbar0},K*(892)0{K+,pi-}}_Re 2 2.093 0 0 0 0 0 0 0 0 0 0 0 0 0 0 0 0 0 0 0 
Parameter B0[S]{psi(3770)0{D0,Dbar0},K*(892)0{K+,pi-}}_Im 2 0 0 0 0 0 0 0 0 0 0 0 0 0 0 0 0 0 0 0 0 
Parameter B0{K(0)*(800)0{K+,pi-},NonResS0{D0,Dbar0}}_Re 0 11.4083 9.11373 59.8577 -8.03096 59.0659 3.79374 -577.782 0 14.8783 -27.8327 14.8657 0 0 0 83.06 -4.28428 119.427 -4.02404 7.62125 -26.1558 
Parameter B0{K(0)*(800)0{K+,pi-},NonResS0{D0,Dbar0}}_Im 0 -30.2464 8.38335 -3.17307 3.00916 -2.57817 0.155288 21.1503 0 -0.225891 4.28369 -0.769133 0 0 0 -4.28428 70.2805 -4.77342 -13.6047 0.0818476 37.7717 
Parameter B0{NonResS0{D0,Dbar0},K(0)*(1430)0{K+,pi-}}_Re 0 16.4835 13.1872 86.7799 -11.8469 85.6505 5.68791 -838.146 0 21.6092 -41.4233 21.5249 0 0 0 119.427 -4.77342 173.901 -6.05555 11.1104 -38.2158 
Parameter B0{NonResS0{D0,Dbar0},K(0)*(1430)0{K+,pi-}}_Im 0 67.2396 6.83935 -3.94282 2.71074 -3.03089 -0.160771 29.7023 0 -0.299753 4.01462 -0.767369 0 0 0 -4.02404 -13.6047 -6.05555 46.7767 0.219959 27.3489 
Parameter B0{NonResS0{D0,Dbar0},K*(892)0{K+,pi-}}_Re 0 1.28078 1.12446 5.64942 -1.4221 5.43946 0.315155 -53.6269 0 1.41209 -2.7305 1.37816 0 0 0 7.62125 0.0818476 11.1104 0.219959 1.26442 0.685349 
Parameter B0{NonResS0{D0,Dbar0},K*(892)0{K+,pi-}}_Im 0 -104.201 35.226 -21.9525 -46.1403 -20.5356 -1.37374 192.734 0 -2.82903 -45.934 -3.78212 0 0 0 -26.1558 37.7717 -38.2158 27.3489 0.685349 1240.87 
FitQuality 388.88306 64 14 95.998958 0
FitFraction B0{NonResS0{D0,Dbar0},K(0)*(1430)0{K+,pi-}} 0.36972616 0.023728435
FitFraction B0[D]{psi(4415)0{D0,Dbar0},K*(892)0{K+,pi-}} 0.23075498 0.095800136
FitFraction B0{K(0)*(800)0{K+,pi-},NonResS0{D0,Dbar0}} 0.1362878 0.037470599
FitFraction B0[D]{psi(4040)0{D0,Dbar0},K*(892)0{K+,pi-}} 0.062756092 0.017269218
FitFraction B0[D]{psi(3770)0{D0,Dbar0},K*(892)0{K+,pi-}} 0.031971929 0.0114142
FitFraction B0[P]{psi(3770)0{D0,Dbar0},K*(892)0{K+,pi-}} 0.011654546 0.005207372
FitFraction B0[P]{psi(4415)0{D0,Dbar0},K*(892)0{K+,pi-}} 0.0055463829 0.0024027756
FitFraction B0{NonResS0{D0,Dbar0},K*(892)0{K+,pi-}} 0.0013691187 0.0016907896
FitFraction B0[S]{psi(3770)0{D0,Dbar0},K*(892)0{K+,pi-}} 0.0011411626 0.0019811107
FitFraction Sum_B0 0.85120817 0.15228816
FitFraction B0{K(0)*(800)0{K+,pi-},NonResS0{D0,Dbar0}}xB0{NonResS0{D0,Dbar0},K(0)*(1430)0{K+,pi-}} 0.1540127 0.054931799
FitFraction B0[D]{psi(4040)0{D0,Dbar0},K*(892)0{K+,pi-}}xB0[D]{psi(4415)0{D0,Dbar0},K*(892)0{K+,pi-}} -0.057814408 0.015373581
FitFraction B0[D]{psi(3770)0{D0,Dbar0},K*(892)0{K+,pi-}}xB0[D]{psi(4415)0{D0,Dbar0},K*(892)0{K+,pi-}} -0.011921359 0.0057329229
FitFraction B0[D]{psi(3770)0{D0,Dbar0},K*(892)0{K+,pi-}}xB0[D]{psi(4040)0{D0,Dbar0},K*(892)0{K+,pi-}} -0.0065301771 0.0024866307
FitFraction B0[D]{psi(4415)0{D0,Dbar0},K*(892)0{K+,pi-}}xB0[S]{psi(3770)0{D0,Dbar0},K*(892)0{K+,pi-}} -0.0019719048 0.0019904296
FitFraction B0[P]{psi(3770)0{D0,Dbar0},K*(892)0{K+,pi-}}xB0[P]{psi(4415)0{D0,Dbar0},K*(892)0{K+,pi-}} -0.0013096604 0.00062325287
FitFraction B0[D]{psi(3770)0{D0,Dbar0},K*(892)0{K+,pi-}}xB0[S]{psi(3770)0{D0,Dbar0},K*(892)0{K+,pi-}} -0.0009900858 0.0011035797
FitFraction B0[D]{psi(4040)0{D0,Dbar0},K*(892)0{K+,pi-}}xB0[S]{psi(3770)0{D0,Dbar0},K*(892)0{K+,pi-}} 0.00093804133 0.00091016313
FitFraction B0[D]{psi(4415)0{D0,Dbar0},K*(892)0{K+,pi-}}xB0{NonResS0{D0,Dbar0},K(0)*(1430)0{K+,pi-}} -7.0620458e-05 1.4609037e-05
FitFraction B0[D]{psi(4415)0{D0,Dbar0},K*(892)0{K+,pi-}}xB0{K(0)*(800)0{K+,pi-},NonResS0{D0,Dbar0}} -5.7460644e-05 9.03254e-06
FitFraction B0[P]{psi(3770)0{D0,Dbar0},K*(892)0{K+,pi-}}xB0{NonResS0{D0,Dbar0},K(0)*(1430)0{K+,pi-}} 4.2115617e-05 1.5085262e-05
FitFraction B0[D]{psi(4040)0{D0,Dbar0},K*(892)0{K+,pi-}}xB0{NonResS0{D0,Dbar0},K(0)*(1430)0{K+,pi-}} 3.0365245e-05 8.5245734e-06
FitFraction B0[P]{psi(3770)0{D0,Dbar0},K*(892)0{K+,pi-}}xB0{K(0)*(800)0{K+,pi-},NonResS0{D0,Dbar0}} 2.3451184e-05 4.8132726e-06
FitFraction B0[P]{psi(3770)0{D0,Dbar0},K*(892)0{K+,pi-}}xB0[S]{psi(3770)0{D0,Dbar0},K*(892)0{K+,pi-}} 1.5443148e-05 1.4057861e-05
FitFraction B0[D]{psi(4040)0{D0,Dbar0},K*(892)0{K+,pi-}}xB0{K(0)*(800)0{K+,pi-},NonResS0{D0,Dbar0}} 1.4337587e-05 4.9986933e-06
FitFraction B0[D]{psi(4040)0{D0,Dbar0},K*(892)0{K+,pi-}}xB0{NonResS0{D0,Dbar0},K*(892)0{K+,pi-}} 8.8296888e-06 6.7660342e-06
FitFraction B0[D]{psi(3770)0{D0,Dbar0},K*(892)0{K+,pi-}}xB0[P]{psi(3770)0{D0,Dbar0},K*(892)0{K+,pi-}} -7.6766831e-06 3.6591288e-06
FitFraction B0[D]{psi(4415)0{D0,Dbar0},K*(892)0{K+,pi-}}xB0{NonResS0{D0,Dbar0},K*(892)0{K+,pi-}} -7.323253e-06 1.2392507e-05
FitFraction B0{NonResS0{D0,Dbar0},K(0)*(1430)0{K+,pi-}}xB0{NonResS0{D0,Dbar0},K*(892)0{K+,pi-}} -7.24447e-06 6.6649401e-06
FitFraction B0[P]{psi(4415)0{D0,Dbar0},K*(892)0{K+,pi-}}xB0{K(0)*(800)0{K+,pi-},NonResS0{D0,Dbar0}} 7.1158359e-06 2.2609337e-06
FitFraction B0[D]{psi(3770)0{D0,Dbar0},K*(892)0{K+,pi-}}xB0{K(0)*(800)0{K+,pi-},NonResS0{D0,Dbar0}} -6.9643451e-06 1.5311716e-06
FitFraction B0[D]{psi(3770)0{D0,Dbar0},K*(892)0{K+,pi-}}xB0{NonResS0{D0,Dbar0},K(0)*(1430)0{K+,pi-}} -6.711111e-06 2.1312479e-06
FitFraction B0[D]{psi(4415)0{D0,Dbar0},K*(892)0{K+,pi-}}xB0[P]{psi(4415)0{D0,Dbar0},K*(892)0{K+,pi-}} -5.9090684e-06 1.7465245e-06
FitFraction B0[P]{psi(4415)0{D0,Dbar0},K*(892)0{K+,pi-}}xB0{NonResS0{D0,Dbar0},K(0)*(1430)0{K+,pi-}} 5.3203425e-06 2.5556504e-06
FitFraction B0[D]{psi(3770)0{D0,Dbar0},K*(892)0{K+,pi-}}xB0{NonResS0{D0,Dbar0},K*(892)0{K+,pi-}} 5.2799229e-06 3.7041076e-06
FitFraction B0{K(0)*(800)0{K+,pi-},NonResS0{D0,Dbar0}}xB0{NonResS0{D0,Dbar0},K*(892)0{K+,pi-}} -4.3140766e-06 4.6705228e-06
FitFraction B0[D]{psi(4415)0{D0,Dbar0},K*(892)0{K+,pi-}}xB0[P]{psi(3770)0{D0,Dbar0},K*(892)0{K+,pi-}} 3.5186557e-06 1.0429433e-06
FitFraction B0[D]{psi(4040)0{D0,Dbar0},K*(892)0{K+,pi-}}xB0[P]{psi(3770)0{D0,Dbar0},K*(892)0{K+,pi-}} -1.9663896e-06 7.3473219e-07
FitFraction B0[S]{psi(3770)0{D0,Dbar0},K*(892)0{K+,pi-}}xB0{NonResS0{D0,Dbar0},K(0)*(1430)0{K+,pi-}} 1.383834e-06 8.2271169e-07
FitFraction B0[S]{psi(3770)0{D0,Dbar0},K*(892)0{K+,pi-}}xB0{NonResS0{D0,Dbar0},K*(892)0{K+,pi-}} 9.4806711e-07 1.3251279e-06
FitFraction B0[D]{psi(4040)0{D0,Dbar0},K*(892)0{K+,pi-}}xB0[P]{psi(4415)0{D0,Dbar0},K*(892)0{K+,pi-}} 8.2175099e-07 3.1712391e-07
FitFraction B0[P]{psi(4415)0{D0,Dbar0},K*(892)0{K+,pi-}}xB0[S]{psi(3770)0{D0,Dbar0},K*(892)0{K+,pi-}} -8.1934472e-07 7.9122855e-07
FitFraction B0[S]{psi(3770)0{D0,Dbar0},K*(892)0{K+,pi-}}xB0{K(0)*(800)0{K+,pi-},NonResS0{D0,Dbar0}} 7.9397121e-07 6.7718191e-07
FitFraction B0[P]{psi(3770)0{D0,Dbar0},K*(892)0{K+,pi-}}xB0{NonResS0{D0,Dbar0},K*(892)0{K+,pi-}} 6.4964526e-07 5.5006778e-07
FitFraction B0[D]{psi(3770)0{D0,Dbar0},K*(892)0{K+,pi-}}xB0[P]{psi(4415)0{D0,Dbar0},K*(892)0{K+,pi-}} -3.4743097e-07 1.1678167e-07
FitFraction B0[P]{psi(4415)0{D0,Dbar0},K*(892)0{K+,pi-}}xB0{NonResS0{D0,Dbar0},K*(892)0{K+,pi-}} -2.4267821e-07 1.7512113e-07
FitFraction Sum_B0_interference 0.074395917 0.076144079
End Log
