Parameter B0[D]{psi(3770)0{D0,Dbar0},K*(892)0{K+,pi-}}_Re 0 -0.0392643 0.666425 0.444122 -5.3921 -0.0388797 -0.404348 0.0454391 0 -0.693743 0 -0.0439526 -1.32114 0.0116506 -2.47982 -0.00752392 0 -0.00180308 0 0 0 -0.0319629 -0.488857 0.00261727 0 -0.00668868 0 -0.00373047 -1.98483 0.027424 0.616582 0.0915469 -0.0966206 0.0203454 0.553159 -0.0518218 0 -0.274328 0 0.0421993 0 0.0219799 0 -0.0257547 0 -0.0577188 0 -0.683874 0 -0.0342969 0 
Parameter B0[D]{psi(3770)0{D0,Dbar0},K*(892)0{K+,pi-}}_Im 0 221.835 68.0504 -5.3921 4630.85 -15.8447 -243.787 0.857572 0 161.86 0 -0.806887 -346.061 -3.42711 54.7412 1.21804 0 -6.43826 0 0 0 21.8021 -32.347 -13.8456 0 0.599147 0 3.03468 -238.391 -5.55603 -146.484 -21.6087 -52.7333 -12.2973 -47.9266 -8.33461 0 -35.6819 0 -5.60127 0 -1.40354 0 32.426 0 0.168639 0 117.057 0 -10.8134 0 
Parameter B0[D]{psi(4040)0{D0,Dbar0},K*(892)0{K+,pi-}}_Re 0 1.80058 0.792492 -0.0388797 -15.8447 0.628044 -1.33052 -0.202071 0 -0.927305 0 0.0523551 4.91085 -0.0242189 5.47827 0.0190669 0 -0.0100152 0 0 0 0.136636 1.33191 -0.0350329 0 -0.0288178 0 -0.0225336 0.64797 0.010634 -1.02519 -0.00460542 0.441187 0.036986 -0.768048 -0.0293905 0 0.0551673 0 0.0803088 0 -0.0545722 0 -0.180467 0 0.0160517 0 0.267238 0 0.127607 0 
Parameter B0[D]{psi(4040)0{D0,Dbar0},K*(892)0{K+,pi-}}_Im 0 -53.3213 13.5792 -0.404348 -243.787 -1.33052 184.394 0.851975 0 -3.20358 0 -0.289289 -15.2874 0.474573 18.094 0.0166436 0 0.441845 0 0 0 -2.58561 47.7997 0.922547 0 -0.0244533 0 0.0330425 22.9749 -0.825037 20.5152 0.00572108 -10.3568 -0.0575245 5.03131 0.513782 0 2.62308 0 0.653133 0 0.912703 0 -1.53317 0 0.722282 0 -5.51949 0 0.629178 0 
Parameter B0[D]{psi(4160)0{D0,Dbar0},K*(892)0{K+,pi-}}_Re 0 -1.3667 0.710024 0.0454391 0.857572 -0.202071 0.851975 0.504134 0 -1.1198 0 -0.0553973 -3.30842 0.03086 -8.29921 -0.0445013 0 0.0457222 0 0 0 0.0764156 -1.94135 -0.143744 0 -0.15393 0 -0.00872531 -0.826461 0.0576039 -0.0160955 0.13158 -1.69243 0.0676972 -0.451637 0.0446597 0 0.00179525 0 0.0358204 0 0.0560644 0 0.00991698 0 -0.133041 0 -0.912931 0 0.154442 0 
Parameter B0[D]{psi(4160)0{D0,Dbar0},K*(892)0{K+,pi-}}_Im 3 0 0 0 0 0 0 0 0 0 0 0 0 0 0 0 0 0 0 0 0 0 0 0 0 0 0 0 0 0 0 0 0 0 0 0 0 0 0 0 0 0 0 0 0 0 0 0 0 0 0 
Parameter B0[D]{psi(4415)0{D0,Dbar0},K*(892)0{K+,pi-}}_Re 0 -19.719 4.31948 -0.693743 161.86 -0.927305 -3.20358 -1.1198 0 18.6579 0 0.0218094 -30.6599 -0.149995 38.5877 0.23397 0 -0.293099 0 0 0 -0.0620808 12.1746 0.526391 0 1.50367 0 0.270146 -0.416934 -1.01383 -4.79053 -1.91109 -1.96026 -1.29541 0.263948 0.174529 0 -0.943937 0 -0.427649 0 -0.264407 0 1.39187 0 0.062587 0 10.1277 0 -1.24681 0 
Parameter B0[D]{psi(4415)0{D0,Dbar0},K*(892)0{K+,pi-}}_Im 3 0 0 0 0 0 0 0 0 0 0 0 0 0 0 0 0 0 0 0 0 0 0 0 0 0 0 0 0 0 0 0 0 0 0 0 0 0 0 0 0 0 0 0 0 0 0 0 0 0 0 
Parameter B0[P]{psi(3770)0{D0,Dbar0},K*(892)0{K+,pi-}}_Re 0 -1.11077 0.374959 -0.0439526 -0.806887 0.0523551 -0.289289 -0.0553973 0 0.0218094 0 0.140594 8.59765 -0.0229175 3.06982 0.00430692 0 -0.0102639 0 0 0 0.00885729 0.732532 0.00975166 0 0.045051 0 0.000247405 1.00786 -0.0331826 0.470739 -0.0269588 0.871643 0.0529888 0.651125 -0.0179253 0 0.243924 0 -0.0610543 0 -0.0643872 0 -0.05922 0 0.0782835 0 0.259201 0 -0.0476057 0 
Parameter B0[P]{psi(3770)0{D0,Dbar0},K*(892)0{K+,pi-}}_Im 0 -22.109 30.5086 -1.32114 -346.061 4.91085 -15.2874 -3.30842 0 -30.6599 0 8.59765 930.774 -1.48568 155.651 -0.482544 0 -1.28194 0 0 0 -0.141886 10.437 0.711223 0 -1.72409 0 -0.753946 21.1259 1.06292 48.3895 3.4571 88.9741 7.572 70.7561 -2.70996 0 22.5299 0 -4.64404 0 -4.80165 0 -7.71855 0 7.2846 0 -2.79717 0 -2.57094 0 
Parameter B0[P]{psi(4040)0{D0,Dbar0},K*(892)0{K+,pi-}}_Re 0 0.353369 0.130205 0.0116506 -3.42711 -0.0242189 0.474573 0.03086 0 -0.149995 0 -0.0229175 -1.48568 0.0169533 -0.820055 -0.00160193 0 0.00807338 0 0 0 -0.0290378 -0.213032 0.0076917 0 -0.00441051 0 -0.00255185 -0.149995 0.024813 0.164697 0.0205101 0.00302252 0.0030356 0.00480891 0.00684799 0 -0.0320199 0 0.0119278 0 0.0070336 0 -0.0389027 0 -0.0235878 0 -0.209599 0 0.00845466 0 
Parameter B0[P]{psi(4040)0{D0,Dbar0},K*(892)0{K+,pi-}}_Im 0 2.46213 22.6361 -2.47982 54.7412 5.47827 18.094 -8.29921 0 38.5877 0 3.06982 155.651 -0.820055 512.395 1.43818 0 -1.59735 0 0 0 -0.841139 122.189 1.44871 0 7.88776 0 1.16243 -23.7716 -5.89167 26.8185 -10.925 28.4158 -6.31879 55.5299 1.21991 0 4.45072 0 -0.727123 0 -3.41659 0 -1.74464 0 0.391671 0 40.6096 0 -7.93761 0 
Parameter B0[P]{psi(4160)0{D0,Dbar0},K*(892)0{K+,pi-}}_Re 0 -0.0111236 0.115299 -0.00752392 1.21804 0.0190669 0.0166436 -0.0445013 0 0.23397 0 0.00430692 -0.482544 -0.00160193 1.43818 0.0132938 0 -0.011862 0 0 0 -0.000558613 0.279341 0.00541628 0 0.0251953 0 0.00657906 -0.0251474 -0.0378181 -0.0524491 -0.0390323 -0.022042 -0.02362 0.0622533 0.00278608 0 0.0131674 0 -0.00575767 0 0.00035044 0 0.031553 0 0.0109567 0 0.214267 0 -0.019226 0 
Parameter B0[P]{psi(4160)0{D0,Dbar0},K*(892)0{K+,pi-}}_Im 3 0 0 0 0 0 0 0 0 0 0 0 0 0 0 0 0 0 0 0 0 0 0 0 0 0 0 0 0 0 0 0 0 0 0 0 0 0 0 0 0 0 0 0 0 0 0 0 0 0 0 
Parameter B0[P]{psi(4415)0{D0,Dbar0},K*(892)0{K+,pi-}}_Re 0 2.62842 0.326005 -0.00180308 -6.43826 -0.0100152 0.441845 0.0457222 0 -0.293099 0 -0.0102639 -1.28194 0.00807338 -1.59735 -0.011862 0 0.106279 0 0 0 -0.0478017 -0.273624 0.0370401 0 0.022058 0 -0.004379 0.741116 0.00774828 0.396267 0.0313825 -0.286731 -0.00255347 0.018198 -0.0132428 0 -0.0102041 0 0.0234447 0 0.0313451 0 -0.0534152 0 -0.0402549 0 -0.371843 0 0.05025 0 
Parameter B0[P]{psi(4415)0{D0,Dbar0},K*(892)0{K+,pi-}}_Im 3 0 0 0 0 0 0 0 0 0 0 0 0 0 0 0 0 0 0 0 0 0 0 0 0 0 0 0 0 0 0 0 0 0 0 0 0 0 0 0 0 0 0 0 0 0 0 0 0 0 0 
Parameter B0[S]{psi(3770)0{D0,Dbar0},K*(892)0{K+,pi-}}_Re 2 2.093 0 0 0 0 0 0 0 0 0 0 0 0 0 0 0 0 0 0 0 0 0 0 0 0 0 0 0 0 0 0 0 0 0 0 0 0 0 0 0 0 0 0 0 0 0 0 0 0 0 
Parameter B0[S]{psi(3770)0{D0,Dbar0},K*(892)0{K+,pi-}}_Im 2 0 0 0 0 0 0 0 0 0 0 0 0 0 0 0 0 0 0 0 0 0 0 0 0 0 0 0 0 0 0 0 0 0 0 0 0 0 0 0 0 0 0 0 0 0 0 0 0 0 0 
Parameter B0[S]{psi(4040)0{D0,Dbar0},K*(892)0{K+,pi-}}_Re 0 1.44698 0.677543 -0.0319629 21.8021 0.136636 -2.58561 0.0764156 0 -0.0620808 0 0.00885729 -0.141886 -0.0290378 -0.841139 -0.000558613 0 -0.0478017 0 0 0 0.459065 -1.58936 -0.192449 0 -0.151392 0 0.0020098 -3.06627 -0.0177227 -1.15012 -0.0872797 -0.763796 -0.0167917 -1.05353 0.000471166 0 -0.0973829 0 0.0386492 0 0.0360169 0 0.113737 0 -0.00835892 0 0.67033 0 0.123235 0 
Parameter B0[S]{psi(4040)0{D0,Dbar0},K*(892)0{K+,pi-}}_Im 0 -59.4427 16.8132 -0.488857 -32.347 1.33191 47.7997 -1.94135 0 12.1746 0 0.732532 10.437 -0.213032 122.189 0.279341 0 -0.273624 0 0 0 -1.58936 282.683 1.2854 0 4.17681 0 0.179143 37.1376 -1.34959 11.9464 -2.59738 -7.56442 -1.41424 11.5578 0.306559 0 0.106235 0 -1.30905 0 -1.29601 0 0.249146 0 -0.0685668 0 8.35739 0 -2.64414 0 
Parameter B0[S]{psi(4160)0{D0,Dbar0},K*(892)0{K+,pi-}}_Re 0 -2.05057 0.482615 0.00261727 -13.8456 -0.0350329 0.922547 -0.143744 0 0.526391 0 0.00975166 0.711223 0.0076917 1.44871 0.00541628 0 0.0370401 0 0 0 -0.192449 1.2854 0.232917 0 0.167153 0 0.00650797 2.45641 0.011677 0.322006 0.0433554 0.891046 0.000190978 0.687143 0.026301 0 0.0529055 0 -0.0300833 0 -0.0449969 0 -0.0538673 0 0.0349605 0 -0.104075 0 -0.120296 0 
Parameter B0[S]{psi(4160)0{D0,Dbar0},K*(892)0{K+,pi-}}_Im 3 0 0 0 0 0 0 0 0 0 0 0 0 0 0 0 0 0 0 0 0 0 0 0 0 0 0 0 0 0 0 0 0 0 0 0 0 0 0 0 0 0 0 0 0 0 0 0 0 0 0 
Parameter B0[S]{psi(4415)0{D0,Dbar0},K*(892)0{K+,pi-}}_Re 0 -1.76595 1.00288 -0.00668868 0.599147 -0.0288178 -0.0244533 -0.15393 0 1.50367 0 0.045051 -1.72409 -0.00441051 7.88776 0.0251953 0 0.022058 0 0 0 -0.151392 4.17681 0.167153 0 1.00578 0 0.00132863 4.66549 -0.181326 1.98834 -0.289263 0.399995 -0.0525063 0.482488 0.0319398 0 -0.156102 0 -0.0465177 0 -0.114251 0 -0.0366167 0 0.00298391 0 0.667746 0 -0.21779 0 
Parameter B0[S]{psi(4415)0{D0,Dbar0},K*(892)0{K+,pi-}}_Im 3 0 0 0 0 0 0 0 0 0 0 0 0 0 0 0 0 0 0 0 0 0 0 0 0 0 0 0 0 0 0 0 0 0 0 0 0 0 0 0 0 0 0 0 0 0 0 0 0 0 0 
Parameter B0{D(s2)(2573)+{D0,K+},Dbar0,pi-}_Re 0 -0.433673 0.178741 -0.00373047 3.03468 -0.0225336 0.0330425 -0.00872531 0 0.270146 0 0.000247405 -0.753946 -0.00255185 1.16243 0.00657906 0 -0.004379 0 0 0 0.0020098 0.179143 0.00650797 0 0.00132863 0 0.0319485 -0.356967 -0.0135952 -0.0343544 -0.0507657 0.0996156 -0.0448588 0.111093 0.0116579 0 -0.0137077 0 -0.00567132 0 -0.00535538 0 0.0366987 0 -0.00121984 0 0.183631 0 -0.0569319 0 
Parameter B0{D(s2)(2573)+{D0,K+},Dbar0,pi-}_Im 0 -270.907 24.9776 -1.98483 -238.391 0.64797 22.9749 -0.826461 0 -0.416934 0 1.00786 21.1259 -0.149995 -23.7716 -0.0251474 0 0.741116 0 0 0 -3.06627 37.1376 2.45641 0 4.66549 0 -0.356967 623.88 -0.867578 22.0567 1.2077 0.863672 0.839464 -19.1364 1.2428 0 -6.25923 0 0.610477 0 -1.17263 0 -4.23918 0 0.351441 0 -2.24111 0 -3.05226 0 
Parameter B0{K(0)*(800)0{K+,pi-},NonResS0{D0,Dbar0}}_Re 0 4.11449 0.612846 0.027424 -5.55603 0.010634 -0.825037 0.0576039 0 -1.01383 0 -0.0331826 1.06292 0.024813 -5.89167 -0.0378181 0 0.00774828 0 0 0 -0.0177227 -1.34959 0.011677 0 -0.181326 0 -0.0135952 -0.867578 0.37558 -1.34784 0.155939 1.12636 0.136844 -0.392593 -0.0387098 0 -0.145918 0 0.0623472 0 -0.0993027 0 -0.237229 0 0.0177357 0 -0.96424 0 0.120921 0 
Parameter B0{K(0)*(800)0{K+,pi-},NonResS0{D0,Dbar0}}_Im 0 136.056 11.1721 0.616582 -146.484 -1.02519 20.5152 -0.0160955 0 -4.79053 0 0.470739 48.3895 0.164697 26.8185 -0.0524491 0 0.396267 0 0 0 -1.15012 11.9464 0.322006 0 1.98834 0 -0.0343544 22.0567 -1.34784 124.817 -0.0160409 -26.286 0.565852 22.9133 -0.716864 0 2.72148 0 -1.05734 0 1.14987 0 0.0908875 0 0.431282 0 -5.83941 0 -3.61556 0 
Parameter B0{NonResS0{D0,Dbar0},K(0)*(1430)0{K+,pi-}}_Re 0 7.26628 0.696279 0.0915469 -21.6087 -0.00460542 0.00572108 0.13158 0 -1.91109 0 -0.0269588 3.4571 0.0205101 -10.925 -0.0390323 0 0.0313825 0 0 0 -0.0872797 -2.59738 0.0433554 0 -0.289263 0 -0.0507657 1.2077 0.155939 -0.0160409 0.484805 -0.0305622 0.221843 -0.213673 -0.0444979 0 0.195547 0 0.0176627 0 0.0899958 0 -0.109959 0 0.0121153 0 -1.40345 0 0.186019 0 
Parameter B0{NonResS0{D0,Dbar0},K(0)*(1430)0{K+,pi-}}_Im 0 -104.063 8.25498 -0.0966206 -52.7333 0.441187 -10.3568 -1.69243 0 -1.96026 0 0.871643 88.9741 0.00302252 28.4158 -0.022042 0 -0.286731 0 0 0 -0.763796 -7.56442 0.891046 0 0.399995 0 0.0996156 0.863672 1.12636 -26.286 -0.0305622 68.1448 0.894315 17.581 -0.34461 0 0.921034 0 -1.69256 0 -1.40505 0 -2.26096 0 0.884779 0 -1.2278 0 -1.70862 0 
Parameter B0{NonResS0{D0,Dbar0},K*(892)0{K+,pi-}}_Re 0 4.16122 0.646031 0.0203454 -12.2973 0.036986 -0.0575245 0.0676972 0 -1.29541 0 0.0529888 7.572 0.0030356 -6.31879 -0.02362 0 -0.00255347 0 0 0 -0.0167917 -1.41424 0.000190978 0 -0.0525063 0 -0.0448588 0.839464 0.136844 0.565852 0.221843 0.894315 0.417356 -0.982739 -0.0188964 0 0.29427 0 -0.0796603 0 -0.045815 0 -0.0872182 0 0.145234 0 -0.923279 0 0.161727 0 
Parameter B0{NonResS0{D0,Dbar0},K*(892)0{K+,pi-}}_Im 0 3.43435 8.31882 0.553159 -47.9266 -0.768048 5.03131 -0.451637 0 0.263948 0 0.651125 70.7561 0.00480891 55.5299 0.0622533 0 0.018198 0 0 0 -1.05353 11.5578 0.687143 0 0.482488 0 0.111093 -19.1364 -0.392593 22.9133 -0.213673 17.581 -0.982739 69.2027 -0.62287 0 -0.00334649 0 -0.857183 0 -0.231781 0 -1.0209 0 -0.421326 0 0.18864 0 -2.83419 0 
Parameter B0{psi(3770)0{D0,Dbar0},K(0)*(1430)0{K+,pi-}}_Re 0 0.0376238 0.768797 -0.0518218 -8.33461 -0.0293905 0.513782 0.0446597 0 0.174529 0 -0.0179253 -2.70996 0.00684799 1.21991 0.00278608 0 -0.0132428 0 0 0 0.000471166 0.306559 0.026301 0 0.0319398 0 0.0116579 1.2428 -0.0387098 -0.716864 -0.0444979 -0.34461 -0.0188964 -0.62287 0.591049 0 0.320882 0 0.0490063 0 -0.051672 0 -0.0414639 0 -0.0324439 0 0.145269 0 0.141541 0 
Parameter B0{psi(3770)0{D0,Dbar0},K(0)*(1430)0{K+,pi-}}_Im 3 0 0 0 0 0 0 0 0 0 0 0 0 0 0 0 0 0 0 0 0 0 0 0 0 0 0 0 0 0 0 0 0 0 0 0 0 0 0 0 0 0 0 0 0 0 0 0 0 0 0 
Parameter B0{psi(3770)0{D0,Dbar0},K(0)*(800)0{K+,pi-}}_Re 0 0.366073 1.91597 -0.274328 -35.6819 0.0551673 2.62308 0.00179525 0 -0.943937 0 0.243924 22.5299 -0.0320199 4.45072 0.0131674 0 -0.0102041 0 0 0 -0.0973829 0.106235 0.0529055 0 -0.156102 0 -0.0137077 -6.25923 -0.145918 2.72148 0.195547 0.921034 0.29427 -0.00334649 0.320882 0 3.67095 0 0.147229 0 0.0496941 0 0.140719 0 0.229377 0 -0.113007 0 0.300924 0 
Parameter B0{psi(3770)0{D0,Dbar0},K(0)*(800)0{K+,pi-}}_Im 3 0 0 0 0 0 0 0 0 0 0 0 0 0 0 0 0 0 0 0 0 0 0 0 0 0 0 0 0 0 0 0 0 0 0 0 0 0 0 0 0 0 0 0 0 0 0 0 0 0 0 
Parameter B0{psi(4040)0{D0,Dbar0},K(0)*(1430)0{K+,pi-}}_Re 0 -0.257938 0.887675 0.0421993 -5.60127 0.0803088 0.653133 0.0358204 0 -0.427649 0 -0.0610543 -4.64404 0.0119278 -0.727123 -0.00575767 0 0.0234447 0 0 0 0.0386492 -1.30905 -0.0300833 0 -0.0465177 0 -0.00567132 0.610477 0.0623472 -1.05734 0.0176627 -1.69256 -0.0796603 -0.857183 0.0490063 0 0.147229 0 0.787968 0 0.0194736 0 -0.27179 0 -0.248786 0 -0.262056 0 0.0917734 0 
Parameter B0{psi(4040)0{D0,Dbar0},K(0)*(1430)0{K+,pi-}}_Im 3 0 0 0 0 0 0 0 0 0 0 0 0 0 0 0 0 0 0 0 0 0 0 0 0 0 0 0 0 0 0 0 0 0 0 0 0 0 0 0 0 0 0 0 0 0 0 0 0 0 0 
Parameter B0{psi(4040)0{D0,Dbar0},K(0)*(800)0{K+,pi-}}_Re 0 1.82197 0.632288 0.0219799 -1.40354 -0.0545722 0.912703 0.0560644 0 -0.264407 0 -0.0643872 -4.80165 0.0070336 -3.41659 0.00035044 0 0.0313451 0 0 0 0.0360169 -1.29601 -0.0449969 0 -0.114251 0 -0.00535538 -1.17263 -0.0993027 1.14987 0.0899958 -1.40505 -0.045815 -0.231781 -0.051672 0 0.0496941 0 0.0194736 0 0.399788 0 0.20578 0 0.0115143 0 -0.185797 0 0.0733199 0 
Parameter B0{psi(4040)0{D0,Dbar0},K(0)*(800)0{K+,pi-}}_Im 3 0 0 0 0 0 0 0 0 0 0 0 0 0 0 0 0 0 0 0 0 0 0 0 0 0 0 0 0 0 0 0 0 0 0 0 0 0 0 0 0 0 0 0 0 0 0 0 0 0 0 
Parameter B0{psi(4160)0{D0,Dbar0},K(0)*(1430)0{K+,pi-}}_Re 0 1.54205 1.0444 -0.0257547 32.426 -0.180467 -1.53317 0.00991698 0 1.39187 0 -0.05922 -7.71855 -0.0389027 -1.74464 0.031553 0 -0.0534152 0 0 0 0.113737 0.249146 -0.0538673 0 -0.0366167 0 0.0366987 -4.23918 -0.237229 0.0908875 -0.109959 -2.26096 -0.0872182 -1.0209 -0.0414639 0 0.140719 0 -0.27179 0 0.20578 0 1.09077 0 0.114933 0 1.02307 0 -0.116717 0 
Parameter B0{psi(4160)0{D0,Dbar0},K(0)*(1430)0{K+,pi-}}_Im 3 0 0 0 0 0 0 0 0 0 0 0 0 0 0 0 0 0 0 0 0 0 0 0 0 0 0 0 0 0 0 0 0 0 0 0 0 0 0 0 0 0 0 0 0 0 0 0 0 0 0 
Parameter B0{psi(4160)0{D0,Dbar0},K(0)*(800)0{K+,pi-}}_Re 0 -1.36526 0.729765 -0.0577188 0.168639 0.0160517 0.722282 -0.133041 0 0.062587 0 0.0782835 7.2846 -0.0235878 0.391671 0.0109567 0 -0.0402549 0 0 0 -0.00835892 -0.0685668 0.0349605 0 0.00298391 0 -0.00121984 0.351441 0.0177357 0.431282 0.0121153 0.884779 0.145234 -0.421326 -0.0324439 0 0.229377 0 -0.248786 0 0.0115143 0 0.114933 0 0.532557 0 0.145677 0 0.0103583 0 
Parameter B0{psi(4160)0{D0,Dbar0},K(0)*(800)0{K+,pi-}}_Im 3 0 0 0 0 0 0 0 0 0 0 0 0 0 0 0 0 0 0 0 0 0 0 0 0 0 0 0 0 0 0 0 0 0 0 0 0 0 0 0 0 0 0 0 0 0 0 0 0 0 0 
Parameter B0{psi(4415)0{D0,Dbar0},K(0)*(1430)0{K+,pi-}}_Re 0 -29.6258 3.18347 -0.683874 117.057 0.267238 -5.51949 -0.912931 0 10.1277 0 0.259201 -2.79717 -0.209599 40.6096 0.214267 0 -0.371843 0 0 0 0.67033 8.35739 -0.104075 0 0.667746 0 0.183631 -2.24111 -0.96424 -5.83941 -1.40345 -1.2278 -0.923279 0.18864 0.145269 0 -0.113007 0 -0.262056 0 -0.185797 0 1.02307 0 0.145677 0 10.1345 0 -0.746083 0 
Parameter B0{psi(4415)0{D0,Dbar0},K(0)*(1430)0{K+,pi-}}_Im 3 0 0 0 0 0 0 0 0 0 0 0 0 0 0 0 0 0 0 0 0 0 0 0 0 0 0 0 0 0 0 0 0 0 0 0 0 0 0 0 0 0 0 0 0 0 0 0 0 0 0 
Parameter B0{psi(4415)0{D0,Dbar0},K(0)*(800)0{K+,pi-}}_Re 0 2.10787 1.37965 -0.0342969 -10.8134 0.127607 0.629178 0.154442 0 -1.24681 0 -0.0476057 -2.57094 0.00845466 -7.93761 -0.019226 0 0.05025 0 0 0 0.123235 -2.64414 -0.120296 0 -0.21779 0 -0.0569319 -3.05226 0.120921 -3.61556 0.186019 -1.70862 0.161727 -2.83419 0.141541 0 0.300924 0 0.0917734 0 0.0733199 0 -0.116717 0 0.0103583 0 -0.746083 0 1.90344 0 
Parameter B0{psi(4415)0{D0,Dbar0},K(0)*(800)0{K+,pi-}}_Im 3 0 0 0 0 0 0 0 0 0 0 0 0 0 0 0 0 0 0 0 0 0 0 0 0 0 0 0 0 0 0 0 0 0 0 0 0 0 0 0 0 0 0 0 0 0 0 0 0 0 0 
FitQuality 165.82414 32 32 -137.56517 0
FitFraction B0{NonResS0{D0,Dbar0},K(0)*(1430)0{K+,pi-}} 0.32315827 0.031081147
FitFraction B0{psi(4415)0{D0,Dbar0},K(0)*(1430)0{K+,pi-}} 0.18354227 0.020876385
FitFraction B0{K(0)*(800)0{K+,pi-},NonResS0{D0,Dbar0}} 0.079780358 0.018497436
FitFraction B0{NonResS0{D0,Dbar0},K*(892)0{K+,pi-}} 0.065018021 0.015964879
FitFraction B0[D]{psi(4415)0{D0,Dbar0},K*(892)0{K+,pi-}} 0.062793726 0.019783158
FitFraction B0[P]{psi(4415)0{D0,Dbar0},K*(892)0{K+,pi-}} 0.04067698 0.011023407
FitFraction B0[S]{psi(4160)0{D0,Dbar0},K*(892)0{K+,pi-}} 0.021935664 0.011204884
FitFraction B0[P]{psi(3770)0{D0,Dbar0},K*(892)0{K+,pi-}} 0.018470116 0.012289447
FitFraction B0[D]{psi(4040)0{D0,Dbar0},K*(892)0{K+,pi-}} 0.0139354 0.012573185
FitFraction B0[S]{psi(4040)0{D0,Dbar0},K*(892)0{K+,pi-}} 0.011891111 0.011698778
FitFraction B0[P]{psi(4040)0{D0,Dbar0},K*(892)0{K+,pi-}} 0.0090654672 0.0061874693
FitFraction B0{psi(4040)0{D0,Dbar0},K(0)*(800)0{K+,pi-}} 0.0081558907 0.0056175677
FitFraction B0[S]{psi(3770)0{D0,Dbar0},K*(892)0{K+,pi-}} 0.0051371778 0.00095697912
FitFraction B0{D(s2)(2573)+{D0,K+},Dbar0,pi-} 0.004574795 0.0034927622
FitFraction B0[D]{psi(4160)0{D0,Dbar0},K*(892)0{K+,pi-}} 0.0044782196 0.0049936516
FitFraction B0{psi(4160)0{D0,Dbar0},K(0)*(800)0{K+,pi-}} 0.0041963071 0.0046132922
FitFraction B0{psi(4415)0{D0,Dbar0},K(0)*(800)0{K+,pi-}} 0.0040481147 0.0051385197
FitFraction B0{psi(4160)0{D0,Dbar0},K(0)*(1430)0{K+,pi-}} 0.0029791642 0.0042194179
FitFraction B0[S]{psi(4415)0{D0,Dbar0},K*(892)0{K+,pi-}} 0.0026124418 0.0028093458
FitFraction B0{psi(4040)0{D0,Dbar0},K(0)*(1430)0{K+,pi-}} 0.00013155176 0.00089965461
FitFraction B0{psi(3770)0{D0,Dbar0},K(0)*(800)0{K+,pi-}} 6.8545934e-05 0.00070502717
FitFraction B0[P]{psi(4160)0{D0,Dbar0},K*(892)0{K+,pi-}} 7.5037324e-06 0.00015672724
FitFraction B0[D]{psi(3770)0{D0,Dbar0},K*(892)0{K+,pi-}} 2.8729246e-06 9.5062559e-05
FitFraction B0{psi(3770)0{D0,Dbar0},K(0)*(1430)0{K+,pi-}} 1.6791255e-06 6.6056634e-05
FitFraction Sum_B0 0.86666164 0.042921288
FitFraction B0{K(0)*(800)0{K+,pi-},NonResS0{D0,Dbar0}}xB0{NonResS0{D0,Dbar0},K(0)*(1430)0{K+,pi-}} 0.099935124 0.011242798
FitFraction B0[D]{psi(4040)0{D0,Dbar0},K*(892)0{K+,pi-}}xB0[D]{psi(4415)0{D0,Dbar0},K*(892)0{K+,pi-}} -0.013982259 0.0074161994
FitFraction B0{psi(4040)0{D0,Dbar0},K(0)*(800)0{K+,pi-}}xB0{psi(4415)0{D0,Dbar0},K(0)*(1430)0{K+,pi-}} 0.010970956 0.0037945194
FitFraction B0[S]{psi(4040)0{D0,Dbar0},K*(892)0{K+,pi-}}xB0[S]{psi(4160)0{D0,Dbar0},K*(892)0{K+,pi-}} -0.010204471 0.0070120201
FitFraction B0{psi(4160)0{D0,Dbar0},K(0)*(800)0{K+,pi-}}xB0{psi(4415)0{D0,Dbar0},K(0)*(1430)0{K+,pi-}} -0.010042097 0.0056722359
FitFraction B0[D]{psi(4160)0{D0,Dbar0},K*(892)0{K+,pi-}}xB0[D]{psi(4415)0{D0,Dbar0},K*(892)0{K+,pi-}} 0.0075631727 0.003955609
FitFraction B0[D]{psi(4040)0{D0,Dbar0},K*(892)0{K+,pi-}}xB0[D]{psi(4160)0{D0,Dbar0},K*(892)0{K+,pi-}} -0.0051441387 0.0044112441
FitFraction B0{psi(4160)0{D0,Dbar0},K(0)*(1430)0{K+,pi-}}xB0{psi(4415)0{D0,Dbar0},K(0)*(1430)0{K+,pi-}} -0.0047646599 0.0033438237
FitFraction B0[D]{psi(4415)0{D0,Dbar0},K*(892)0{K+,pi-}}xB0[S]{psi(4040)0{D0,Dbar0},K*(892)0{K+,pi-}} 0.0041723508 0.0022235296
FitFraction B0[P]{psi(3770)0{D0,Dbar0},K*(892)0{K+,pi-}}xB0[P]{psi(4415)0{D0,Dbar0},K*(892)0{K+,pi-}} 0.0041553074 0.002522156
FitFraction B0[D]{psi(4415)0{D0,Dbar0},K*(892)0{K+,pi-}}xB0[S]{psi(4160)0{D0,Dbar0},K*(892)0{K+,pi-}} -0.0040587408 0.0013054574
FitFraction B0[D]{psi(4040)0{D0,Dbar0},K*(892)0{K+,pi-}}xB0[S]{psi(4040)0{D0,Dbar0},K*(892)0{K+,pi-}} -0.0040299062 0.0031117713
FitFraction B0{D(s2)(2573)+{D0,K+},Dbar0,pi-}xB0{NonResS0{D0,Dbar0},K(0)*(1430)0{K+,pi-}} 0.0032125172 0.0037875954
FitFraction B0[D]{psi(4040)0{D0,Dbar0},K*(892)0{K+,pi-}}xB0[S]{psi(4160)0{D0,Dbar0},K*(892)0{K+,pi-}} 0.0028091288 0.0015678211
FitFraction B0{psi(4040)0{D0,Dbar0},K(0)*(800)0{K+,pi-}}xB0{psi(4160)0{D0,Dbar0},K(0)*(1430)0{K+,pi-}} -0.0024746308 0.0022219501
FitFraction B0[D]{psi(4160)0{D0,Dbar0},K*(892)0{K+,pi-}}xB0[S]{psi(4160)0{D0,Dbar0},K*(892)0{K+,pi-}} -0.0024702919 0.0014128425
FitFraction B0[D]{psi(4415)0{D0,Dbar0},K*(892)0{K+,pi-}}xB0[S]{psi(3770)0{D0,Dbar0},K*(892)0{K+,pi-}} -0.0021618731 0.00030229299
FitFraction B0[D]{psi(4415)0{D0,Dbar0},K*(892)0{K+,pi-}}xB0[S]{psi(4415)0{D0,Dbar0},K*(892)0{K+,pi-}} -0.002105065 0.0012358109
FitFraction B0{psi(4040)0{D0,Dbar0},K(0)*(800)0{K+,pi-}}xB0{psi(4160)0{D0,Dbar0},K(0)*(800)0{K+,pi-}} -0.0017748141 0.0011576496
FitFraction B0[S]{psi(3770)0{D0,Dbar0},K*(892)0{K+,pi-}}xB0[S]{psi(4040)0{D0,Dbar0},K*(892)0{K+,pi-}} -0.0016571217 0.00092778932
FitFraction B0[P]{psi(4040)0{D0,Dbar0},K*(892)0{K+,pi-}}xB0[P]{psi(4415)0{D0,Dbar0},K*(892)0{K+,pi-}} -0.001586002 0.0028372171
FitFraction B0[D]{psi(4160)0{D0,Dbar0},K*(892)0{K+,pi-}}xB0[S]{psi(4040)0{D0,Dbar0},K*(892)0{K+,pi-}} 0.0015079095 0.0011125185
FitFraction B0{D(s2)(2573)+{D0,K+},Dbar0,pi-}xB0{K(0)*(800)0{K+,pi-},NonResS0{D0,Dbar0}} -0.0012507832 0.0017783778
FitFraction B0[S]{psi(4040)0{D0,Dbar0},K*(892)0{K+,pi-}}xB0[S]{psi(4415)0{D0,Dbar0},K*(892)0{K+,pi-}} -0.0012020594 0.0011076175
FitFraction B0[P]{psi(3770)0{D0,Dbar0},K*(892)0{K+,pi-}}xB0[P]{psi(4040)0{D0,Dbar0},K*(892)0{K+,pi-}} -0.0010563745 0.0020812122
FitFraction B0[D]{psi(4040)0{D0,Dbar0},K*(892)0{K+,pi-}}xB0[S]{psi(3770)0{D0,Dbar0},K*(892)0{K+,pi-}} 0.0009155672 0.00045404885
FitFraction B0{D(s2)(2573)+{D0,K+},Dbar0,pi-}xB0{NonResS0{D0,Dbar0},K*(892)0{K+,pi-}} -0.00084224236 0.0003537271
FitFraction B0[S]{psi(3770)0{D0,Dbar0},K*(892)0{K+,pi-}}xB0[S]{psi(4160)0{D0,Dbar0},K*(892)0{K+,pi-}} 0.00073527366 0.00022382098
FitFraction B0{psi(4160)0{D0,Dbar0},K(0)*(1430)0{K+,pi-}}xB0{psi(4415)0{D0,Dbar0},K(0)*(800)0{K+,pi-}} 0.00073474324 0.00067824341
FitFraction B0[S]{psi(3770)0{D0,Dbar0},K*(892)0{K+,pi-}}xB0[S]{psi(4415)0{D0,Dbar0},K*(892)0{K+,pi-}} 0.00071634901 0.00037478228
FitFraction B0{psi(3770)0{D0,Dbar0},K(0)*(800)0{K+,pi-}}xB0{psi(4415)0{D0,Dbar0},K(0)*(1430)0{K+,pi-}} 0.00053044967 0.0027608512
FitFraction B0[D]{psi(4040)0{D0,Dbar0},K*(892)0{K+,pi-}}xB0[S]{psi(4415)0{D0,Dbar0},K*(892)0{K+,pi-}} 0.00045146344 0.00032054887
FitFraction B0{D(s2)(2573)+{D0,K+},Dbar0,pi-}xB0{psi(4415)0{D0,Dbar0},K(0)*(1430)0{K+,pi-}} 0.00041097901 0.00078824261
FitFraction B0[D]{psi(4415)0{D0,Dbar0},K*(892)0{K+,pi-}}xB0{D(s2)(2573)+{D0,K+},Dbar0,pi-} -0.00038444263 0.00029721992
FitFraction B0{psi(4040)0{D0,Dbar0},K(0)*(1430)0{K+,pi-}}xB0{psi(4415)0{D0,Dbar0},K(0)*(1430)0{K+,pi-}} 0.00035777511 0.0012299815
FitFraction B0{psi(4040)0{D0,Dbar0},K(0)*(800)0{K+,pi-}}xB0{psi(4415)0{D0,Dbar0},K(0)*(800)0{K+,pi-}} -0.00032580163 0.00023882209
FitFraction B0[D]{psi(4160)0{D0,Dbar0},K*(892)0{K+,pi-}}xB0[S]{psi(3770)0{D0,Dbar0},K*(892)0{K+,pi-}} -0.00030678164 0.00018698246
FitFraction B0{psi(4040)0{D0,Dbar0},K(0)*(1430)0{K+,pi-}}xB0{psi(4160)0{D0,Dbar0},K(0)*(800)0{K+,pi-}} 0.0002763623 0.00090822391
FitFraction B0[D]{psi(4160)0{D0,Dbar0},K*(892)0{K+,pi-}}xB0[S]{psi(4415)0{D0,Dbar0},K*(892)0{K+,pi-}} -0.00024226116 0.0001684032
FitFraction B0{psi(4160)0{D0,Dbar0},K(0)*(1430)0{K+,pi-}}xB0{psi(4160)0{D0,Dbar0},K(0)*(800)0{K+,pi-}} 0.00023846326 0.0002065488
FitFraction B0{psi(4040)0{D0,Dbar0},K(0)*(1430)0{K+,pi-}}xB0{psi(4160)0{D0,Dbar0},K(0)*(1430)0{K+,pi-}} -0.00022565365 0.00083818474
FitFraction B0{K(0)*(800)0{K+,pi-},NonResS0{D0,Dbar0}}xB0{psi(4415)0{D0,Dbar0},K(0)*(1430)0{K+,pi-}} -0.00015972913 2.2274742e-05
FitFraction B0{psi(4415)0{D0,Dbar0},K(0)*(1430)0{K+,pi-}}xB0{psi(4415)0{D0,Dbar0},K(0)*(800)0{K+,pi-}} -0.00015743303 9.9601472e-05
FitFraction B0{NonResS0{D0,Dbar0},K(0)*(1430)0{K+,pi-}}xB0{psi(4415)0{D0,Dbar0},K(0)*(1430)0{K+,pi-}} -0.00015709785 3.3539941e-05
FitFraction B0[D]{psi(3770)0{D0,Dbar0},K*(892)0{K+,pi-}}xB0[D]{psi(4415)0{D0,Dbar0},K*(892)0{K+,pi-}} 0.00015379846 0.0026068382
FitFraction B0{D(s2)(2573)+{D0,K+},Dbar0,pi-}xB0{psi(4415)0{D0,Dbar0},K(0)*(800)0{K+,pi-}} -0.00013818311 0.00011253858
FitFraction B0[S]{psi(4160)0{D0,Dbar0},K*(892)0{K+,pi-}}xB0[S]{psi(4415)0{D0,Dbar0},K*(892)0{K+,pi-}} 0.00013314147 8.66763e-05
FitFraction B0{D(s2)(2573)+{D0,K+},Dbar0,pi-}xB0{psi(4160)0{D0,Dbar0},K(0)*(1430)0{K+,pi-}} -0.00011995652 0.00010891017
FitFraction B0{psi(4040)0{D0,Dbar0},K(0)*(1430)0{K+,pi-}}xB0{psi(4415)0{D0,Dbar0},K(0)*(800)0{K+,pi-}} -0.0001065049 0.00036797922
FitFraction B0{psi(4040)0{D0,Dbar0},K(0)*(1430)0{K+,pi-}}xB0{psi(4040)0{D0,Dbar0},K(0)*(800)0{K+,pi-}} 8.9881753e-05 0.0003104174
FitFraction B0{psi(3770)0{D0,Dbar0},K(0)*(800)0{K+,pi-}}xB0{psi(4160)0{D0,Dbar0},K(0)*(1430)0{K+,pi-}} -8.9344023e-05 0.00047371521
FitFraction B0{psi(3770)0{D0,Dbar0},K(0)*(1430)0{K+,pi-}}xB0{psi(4415)0{D0,Dbar0},K(0)*(1430)0{K+,pi-}} 8.5422694e-05 0.0017450577
FitFraction B0{psi(4160)0{D0,Dbar0},K(0)*(800)0{K+,pi-}}xB0{psi(4415)0{D0,Dbar0},K(0)*(800)0{K+,pi-}} -7.2994247e-05 6.068529e-05
FitFraction B0{D(s2)(2573)+{D0,K+},Dbar0,pi-}xB0{psi(4160)0{D0,Dbar0},K(0)*(800)0{K+,pi-}} 7.1265426e-05 7.3447402e-05
FitFraction B0[P]{psi(4040)0{D0,Dbar0},K*(892)0{K+,pi-}}xB0[P]{psi(4160)0{D0,Dbar0},K*(892)0{K+,pi-}} -6.9196062e-05 0.00074539067
FitFraction B0[D]{psi(4415)0{D0,Dbar0},K*(892)0{K+,pi-}}xB0{NonResS0{D0,Dbar0},K*(892)0{K+,pi-}} -6.7833766e-05 1.3514106e-05
FitFraction B0[P]{psi(4160)0{D0,Dbar0},K*(892)0{K+,pi-}}xB0[P]{psi(4415)0{D0,Dbar0},K*(892)0{K+,pi-}} -6.7332624e-05 0.00069228792
FitFraction B0[D]{psi(4415)0{D0,Dbar0},K*(892)0{K+,pi-}}xB0[P]{psi(4415)0{D0,Dbar0},K*(892)0{K+,pi-}} 6.6257112e-05 1.2371247e-05
FitFraction B0{psi(3770)0{D0,Dbar0},K(0)*(800)0{K+,pi-}}xB0{psi(4415)0{D0,Dbar0},K(0)*(800)0{K+,pi-}} -6.1839575e-05 0.00032857827
FitFraction B0[S]{psi(4415)0{D0,Dbar0},K*(892)0{K+,pi-}}xB0{D(s2)(2573)+{D0,K+},Dbar0,pi-} -5.739684e-05 3.6176763e-05
FitFraction B0{K(0)*(800)0{K+,pi-},NonResS0{D0,Dbar0}}xB0{psi(4040)0{D0,Dbar0},K(0)*(800)0{K+,pi-}} -4.8632963e-05 1.5265539e-05
FitFraction B0[D]{psi(3770)0{D0,Dbar0},K*(892)0{K+,pi-}}xB0[D]{psi(4040)0{D0,Dbar0},K*(892)0{K+,pi-}} -4.5399283e-05 0.00077174797
FitFraction B0[D]{psi(3770)0{D0,Dbar0},K*(892)0{K+,pi-}}xB0[S]{psi(3770)0{D0,Dbar0},K*(892)0{K+,pi-}} -4.1304698e-05 0.00069874313
FitFraction B0[S]{psi(4040)0{D0,Dbar0},K*(892)0{K+,pi-}}xB0{NonResS0{D0,Dbar0},K*(892)0{K+,pi-}} -3.8230358e-05 1.9884561e-05
FitFraction B0{psi(3770)0{D0,Dbar0},K(0)*(800)0{K+,pi-}}xB0{psi(4160)0{D0,Dbar0},K(0)*(800)0{K+,pi-}} 3.5535064e-05 0.00018284259
FitFraction B0{D(s2)(2573)+{D0,K+},Dbar0,pi-}xB0{psi(4040)0{D0,Dbar0},K(0)*(800)0{K+,pi-}} -3.4749183e-05 7.6146853e-05
FitFraction B0[D]{psi(4040)0{D0,Dbar0},K*(892)0{K+,pi-}}xB0{NonResS0{D0,Dbar0},K*(892)0{K+,pi-}} 3.4652198e-05 1.659547e-05
FitFraction B0[P]{psi(4415)0{D0,Dbar0},K*(892)0{K+,pi-}}xB0{psi(4415)0{D0,Dbar0},K(0)*(1430)0{K+,pi-}} -3.4492297e-05 5.5495631e-06
FitFraction B0[D]{psi(4040)0{D0,Dbar0},K*(892)0{K+,pi-}}xB0{D(s2)(2573)+{D0,K+},Dbar0,pi-} 2.8926608e-05 5.5792286e-05
FitFraction B0[D]{psi(3770)0{D0,Dbar0},K*(892)0{K+,pi-}}xB0[D]{psi(4160)0{D0,Dbar0},K*(892)0{K+,pi-}} 2.8082273e-05 0.00047994904
FitFraction B0{NonResS0{D0,Dbar0},K*(892)0{K+,pi-}}xB0{psi(4415)0{D0,Dbar0},K(0)*(1430)0{K+,pi-}} 2.7837875e-05 3.6157499e-06
FitFraction B0[D]{psi(4160)0{D0,Dbar0},K*(892)0{K+,pi-}}xB0{D(s2)(2573)+{D0,K+},Dbar0,pi-} 2.737979e-05 3.8699616e-05
FitFraction B0{D(s2)(2573)+{D0,K+},Dbar0,pi-}xB0{psi(4040)0{D0,Dbar0},K(0)*(1430)0{K+,pi-}} 2.5300274e-05 8.7666069e-05
FitFraction B0[P]{psi(4415)0{D0,Dbar0},K*(892)0{K+,pi-}}xB0{K(0)*(800)0{K+,pi-},NonResS0{D0,Dbar0}} -2.3799562e-05 5.5462787e-06
FitFraction B0[D]{psi(4415)0{D0,Dbar0},K*(892)0{K+,pi-}}xB0{psi(4415)0{D0,Dbar0},K(0)*(1430)0{K+,pi-}} 2.3377544e-05 4.1640606e-06
FitFraction B0[P]{psi(4415)0{D0,Dbar0},K*(892)0{K+,pi-}}xB0{NonResS0{D0,Dbar0},K(0)*(1430)0{K+,pi-}} -2.0244476e-05 6.4249791e-06
FitFraction B0{psi(3770)0{D0,Dbar0},K(0)*(800)0{K+,pi-}}xB0{psi(4040)0{D0,Dbar0},K(0)*(1430)0{K+,pi-}} 2.0051514e-05 0.00012007159
FitFraction B0{NonResS0{D0,Dbar0},K(0)*(1430)0{K+,pi-}}xB0{psi(4160)0{D0,Dbar0},K(0)*(1430)0{K+,pi-}} 1.8147135e-05 1.3876502e-05
FitFraction B0{NonResS0{D0,Dbar0},K(0)*(1430)0{K+,pi-}}xB0{psi(4040)0{D0,Dbar0},K(0)*(800)0{K+,pi-}} -1.7814027e-05 7.6265964e-06
FitFraction B0[S]{psi(4160)0{D0,Dbar0},K*(892)0{K+,pi-}}xB0{NonResS0{D0,Dbar0},K*(892)0{K+,pi-}} 1.7708433e-05 5.0106572e-06
FitFraction B0[S]{psi(4160)0{D0,Dbar0},K*(892)0{K+,pi-}}xB0{psi(4415)0{D0,Dbar0},K(0)*(1430)0{K+,pi-}} -1.7402711e-05 4.4996199e-06
FitFraction B0[S]{psi(4415)0{D0,Dbar0},K*(892)0{K+,pi-}}xB0{psi(4415)0{D0,Dbar0},K(0)*(1430)0{K+,pi-}} 1.644422e-05 8.6519283e-06
FitFraction B0{psi(3770)0{D0,Dbar0},K(0)*(1430)0{K+,pi-}}xB0{psi(4040)0{D0,Dbar0},K(0)*(800)0{K+,pi-}} 1.5548812e-05 0.00031721164
FitFraction B0[D]{psi(3770)0{D0,Dbar0},K*(892)0{K+,pi-}}xB0[S]{psi(4160)0{D0,Dbar0},K*(892)0{K+,pi-}} -1.522598e-05 0.00025940961
FitFraction B0[P]{psi(4415)0{D0,Dbar0},K*(892)0{K+,pi-}}xB0[S]{psi(4160)0{D0,Dbar0},K*(892)0{K+,pi-}} 1.4708586e-05 4.236882e-06
FitFraction B0[S]{psi(4160)0{D0,Dbar0},K*(892)0{K+,pi-}}xB0{NonResS0{D0,Dbar0},K(0)*(1430)0{K+,pi-}} -1.4064943e-05 3.7603504e-06
FitFraction B0{NonResS0{D0,Dbar0},K(0)*(1430)0{K+,pi-}}xB0{psi(4415)0{D0,Dbar0},K(0)*(800)0{K+,pi-}} 1.3878664e-05 8.7969467e-06
FitFraction B0{NonResS0{D0,Dbar0},K*(892)0{K+,pi-}}xB0{psi(4040)0{D0,Dbar0},K(0)*(800)0{K+,pi-}} 1.3672322e-05 4.5841875e-06
FitFraction B0[P]{psi(3770)0{D0,Dbar0},K*(892)0{K+,pi-}}xB0{NonResS0{D0,Dbar0},K(0)*(1430)0{K+,pi-}} 1.3615722e-05 1.2157852e-05
FitFraction B0[D]{psi(4415)0{D0,Dbar0},K*(892)0{K+,pi-}}xB0[P]{psi(4040)0{D0,Dbar0},K*(892)0{K+,pi-}} -1.3587643e-05 1.076352e-05
FitFraction B0[S]{psi(4415)0{D0,Dbar0},K*(892)0{K+,pi-}}xB0{NonResS0{D0,Dbar0},K*(892)0{K+,pi-}} 1.3098067e-05 6.880237e-06
FitFraction B0[P]{psi(4040)0{D0,Dbar0},K*(892)0{K+,pi-}}xB0{NonResS0{D0,Dbar0},K*(892)0{K+,pi-}} -1.3003869e-05 4.8539772e-06
FitFraction B0[P]{psi(4415)0{D0,Dbar0},K*(892)0{K+,pi-}}xB0[S]{psi(4040)0{D0,Dbar0},K*(892)0{K+,pi-}} -1.2775309e-05 6.5665905e-06
FitFraction B0[D]{psi(3770)0{D0,Dbar0},K*(892)0{K+,pi-}}xB0[S]{psi(4040)0{D0,Dbar0},K*(892)0{K+,pi-}} 1.2469951e-05 0.00021176648
FitFraction B0[D]{psi(4040)0{D0,Dbar0},K*(892)0{K+,pi-}}xB0[P]{psi(4040)0{D0,Dbar0},K*(892)0{K+,pi-}} -1.2387531e-05 8.6730273e-06
FitFraction B0[S]{psi(4040)0{D0,Dbar0},K*(892)0{K+,pi-}}xB0{D(s2)(2573)+{D0,K+},Dbar0,pi-} 1.1300767e-05 1.0652671e-05
FitFraction B0[D]{psi(4160)0{D0,Dbar0},K*(892)0{K+,pi-}}xB0{psi(4415)0{D0,Dbar0},K(0)*(1430)0{K+,pi-}} -1.1241918e-05 6.199211e-06
FitFraction B0[D]{psi(4415)0{D0,Dbar0},K*(892)0{K+,pi-}}xB0[P]{psi(3770)0{D0,Dbar0},K*(892)0{K+,pi-}} 1.1183087e-05 3.7147503e-06
FitFraction B0[S]{psi(3770)0{D0,Dbar0},K*(892)0{K+,pi-}}xB0{NonResS0{D0,Dbar0},K*(892)0{K+,pi-}} 1.0701083e-05 4.3149757e-06
FitFraction B0[D]{psi(4415)0{D0,Dbar0},K*(892)0{K+,pi-}}xB0{NonResS0{D0,Dbar0},K(0)*(1430)0{K+,pi-}} -1.0344391e-05 7.787762e-06
FitFraction B0[D]{psi(4040)0{D0,Dbar0},K*(892)0{K+,pi-}}xB0[P]{psi(4415)0{D0,Dbar0},K*(892)0{K+,pi-}} -9.7918514e-06 6.6238044e-06
FitFraction B0[D]{psi(4040)0{D0,Dbar0},K*(892)0{K+,pi-}}xB0{psi(4415)0{D0,Dbar0},K(0)*(1430)0{K+,pi-}} 9.7288148e-06 5.5310202e-06
FitFraction B0{psi(3770)0{D0,Dbar0},K(0)*(1430)0{K+,pi-}}xB0{psi(4160)0{D0,Dbar0},K(0)*(800)0{K+,pi-}} -9.2843036e-06 0.00019008281
FitFraction B0[S]{psi(4160)0{D0,Dbar0},K*(892)0{K+,pi-}}xB0{D(s2)(2573)+{D0,K+},Dbar0,pi-} 9.1353421e-06 1.7442841e-05
FitFraction B0{psi(3770)0{D0,Dbar0},K(0)*(800)0{K+,pi-}}xB0{psi(4040)0{D0,Dbar0},K(0)*(800)0{K+,pi-}} -8.9656071e-06 4.6879015e-05
FitFraction B0[P]{psi(4040)0{D0,Dbar0},K*(892)0{K+,pi-}}xB0[S]{psi(4040)0{D0,Dbar0},K*(892)0{K+,pi-}} -8.4773849e-06 7.3089767e-06
FitFraction B0{psi(3770)0{D0,Dbar0},K(0)*(1430)0{K+,pi-}}xB0{psi(4160)0{D0,Dbar0},K(0)*(1430)0{K+,pi-}} -8.1916704e-06 0.00016721944
FitFraction B0[P]{psi(4415)0{D0,Dbar0},K*(892)0{K+,pi-}}xB0{NonResS0{D0,Dbar0},K*(892)0{K+,pi-}} 8.1387768e-06 1.3671046e-06
FitFraction B0{K(0)*(800)0{K+,pi-},NonResS0{D0,Dbar0}}xB0{psi(4415)0{D0,Dbar0},K(0)*(800)0{K+,pi-}} -7.2989391e-06 8.5678855e-06
FitFraction B0{K(0)*(800)0{K+,pi-},NonResS0{D0,Dbar0}}xB0{psi(4160)0{D0,Dbar0},K(0)*(800)0{K+,pi-}} -7.1016316e-06 4.3015092e-06
FitFraction B0[D]{psi(4415)0{D0,Dbar0},K*(892)0{K+,pi-}}xB0{psi(4160)0{D0,Dbar0},K(0)*(800)0{K+,pi-}} -7.0750866e-06 4.0255477e-06
FitFraction B0[P]{psi(4040)0{D0,Dbar0},K*(892)0{K+,pi-}}xB0{NonResS0{D0,Dbar0},K(0)*(1430)0{K+,pi-}} 7.0481508e-06 6.8358831e-06
FitFraction B0{D(s2)(2573)+{D0,K+},Dbar0,pi-}xB0{psi(3770)0{D0,Dbar0},K(0)*(800)0{K+,pi-}} 6.9932979e-06 3.7907407e-05
FitFraction B0[D]{psi(4160)0{D0,Dbar0},K*(892)0{K+,pi-}}xB0[P]{psi(4415)0{D0,Dbar0},K*(892)0{K+,pi-}} 6.9499075e-06 4.1122547e-06
FitFraction B0[S]{psi(4040)0{D0,Dbar0},K*(892)0{K+,pi-}}xB0{K(0)*(800)0{K+,pi-},NonResS0{D0,Dbar0}} -5.9843714e-06 6.4607357e-06
FitFraction B0[D]{psi(4415)0{D0,Dbar0},K*(892)0{K+,pi-}}xB0{K(0)*(800)0{K+,pi-},NonResS0{D0,Dbar0}} 5.5506548e-06 6.9025267e-06
FitFraction B0{K(0)*(800)0{K+,pi-},NonResS0{D0,Dbar0}}xB0{psi(4160)0{D0,Dbar0},K(0)*(1430)0{K+,pi-}} 5.468336e-06 3.7880618e-06
FitFraction B0[S]{psi(3770)0{D0,Dbar0},K*(892)0{K+,pi-}}xB0{psi(4415)0{D0,Dbar0},K(0)*(1430)0{K+,pi-}} 5.2785966e-06 5.8571861e-07
FitFraction B0[D]{psi(3770)0{D0,Dbar0},K*(892)0{K+,pi-}}xB0[S]{psi(4415)0{D0,Dbar0},K*(892)0{K+,pi-}} -4.9964615e-06 8.4961223e-05
FitFraction B0{psi(3770)0{D0,Dbar0},K(0)*(1430)0{K+,pi-}}xB0{psi(4415)0{D0,Dbar0},K(0)*(800)0{K+,pi-}} 4.8037689e-06 9.8627295e-05
FitFraction B0[P]{psi(4415)0{D0,Dbar0},K*(892)0{K+,pi-}}xB0{psi(4160)0{D0,Dbar0},K(0)*(800)0{K+,pi-}} -4.2347465e-06 2.5432565e-06
FitFraction B0{NonResS0{D0,Dbar0},K(0)*(1430)0{K+,pi-}}xB0{psi(4040)0{D0,Dbar0},K(0)*(1430)0{K+,pi-}} -4.0713281e-06 1.406418e-05
FitFraction B0{NonResS0{D0,Dbar0},K*(892)0{K+,pi-}}xB0{psi(4160)0{D0,Dbar0},K(0)*(1430)0{K+,pi-}} -3.9364594e-06 2.824264e-06
FitFraction B0[P]{psi(3770)0{D0,Dbar0},K*(892)0{K+,pi-}}xB0{K(0)*(800)0{K+,pi-},NonResS0{D0,Dbar0}} 3.8413404e-06 6.4256301e-06
FitFraction B0[D]{psi(4160)0{D0,Dbar0},K*(892)0{K+,pi-}}xB0{NonResS0{D0,Dbar0},K*(892)0{K+,pi-}} -3.7164321e-06 2.4301516e-06
FitFraction B0[S]{psi(4160)0{D0,Dbar0},K*(892)0{K+,pi-}}xB0{psi(4040)0{D0,Dbar0},K(0)*(800)0{K+,pi-}} -3.7074163e-06 1.7275908e-06
FitFraction B0[S]{psi(4160)0{D0,Dbar0},K*(892)0{K+,pi-}}xB0{K(0)*(800)0{K+,pi-},NonResS0{D0,Dbar0}} -3.6462656e-06 1.9004357e-06
FitFraction B0[P]{psi(4415)0{D0,Dbar0},K*(892)0{K+,pi-}}xB0{psi(4040)0{D0,Dbar0},K(0)*(800)0{K+,pi-}} 3.4571722e-06 1.3489549e-06
FitFraction B0[S]{psi(3770)0{D0,Dbar0},K*(892)0{K+,pi-}}xB0{NonResS0{D0,Dbar0},K(0)*(1430)0{K+,pi-}} -3.0255777e-06 1.2743716e-06
FitFraction B0[P]{psi(3770)0{D0,Dbar0},K*(892)0{K+,pi-}}xB0[S]{psi(4040)0{D0,Dbar0},K*(892)0{K+,pi-}} -3.0009653e-06 2.3308387e-06
FitFraction B0[S]{psi(3770)0{D0,Dbar0},K*(892)0{K+,pi-}}xB0{D(s2)(2573)+{D0,K+},Dbar0,pi-} -2.9897711e-06 5.2576241e-06
FitFraction B0[P]{psi(3770)0{D0,Dbar0},K*(892)0{K+,pi-}}xB0{NonResS0{D0,Dbar0},K*(892)0{K+,pi-}} 2.9435296e-06 2.0340164e-05
FitFraction B0[P]{psi(4040)0{D0,Dbar0},K*(892)0{K+,pi-}}xB0[S]{psi(4160)0{D0,Dbar0},K*(892)0{K+,pi-}} 2.8834882e-06 3.4095956e-06
FitFraction B0[D]{psi(4040)0{D0,Dbar0},K*(892)0{K+,pi-}}xB0{psi(4040)0{D0,Dbar0},K(0)*(800)0{K+,pi-}} 2.6753687e-06 2.8249162e-06
FitFraction B0[P]{psi(3770)0{D0,Dbar0},K*(892)0{K+,pi-}}xB0[S]{psi(4160)0{D0,Dbar0},K*(892)0{K+,pi-}} 2.6336718e-06 1.2936355e-06
FitFraction B0[D]{psi(4160)0{D0,Dbar0},K*(892)0{K+,pi-}}xB0{K(0)*(800)0{K+,pi-},NonResS0{D0,Dbar0}} 2.3741206e-06 1.4791311e-06
FitFraction B0{D(s2)(2573)+{D0,K+},Dbar0,pi-}xB0{psi(3770)0{D0,Dbar0},K(0)*(1430)0{K+,pi-}} -2.3107136e-06 4.7178583e-05
FitFraction B0[D]{psi(4160)0{D0,Dbar0},K*(892)0{K+,pi-}}xB0{NonResS0{D0,Dbar0},K(0)*(1430)0{K+,pi-}} 2.1007937e-06 1.1744074e-06
FitFraction B0[P]{psi(3770)0{D0,Dbar0},K*(892)0{K+,pi-}}xB0{D(s2)(2573)+{D0,K+},Dbar0,pi-} 2.0888961e-06 1.1923966e-06
FitFraction B0[P]{psi(4040)0{D0,Dbar0},K*(892)0{K+,pi-}}xB0{psi(4160)0{D0,Dbar0},K(0)*(800)0{K+,pi-}} 2.0716292e-06 1.6243036e-06
FitFraction B0{NonResS0{D0,Dbar0},K(0)*(1430)0{K+,pi-}}xB0{psi(3770)0{D0,Dbar0},K(0)*(800)0{K+,pi-}} -2.0571194e-06 1.0727367e-05
FitFraction B0[P]{psi(4040)0{D0,Dbar0},K*(892)0{K+,pi-}}xB0{psi(4160)0{D0,Dbar0},K(0)*(1430)0{K+,pi-}} -1.9730859e-06 1.7359195e-06
FitFraction B0[D]{psi(4040)0{D0,Dbar0},K*(892)0{K+,pi-}}xB0{NonResS0{D0,Dbar0},K(0)*(1430)0{K+,pi-}} 1.933798e-06 1.8253095e-06
FitFraction B0[S]{psi(4040)0{D0,Dbar0},K*(892)0{K+,pi-}}xB0{psi(4160)0{D0,Dbar0},K(0)*(1430)0{K+,pi-}} 1.8987229e-06 1.812912e-06
FitFraction B0[S]{psi(4160)0{D0,Dbar0},K*(892)0{K+,pi-}}xB0{psi(4160)0{D0,Dbar0},K(0)*(800)0{K+,pi-}} -1.888029e-06 1.2193912e-06
FitFraction B0[P]{psi(4040)0{D0,Dbar0},K*(892)0{K+,pi-}}xB0{psi(4040)0{D0,Dbar0},K(0)*(800)0{K+,pi-}} 1.8361946e-06 2.2854931e-06
FitFraction B0[S]{psi(4040)0{D0,Dbar0},K*(892)0{K+,pi-}}xB0{NonResS0{D0,Dbar0},K(0)*(1430)0{K+,pi-}} 1.7824501e-06 1.011187e-05
FitFraction B0[D]{psi(4415)0{D0,Dbar0},K*(892)0{K+,pi-}}xB0{psi(4160)0{D0,Dbar0},K(0)*(1430)0{K+,pi-}} -1.6718139e-06 1.1255454e-06
FitFraction B0[P]{psi(4415)0{D0,Dbar0},K*(892)0{K+,pi-}}xB0[S]{psi(3770)0{D0,Dbar0},K*(892)0{K+,pi-}} 1.6520189e-06 3.2514377e-07
FitFraction B0[D]{psi(4160)0{D0,Dbar0},K*(892)0{K+,pi-}}xB0{psi(4160)0{D0,Dbar0},K(0)*(800)0{K+,pi-}} 1.5886755e-06 1.155222e-06
FitFraction B0[D]{psi(4415)0{D0,Dbar0},K*(892)0{K+,pi-}}xB0{psi(4040)0{D0,Dbar0},K(0)*(1430)0{K+,pi-}} -1.36577e-06 4.677058e-06
FitFraction B0[D]{psi(4415)0{D0,Dbar0},K*(892)0{K+,pi-}}xB0{psi(4040)0{D0,Dbar0},K(0)*(800)0{K+,pi-}} -1.3620153e-06 4.9980768e-07
FitFraction B0[P]{psi(3770)0{D0,Dbar0},K*(892)0{K+,pi-}}xB0{psi(3770)0{D0,Dbar0},K(0)*(800)0{K+,pi-}} -1.3123489e-06 6.7483471e-06
FitFraction B0[D]{psi(4040)0{D0,Dbar0},K*(892)0{K+,pi-}}xB0{psi(4160)0{D0,Dbar0},K(0)*(800)0{K+,pi-}} 1.3051365e-06 9.6964084e-07
FitFraction B0[D]{psi(4040)0{D0,Dbar0},K*(892)0{K+,pi-}}xB0{psi(4160)0{D0,Dbar0},K(0)*(1430)0{K+,pi-}} -1.2902003e-06 1.1288496e-06
FitFraction B0[D]{psi(4040)0{D0,Dbar0},K*(892)0{K+,pi-}}xB0{psi(4040)0{D0,Dbar0},K(0)*(1430)0{K+,pi-}} 1.2791078e-06 4.3867807e-06
FitFraction B0{psi(3770)0{D0,Dbar0},K(0)*(1430)0{K+,pi-}}xB0{psi(4040)0{D0,Dbar0},K(0)*(1430)0{K+,pi-}} 1.1865737e-06 2.4300276e-05
FitFraction B0[S]{psi(4160)0{D0,Dbar0},K*(892)0{K+,pi-}}xB0{psi(4415)0{D0,Dbar0},K(0)*(800)0{K+,pi-}} 1.1722324e-06 8.3900192e-07
FitFraction B0[D]{psi(4415)0{D0,Dbar0},K*(892)0{K+,pi-}}xB0{psi(4415)0{D0,Dbar0},K(0)*(800)0{K+,pi-}} 1.1481643e-06 7.6454291e-07
FitFraction B0[S]{psi(4160)0{D0,Dbar0},K*(892)0{K+,pi-}}xB0{psi(4160)0{D0,Dbar0},K(0)*(1430)0{K+,pi-}} 1.1271505e-06 9.0982371e-07
FitFraction B0[P]{psi(4415)0{D0,Dbar0},K*(892)0{K+,pi-}}xB0[S]{psi(4415)0{D0,Dbar0},K*(892)0{K+,pi-}} 1.1066506e-06 5.7318123e-07
FitFraction B0{NonResS0{D0,Dbar0},K*(892)0{K+,pi-}}xB0{psi(4160)0{D0,Dbar0},K(0)*(800)0{K+,pi-}} -1.1063447e-06 8.0397169e-07
FitFraction B0[P]{psi(4040)0{D0,Dbar0},K*(892)0{K+,pi-}}xB0{D(s2)(2573)+{D0,K+},Dbar0,pi-} 1.0932326e-06 8.2796907e-07
FitFraction B0[P]{psi(4415)0{D0,Dbar0},K*(892)0{K+,pi-}}xB0{psi(4415)0{D0,Dbar0},K(0)*(800)0{K+,pi-}} -1.0757489e-06 6.9794637e-07
FitFraction B0[P]{psi(4040)0{D0,Dbar0},K*(892)0{K+,pi-}}xB0{K(0)*(800)0{K+,pi-},NonResS0{D0,Dbar0}} 1.058484e-06 3.505306e-06
FitFraction B0[S]{psi(3770)0{D0,Dbar0},K*(892)0{K+,pi-}}xB0{K(0)*(800)0{K+,pi-},NonResS0{D0,Dbar0}} -1.0460967e-06 4.4315996e-07
FitFraction B0[D]{psi(4040)0{D0,Dbar0},K*(892)0{K+,pi-}}xB0{K(0)*(800)0{K+,pi-},NonResS0{D0,Dbar0}} 1.0422423e-06 8.9578103e-07
FitFraction B0[S]{psi(4415)0{D0,Dbar0},K*(892)0{K+,pi-}}xB0{psi(4415)0{D0,Dbar0},K(0)*(800)0{K+,pi-}} -1.0337367e-06 8.979516e-07
FitFraction B0[P]{psi(3770)0{D0,Dbar0},K*(892)0{K+,pi-}}xB0{psi(4160)0{D0,Dbar0},K(0)*(1430)0{K+,pi-}} 1.0242739e-06 1.1875933e-06
FitFraction B0[D]{psi(4160)0{D0,Dbar0},K*(892)0{K+,pi-}}xB0[P]{psi(4040)0{D0,Dbar0},K*(892)0{K+,pi-}} 9.7513526e-07 3.5921915e-06
FitFraction B0[S]{psi(4040)0{D0,Dbar0},K*(892)0{K+,pi-}}xB0{psi(4415)0{D0,Dbar0},K(0)*(800)0{K+,pi-}} 9.5926938e-07 8.1377066e-07
FitFraction B0{K(0)*(800)0{K+,pi-},NonResS0{D0,Dbar0}}xB0{NonResS0{D0,Dbar0},K*(892)0{K+,pi-}} 9.3563009e-07 6.7943561e-07
FitFraction B0[S]{psi(4040)0{D0,Dbar0},K*(892)0{K+,pi-}}xB0{psi(4040)0{D0,Dbar0},K(0)*(1430)0{K+,pi-}} -9.3214234e-07 3.2190561e-06
FitFraction B0[P]{psi(4040)0{D0,Dbar0},K*(892)0{K+,pi-}}xB0{psi(4415)0{D0,Dbar0},K(0)*(1430)0{K+,pi-}} -9.0947482e-07 4.041928e-06
FitFraction B0[P]{psi(4040)0{D0,Dbar0},K*(892)0{K+,pi-}}xB0{psi(4040)0{D0,Dbar0},K(0)*(1430)0{K+,pi-}} 9.039855e-07 3.1014015e-06
FitFraction B0[D]{psi(4160)0{D0,Dbar0},K*(892)0{K+,pi-}}xB0{psi(4040)0{D0,Dbar0},K(0)*(800)0{K+,pi-}} -8.6706343e-07 5.6657689e-07
FitFraction B0[P]{psi(4040)0{D0,Dbar0},K*(892)0{K+,pi-}}xB0[S]{psi(4415)0{D0,Dbar0},K*(892)0{K+,pi-}} 8.3521046e-07 1.0084027e-06
FitFraction B0[D]{psi(3770)0{D0,Dbar0},K*(892)0{K+,pi-}}xB0{D(s2)(2573)+{D0,K+},Dbar0,pi-} -7.9641445e-07 1.351092e-05
FitFraction B0[D]{psi(4415)0{D0,Dbar0},K*(892)0{K+,pi-}}xB0{psi(3770)0{D0,Dbar0},K(0)*(800)0{K+,pi-}} -7.9455763e-07 4.154263e-06
FitFraction B0[D]{psi(4160)0{D0,Dbar0},K*(892)0{K+,pi-}}xB0{psi(4160)0{D0,Dbar0},K(0)*(1430)0{K+,pi-}} -7.6586278e-07 7.2129748e-07
FitFraction B0[S]{psi(4040)0{D0,Dbar0},K*(892)0{K+,pi-}}xB0{psi(4415)0{D0,Dbar0},K(0)*(1430)0{K+,pi-}} -7.5195834e-07 4.276515e-06
FitFraction B0{NonResS0{D0,Dbar0},K(0)*(1430)0{K+,pi-}}xB0{NonResS0{D0,Dbar0},K*(892)0{K+,pi-}} -7.3602338e-07 7.5486842e-07
FitFraction B0[D]{psi(4040)0{D0,Dbar0},K*(892)0{K+,pi-}}xB0{psi(4415)0{D0,Dbar0},K(0)*(800)0{K+,pi-}} -7.2685238e-07 6.281834e-07
FitFraction B0{K(0)*(800)0{K+,pi-},NonResS0{D0,Dbar0}}xB0{psi(4040)0{D0,Dbar0},K(0)*(1430)0{K+,pi-}} -7.2226827e-07 2.5389423e-06
FitFraction B0[P]{psi(3770)0{D0,Dbar0},K*(892)0{K+,pi-}}xB0{psi(4415)0{D0,Dbar0},K(0)*(1430)0{K+,pi-}} -7.0124604e-07 2.7928012e-06
FitFraction B0[P]{psi(4040)0{D0,Dbar0},K*(892)0{K+,pi-}}xB0{psi(4415)0{D0,Dbar0},K(0)*(800)0{K+,pi-}} -6.9988773e-07 5.1542264e-07
FitFraction B0[S]{psi(4415)0{D0,Dbar0},K*(892)0{K+,pi-}}xB0{psi(4160)0{D0,Dbar0},K(0)*(800)0{K+,pi-}} -6.4235848e-07 4.8740554e-07
FitFraction B0[S]{psi(4040)0{D0,Dbar0},K*(892)0{K+,pi-}}xB0{psi(4040)0{D0,Dbar0},K(0)*(800)0{K+,pi-}} 6.101583e-07 1.8904474e-06
FitFraction B0{NonResS0{D0,Dbar0},K(0)*(1430)0{K+,pi-}}xB0{psi(4160)0{D0,Dbar0},K(0)*(800)0{K+,pi-}} -5.9445582e-07 1.290903e-06
FitFraction B0[D]{psi(4040)0{D0,Dbar0},K*(892)0{K+,pi-}}xB0[P]{psi(3770)0{D0,Dbar0},K*(892)0{K+,pi-}} 5.7240497e-07 2.8812619e-06
FitFraction B0[S]{psi(4415)0{D0,Dbar0},K*(892)0{K+,pi-}}xB0{psi(4160)0{D0,Dbar0},K(0)*(1430)0{K+,pi-}} 5.5275556e-07 5.0220602e-07
FitFraction B0{psi(3770)0{D0,Dbar0},K(0)*(1430)0{K+,pi-}}xB0{psi(3770)0{D0,Dbar0},K(0)*(800)0{K+,pi-}} -5.470225e-07 1.2122938e-05
FitFraction B0[S]{psi(4415)0{D0,Dbar0},K*(892)0{K+,pi-}}xB0{NonResS0{D0,Dbar0},K(0)*(1430)0{K+,pi-}} -5.3254694e-07 4.5665996e-07
FitFraction B0{NonResS0{D0,Dbar0},K*(892)0{K+,pi-}}xB0{psi(4415)0{D0,Dbar0},K(0)*(800)0{K+,pi-}} -5.3236404e-07 3.9302543e-07
FitFraction B0[P]{psi(4415)0{D0,Dbar0},K*(892)0{K+,pi-}}xB0{D(s2)(2573)+{D0,K+},Dbar0,pi-} -5.0310353e-07 2.5309668e-06
FitFraction B0[P]{psi(3770)0{D0,Dbar0},K*(892)0{K+,pi-}}xB0{psi(4160)0{D0,Dbar0},K(0)*(800)0{K+,pi-}} -4.7714182e-07 3.990472e-07
FitFraction B0[D]{psi(4160)0{D0,Dbar0},K*(892)0{K+,pi-}}xB0[P]{psi(3770)0{D0,Dbar0},K*(892)0{K+,pi-}} 4.3661265e-07 1.5671125e-06
FitFraction B0[S]{psi(3770)0{D0,Dbar0},K*(892)0{K+,pi-}}xB0{psi(3770)0{D0,Dbar0},K(0)*(800)0{K+,pi-}} 4.354559e-07 2.2665005e-06
FitFraction B0{NonResS0{D0,Dbar0},K*(892)0{K+,pi-}}xB0{psi(3770)0{D0,Dbar0},K(0)*(800)0{K+,pi-}} -4.3105315e-07 2.2657726e-06
FitFraction B0[P]{psi(3770)0{D0,Dbar0},K*(892)0{K+,pi-}}xB0[S]{psi(4415)0{D0,Dbar0},K*(892)0{K+,pi-}} 4.2682125e-07 2.9684033e-07
FitFraction B0[D]{psi(4415)0{D0,Dbar0},K*(892)0{K+,pi-}}xB0[P]{psi(4160)0{D0,Dbar0},K*(892)0{K+,pi-}} -4.2436578e-07 4.3898448e-06
FitFraction B0[P]{psi(4415)0{D0,Dbar0},K*(892)0{K+,pi-}}xB0{psi(4040)0{D0,Dbar0},K(0)*(1430)0{K+,pi-}} -4.2221426e-07 1.4531005e-06
FitFraction B0[S]{psi(4415)0{D0,Dbar0},K*(892)0{K+,pi-}}xB0{K(0)*(800)0{K+,pi-},NonResS0{D0,Dbar0}} -3.8937847e-07 5.0047197e-07
FitFraction B0[D]{psi(4040)0{D0,Dbar0},K*(892)0{K+,pi-}}xB0[P]{psi(4160)0{D0,Dbar0},K*(892)0{K+,pi-}} 3.6597456e-07 3.7188719e-06
FitFraction B0[D]{psi(4160)0{D0,Dbar0},K*(892)0{K+,pi-}}xB0[P]{psi(4160)0{D0,Dbar0},K*(892)0{K+,pi-}} -3.4551023e-07 3.4445671e-06
FitFraction B0[D]{psi(4040)0{D0,Dbar0},K*(892)0{K+,pi-}}xB0{psi(3770)0{D0,Dbar0},K(0)*(800)0{K+,pi-}} 3.4294504e-07 1.8006056e-06
FitFraction B0{NonResS0{D0,Dbar0},K(0)*(1430)0{K+,pi-}}xB0{psi(3770)0{D0,Dbar0},K(0)*(1430)0{K+,pi-}} 3.2817897e-07 6.7009032e-06
FitFraction B0[P]{psi(3770)0{D0,Dbar0},K*(892)0{K+,pi-}}xB0{psi(4040)0{D0,Dbar0},K(0)*(1430)0{K+,pi-}} -3.0738747e-07 1.0425633e-06
FitFraction B0[D]{psi(3770)0{D0,Dbar0},K*(892)0{K+,pi-}}xB0{NonResS0{D0,Dbar0},K*(892)0{K+,pi-}} -2.9716403e-07 5.1202809e-06
FitFraction B0{NonResS0{D0,Dbar0},K*(892)0{K+,pi-}}xB0{psi(4040)0{D0,Dbar0},K(0)*(1430)0{K+,pi-}} 2.7704811e-07 1.0237967e-06
FitFraction B0[D]{psi(4160)0{D0,Dbar0},K*(892)0{K+,pi-}}xB0{psi(4415)0{D0,Dbar0},K(0)*(800)0{K+,pi-}} -2.4754571e-07 1.9627746e-07
FitFraction B0[P]{psi(3770)0{D0,Dbar0},K*(892)0{K+,pi-}}xB0{psi(4415)0{D0,Dbar0},K(0)*(800)0{K+,pi-}} 2.2863928e-07 1.5577725e-07
FitFraction B0[S]{psi(3770)0{D0,Dbar0},K*(892)0{K+,pi-}}xB0{psi(4160)0{D0,Dbar0},K(0)*(800)0{K+,pi-}} 2.0037812e-07 1.1584729e-07
FitFraction B0[P]{psi(4160)0{D0,Dbar0},K*(892)0{K+,pi-}}xB0[S]{psi(4040)0{D0,Dbar0},K*(892)0{K+,pi-}} 1.938313e-07 1.9895479e-06
FitFraction B0[P]{psi(4160)0{D0,Dbar0},K*(892)0{K+,pi-}}xB0{NonResS0{D0,Dbar0},K(0)*(1430)0{K+,pi-}} -1.9253866e-07 1.9804089e-06
FitFraction B0[S]{psi(4040)0{D0,Dbar0},K*(892)0{K+,pi-}}xB0{psi(3770)0{D0,Dbar0},K(0)*(800)0{K+,pi-}} -1.803402e-07 9.3661679e-07
FitFraction B0[S]{psi(3770)0{D0,Dbar0},K*(892)0{K+,pi-}}xB0{psi(4040)0{D0,Dbar0},K(0)*(800)0{K+,pi-}} 1.7409643e-07 6.4000627e-08
FitFraction B0[P]{psi(4415)0{D0,Dbar0},K*(892)0{K+,pi-}}xB0{psi(4160)0{D0,Dbar0},K(0)*(1430)0{K+,pi-}} 1.7152815e-07 1.257356e-07
FitFraction B0[D]{psi(4160)0{D0,Dbar0},K*(892)0{K+,pi-}}xB0{psi(4040)0{D0,Dbar0},K(0)*(1430)0{K+,pi-}} -1.7122097e-07 6.041257e-07
FitFraction B0[D]{psi(4160)0{D0,Dbar0},K*(892)0{K+,pi-}}xB0{psi(3770)0{D0,Dbar0},K(0)*(800)0{K+,pi-}} -1.6653951e-07 8.7207763e-07
FitFraction B0{K(0)*(800)0{K+,pi-},NonResS0{D0,Dbar0}}xB0{psi(3770)0{D0,Dbar0},K(0)*(800)0{K+,pi-}} 1.6637076e-07 8.5892712e-07
FitFraction B0[S]{psi(4160)0{D0,Dbar0},K*(892)0{K+,pi-}}xB0{psi(4040)0{D0,Dbar0},K(0)*(1430)0{K+,pi-}} 1.6506074e-07 5.6830396e-07
FitFraction B0[S]{psi(4415)0{D0,Dbar0},K*(892)0{K+,pi-}}xB0{psi(4040)0{D0,Dbar0},K(0)*(800)0{K+,pi-}} 1.6432695e-07 1.0962676e-07
FitFraction B0[S]{psi(3770)0{D0,Dbar0},K*(892)0{K+,pi-}}xB0{psi(4040)0{D0,Dbar0},K(0)*(1430)0{K+,pi-}} 1.5521192e-07 5.3564361e-07
FitFraction B0[P]{psi(3770)0{D0,Dbar0},K*(892)0{K+,pi-}}xB0[P]{psi(4160)0{D0,Dbar0},K*(892)0{K+,pi-}} -1.418787e-07 4.4932407e-05
FitFraction B0[P]{psi(4160)0{D0,Dbar0},K*(892)0{K+,pi-}}xB0{NonResS0{D0,Dbar0},K*(892)0{K+,pi-}} 1.4041224e-07 1.4465853e-06
FitFraction B0[P]{psi(4160)0{D0,Dbar0},K*(892)0{K+,pi-}}xB0{K(0)*(800)0{K+,pi-},NonResS0{D0,Dbar0}} -1.1084401e-07 1.1437128e-06
FitFraction B0[P]{psi(4160)0{D0,Dbar0},K*(892)0{K+,pi-}}xB0{psi(4415)0{D0,Dbar0},K(0)*(1430)0{K+,pi-}} -1.0458334e-07 1.0776312e-06
FitFraction B0[S]{psi(4040)0{D0,Dbar0},K*(892)0{K+,pi-}}xB0{psi(4160)0{D0,Dbar0},K(0)*(800)0{K+,pi-}} -1.0442696e-07 4.0913833e-07
FitFraction B0[P]{psi(3770)0{D0,Dbar0},K*(892)0{K+,pi-}}xB0{psi(4040)0{D0,Dbar0},K(0)*(800)0{K+,pi-}} -1.0240358e-07 1.095278e-06
FitFraction B0{NonResS0{D0,Dbar0},K*(892)0{K+,pi-}}xB0{psi(3770)0{D0,Dbar0},K(0)*(1430)0{K+,pi-}} 1.0040549e-07 2.050814e-06
FitFraction B0[P]{psi(4160)0{D0,Dbar0},K*(892)0{K+,pi-}}xB0{psi(4160)0{D0,Dbar0},K(0)*(1430)0{K+,pi-}} 9.9493511e-08 1.0036078e-06
FitFraction B0[P]{psi(4160)0{D0,Dbar0},K*(892)0{K+,pi-}}xB0{D(s2)(2573)+{D0,K+},Dbar0,pi-} 9.7950889e-08 1.0167323e-06
FitFraction B0[S]{psi(3770)0{D0,Dbar0},K*(892)0{K+,pi-}}xB0{psi(4415)0{D0,Dbar0},K(0)*(800)0{K+,pi-}} -9.3954847e-08 5.9333669e-08
FitFraction B0[P]{psi(4160)0{D0,Dbar0},K*(892)0{K+,pi-}}xB0{psi(4040)0{D0,Dbar0},K(0)*(800)0{K+,pi-}} -8.8365338e-08 9.0531602e-07
FitFraction B0[S]{psi(4415)0{D0,Dbar0},K*(892)0{K+,pi-}}xB0{psi(4040)0{D0,Dbar0},K(0)*(1430)0{K+,pi-}} 8.8311668e-08 3.0521849e-07
FitFraction B0[P]{psi(4040)0{D0,Dbar0},K*(892)0{K+,pi-}}xB0[S]{psi(3770)0{D0,Dbar0},K*(892)0{K+,pi-}} -8.5294517e-08 8.7245381e-07
FitFraction B0[P]{psi(4040)0{D0,Dbar0},K*(892)0{K+,pi-}}xB0{psi(3770)0{D0,Dbar0},K(0)*(800)0{K+,pi-}} 8.0427535e-08 4.153794e-07
FitFraction B0[D]{psi(3770)0{D0,Dbar0},K*(892)0{K+,pi-}}xB0{NonResS0{D0,Dbar0},K(0)*(1430)0{K+,pi-}} -6.5609887e-08 1.1137646e-06
FitFraction B0[D]{psi(3770)0{D0,Dbar0},K*(892)0{K+,pi-}}xB0[P]{psi(4415)0{D0,Dbar0},K*(892)0{K+,pi-}} 6.5100409e-08 1.1040079e-06
FitFraction B0[D]{psi(3770)0{D0,Dbar0},K*(892)0{K+,pi-}}xB0{psi(4415)0{D0,Dbar0},K(0)*(1430)0{K+,pi-}} -6.2384628e-08 1.0511691e-06
FitFraction B0[D]{psi(3770)0{D0,Dbar0},K*(892)0{K+,pi-}}xB0{K(0)*(800)0{K+,pi-},NonResS0{D0,Dbar0}} -5.4424048e-08 9.2164877e-07
FitFraction B0[S]{psi(4415)0{D0,Dbar0},K*(892)0{K+,pi-}}xB0{psi(3770)0{D0,Dbar0},K(0)*(800)0{K+,pi-}} 5.3902589e-08 2.8426426e-07
FitFraction B0[P]{psi(4160)0{D0,Dbar0},K*(892)0{K+,pi-}}xB0[S]{psi(4415)0{D0,Dbar0},K*(892)0{K+,pi-}} -5.3607401e-08 5.5632292e-07
FitFraction B0[D]{psi(3770)0{D0,Dbar0},K*(892)0{K+,pi-}}xB0[P]{psi(3770)0{D0,Dbar0},K*(892)0{K+,pi-}} -4.9386503e-08 8.3531872e-07
FitFraction B0[S]{psi(3770)0{D0,Dbar0},K*(892)0{K+,pi-}}xB0{psi(4160)0{D0,Dbar0},K(0)*(1430)0{K+,pi-}} 4.391651e-08 3.2852652e-08
FitFraction B0[D]{psi(4415)0{D0,Dbar0},K*(892)0{K+,pi-}}xB0{psi(3770)0{D0,Dbar0},K(0)*(1430)0{K+,pi-}} 4.33125e-08 8.8459596e-07
FitFraction B0[P]{psi(4160)0{D0,Dbar0},K*(892)0{K+,pi-}}xB0[S]{psi(4160)0{D0,Dbar0},K*(892)0{K+,pi-}} -4.2338012e-08 4.3472104e-07
FitFraction B0[P]{psi(4160)0{D0,Dbar0},K*(892)0{K+,pi-}}xB0{psi(4160)0{D0,Dbar0},K(0)*(800)0{K+,pi-}} 4.1169624e-08 4.251386e-07
FitFraction B0{K(0)*(800)0{K+,pi-},NonResS0{D0,Dbar0}}xB0{psi(3770)0{D0,Dbar0},K(0)*(1430)0{K+,pi-}} 3.9801003e-08 8.1119785e-07
FitFraction B0[P]{psi(4160)0{D0,Dbar0},K*(892)0{K+,pi-}}xB0[S]{psi(3770)0{D0,Dbar0},K*(892)0{K+,pi-}} -3.7996343e-08 3.8915593e-07
FitFraction B0[S]{psi(3770)0{D0,Dbar0},K*(892)0{K+,pi-}}xB0{psi(3770)0{D0,Dbar0},K(0)*(1430)0{K+,pi-}} 3.1926114e-08 6.5242358e-07
FitFraction B0[P]{psi(4415)0{D0,Dbar0},K*(892)0{K+,pi-}}xB0{psi(3770)0{D0,Dbar0},K(0)*(1430)0{K+,pi-}} 2.9596896e-08 6.0463421e-07
FitFraction B0[P]{psi(3770)0{D0,Dbar0},K*(892)0{K+,pi-}}xB0[S]{psi(3770)0{D0,Dbar0},K*(892)0{K+,pi-}} -2.7686595e-08 6.3830601e-09
FitFraction B0[D]{psi(3770)0{D0,Dbar0},K*(892)0{K+,pi-}}xB0{psi(3770)0{D0,Dbar0},K(0)*(800)0{K+,pi-}} -2.2361614e-08 4.2079013e-07
FitFraction B0[D]{psi(3770)0{D0,Dbar0},K*(892)0{K+,pi-}}xB0{psi(4160)0{D0,Dbar0},K(0)*(800)0{K+,pi-}} -1.3731734e-08 2.3411384e-07
FitFraction B0[D]{psi(3770)0{D0,Dbar0},K*(892)0{K+,pi-}}xB0{psi(4040)0{D0,Dbar0},K(0)*(800)0{K+,pi-}} 1.0739029e-08 1.8859653e-07
FitFraction B0[P]{psi(3770)0{D0,Dbar0},K*(892)0{K+,pi-}}xB0{psi(3770)0{D0,Dbar0},K(0)*(1430)0{K+,pi-}} 9.9157195e-09 2.0823527e-07
FitFraction B0[S]{psi(4160)0{D0,Dbar0},K*(892)0{K+,pi-}}xB0{psi(3770)0{D0,Dbar0},K(0)*(800)0{K+,pi-}} -9.3712636e-09 4.8702019e-08
FitFraction B0[D]{psi(4040)0{D0,Dbar0},K*(892)0{K+,pi-}}xB0{psi(3770)0{D0,Dbar0},K(0)*(1430)0{K+,pi-}} 7.071889e-09 1.4425977e-07
FitFraction B0[P]{psi(4160)0{D0,Dbar0},K*(892)0{K+,pi-}}xB0{psi(4415)0{D0,Dbar0},K(0)*(800)0{K+,pi-}} 6.8973137e-09 7.1312054e-08
FitFraction B0[D]{psi(3770)0{D0,Dbar0},K*(892)0{K+,pi-}}xB0{psi(4415)0{D0,Dbar0},K(0)*(800)0{K+,pi-}} 6.4295089e-09 1.1035213e-07
FitFraction B0[D]{psi(3770)0{D0,Dbar0},K*(892)0{K+,pi-}}xB0{psi(4160)0{D0,Dbar0},K(0)*(1430)0{K+,pi-}} 5.9666334e-09 1.006433e-07
FitFraction B0[P]{psi(4415)0{D0,Dbar0},K*(892)0{K+,pi-}}xB0{psi(3770)0{D0,Dbar0},K(0)*(800)0{K+,pi-}} 3.8093379e-09 1.9820921e-08
FitFraction B0[D]{psi(3770)0{D0,Dbar0},K*(892)0{K+,pi-}}xB0{psi(4040)0{D0,Dbar0},K(0)*(1430)0{K+,pi-}} -3.6889114e-09 6.4597696e-08
FitFraction B0[D]{psi(4160)0{D0,Dbar0},K*(892)0{K+,pi-}}xB0{psi(3770)0{D0,Dbar0},K(0)*(1430)0{K+,pi-}} 2.345686e-09 4.7854835e-08
FitFraction B0[P]{psi(4040)0{D0,Dbar0},K*(892)0{K+,pi-}}xB0{psi(3770)0{D0,Dbar0},K(0)*(1430)0{K+,pi-}} 1.7563508e-09 3.5907857e-08
FitFraction B0[S]{psi(4415)0{D0,Dbar0},K*(892)0{K+,pi-}}xB0{psi(3770)0{D0,Dbar0},K(0)*(1430)0{K+,pi-}} -1.117917e-09 2.2825376e-08
FitFraction B0[S]{psi(4160)0{D0,Dbar0},K*(892)0{K+,pi-}}xB0{psi(3770)0{D0,Dbar0},K(0)*(1430)0{K+,pi-}} -1.0363992e-09 2.1163461e-08
FitFraction B0[P]{psi(4160)0{D0,Dbar0},K*(892)0{K+,pi-}}xB0{psi(3770)0{D0,Dbar0},K(0)*(800)0{K+,pi-}} -9.7833709e-10 1.0960137e-08
FitFraction B0[D]{psi(3770)0{D0,Dbar0},K*(892)0{K+,pi-}}xB0[P]{psi(4040)0{D0,Dbar0},K*(892)0{K+,pi-}} 8.9522721e-10 3.7772078e-08
FitFraction B0[D]{psi(3770)0{D0,Dbar0},K*(892)0{K+,pi-}}xB0[P]{psi(4160)0{D0,Dbar0},K*(892)0{K+,pi-}} -8.8556509e-10 1.6799135e-08
FitFraction B0[P]{psi(4160)0{D0,Dbar0},K*(892)0{K+,pi-}}xB0{psi(4040)0{D0,Dbar0},K(0)*(1430)0{K+,pi-}} 6.3263953e-10 6.7181472e-09
FitFraction B0[D]{psi(3770)0{D0,Dbar0},K*(892)0{K+,pi-}}xB0{psi(3770)0{D0,Dbar0},K(0)*(1430)0{K+,pi-}} 3.3020906e-10 9.3570484e-09
FitFraction B0[S]{psi(4040)0{D0,Dbar0},K*(892)0{K+,pi-}}xB0{psi(3770)0{D0,Dbar0},K(0)*(1430)0{K+,pi-}} -2.7815563e-10 7.5797562e-09
FitFraction B0[P]{psi(4160)0{D0,Dbar0},K*(892)0{K+,pi-}}xB0{psi(3770)0{D0,Dbar0},K(0)*(1430)0{K+,pi-}} -2.5766353e-10 5.8141505e-09
FitFraction Sum_B0_interference 0.066669179 0.021460644
End Log
